# 2025-08-30 18:43:34 -04: Reading parameter file '/home/pestobar/Activities/irace-test-executions/ACOTSP/Scenarios/BH-90/Runs/BH-90_seed_2314/parameters.txt'.
# 2025-08-30 18:43:34 -04: 1 expression(s) specifying forbidden configurations read.
# 2025-08-30 18:43:34 -04: Initialization
# Elitist race
# Elitist new instances: 1
# Elitist limit: 2
# nbIterations: 5
# minNbSurvival: 5
# nbParameters: 11
# seed: 2314
# confidence level: 0.95
# budget: 5500
# mu: 5
# deterministic: FALSE

# 2025-08-30 18:43:34 -04: Iteration 1 of 5
# experimentsUsed: 0
# remainingBudget: 5500
# currentBudget: 1100
# nbConfigurations: 90
# Markers:
     x No test is performed.
     c Configurations are discarded only due to capping.
     - The test is performed and some configurations are discarded.
     = The test is performed but no configuration is discarded.
     ! The test is performed and configurations could be discarded but elite configurations are preserved.
     . All alive configurations are elite and nothing is discarded.

+-+-----------+-----------+-----------+----------------+-----------+--------+-----+----+------+
| |   Instance|      Alive|       Best|       Mean best| Exp so far|  W time|  rho|KenW|  Qvar|
+-+-----------+-----------+-----------+----------------+-----------+--------+-----+----+------+
|x|          1|         90|         57|     32744901.00|         90|00:02:47|   NA|  NA|    NA|
|x|          2|         90|         57|     32759152.00|        180|00:02:46|+0.98|0.99|0.0019|
|x|          3|         90|         57|     32847729.00|        270|00:02:46|+0.98|0.99|0.0013|
|x|          4|         90|         57|     32811676.75|        360|00:02:46|+0.98|0.98|0.0012|
|-|          5|          6|         57|     32746245.20|        450|00:02:47|+0.13|0.31|0.6386|
|=|          6|          6|         57|     32760151.83|        456|00:00:27|+0.10|0.25|0.7300|
|=|          7|          6|         57|     32777405.71|        462|00:00:27|+0.07|0.20|0.7199|
+-+-----------+-----------+-----------+----------------+-----------+--------+-----+----+------+
Best-so-far configuration:          57    mean value:      32777405.71
Description of the best-so-far configuration:
   .ID. algorithm localsearch alpha beta  rho ants q0 rasrank elitistants nnls
57   57       eas           3   2.4 0.34 0.61   47 NA      NA          14   10
   dlb .PARENT.
57   0       NA

# 2025-08-30 18:58:23 -04: Elite configurations (first number is the configuration ID; listed from best to worst according to the sum of ranks):
   algorithm localsearch alpha beta  rho ants   q0 rasrank elitistants nnls dlb
57       eas           3  2.40 0.34 0.61   47   NA      NA          14   10   0
23       acs           3  4.36 3.31 0.56   22 0.75      NA          NA   11   1
48      mmas           3  4.75 8.15 0.27   86   NA      NA          NA   23   1
49       ras           3  3.97 2.21 0.80   89   NA      77          NA   30   0
64       acs           3  3.03 6.59 0.24   59 0.49      NA          NA   27   0
# 2025-08-30 18:58:23 -04: Iteration 2 of 5
# experimentsUsed: 462
# remainingBudget: 5038
# currentBudget: 1259
# nbConfigurations: 90
# Markers:
     x No test is performed.
     c Configurations are discarded only due to capping.
     - The test is performed and some configurations are discarded.
     = The test is performed but no configuration is discarded.
     ! The test is performed and configurations could be discarded but elite configurations are preserved.
     . All alive configurations are elite and nothing is discarded.

+-+-----------+-----------+-----------+----------------+-----------+--------+-----+----+------+
| |   Instance|      Alive|       Best|       Mean best| Exp so far|  W time|  rho|KenW|  Qvar|
+-+-----------+-----------+-----------+----------------+-----------+--------+-----+----+------+
|x|          8|         90|        172|     32570281.00|         90|00:02:32|   NA|  NA|    NA|
|x|          4|         90|        175|     32614301.50|        175|00:02:20|+0.97|0.98|0.0015|
|x|          6|         90|        175|     32683318.67|        260|00:02:20|+0.96|0.97|0.0016|
|x|          1|         90|        131|     32714266.75|        345|00:02:21|+0.96|0.97|0.0013|
|-|          7|          8|        131|     32742118.60|        430|00:02:18|+0.06|0.25|0.7843|
|=|          5|          8|        131|     32678557.67|        433|00:00:10|+0.03|0.20|0.8525|
|=|          2|          8|        131|     32689373.86|        436|00:00:10|+0.08|0.21|0.8049|
|=|          3|          8|        131|     32729609.50|        439|00:00:10|+0.07|0.19|0.7893|
|=|          9|          8|        131|     32725997.56|        447|00:00:26|+0.12|0.22|0.7601|
+-+-----------+-----------+-----------+----------------+-----------+--------+-----+----+------+
Best-so-far configuration:         131    mean value:      32725997.56
Description of the best-so-far configuration:
    .ID. algorithm localsearch alpha beta  rho ants   q0 rasrank elitistants
131  131       acs           3  3.78 5.59 0.37   22 0.54      NA          NA
    nnls dlb .PARENT.
131   26   1       48

# 2025-08-30 19:11:15 -04: Elite configurations (first number is the configuration ID; listed from best to worst according to the sum of ranks):
    algorithm localsearch alpha beta  rho ants   q0 rasrank elitistants nnls
131       acs           3  3.78 5.59 0.37   22 0.54      NA          NA   26
175       acs           3  3.32 3.53 0.27   19 0.82      NA          NA   26
57        eas           3  2.40 0.34 0.61   47   NA      NA          14   10
48       mmas           3  4.75 8.15 0.27   86   NA      NA          NA   23
124       acs           3  4.25 0.94 0.92   31 0.92      NA          NA   11
    dlb
131   1
175   1
57    0
48    1
124   1
# 2025-08-30 19:11:15 -04: Iteration 3 of 5
# experimentsUsed: 909
# remainingBudget: 4591
# currentBudget: 1530
# nbConfigurations: 90
# Markers:
     x No test is performed.
     c Configurations are discarded only due to capping.
     - The test is performed and some configurations are discarded.
     = The test is performed but no configuration is discarded.
     ! The test is performed and configurations could be discarded but elite configurations are preserved.
     . All alive configurations are elite and nothing is discarded.

+-+-----------+-----------+-----------+----------------+-----------+--------+-----+----+------+
| |   Instance|      Alive|       Best|       Mean best| Exp so far|  W time|  rho|KenW|  Qvar|
+-+-----------+-----------+-----------+----------------+-----------+--------+-----+----+------+
|x|         10|         90|        222|     32647172.00|         90|00:02:34|   NA|  NA|    NA|
|x|          5|         90|        230|     32495677.50|        175|00:02:30|+0.89|0.95|0.0066|
|x|          3|         90|        247|     32685872.00|        260|00:02:31|+0.90|0.94|0.0046|
|x|          9|         90|        194|     32649972.50|        345|00:02:27|+0.91|0.93|0.0039|
|-|          1|         13|        194|     32659807.20|        430|00:02:29|+0.44|0.55|0.5598|
|-|          7|         11|        194|     32675453.67|        438|00:00:22|+0.47|0.55|0.4837|
|!|          2|         11|        194|     32686321.00|        444|00:00:22|+0.42|0.50|0.5018|
|!|          6|         11|        194|     32698033.00|        450|00:00:20|+0.39|0.46|0.5342|
|-|          8|         10|        194|     32680910.56|        456|00:00:22|+0.48|0.53|0.4888|
|-|          4|          4|        194|     32676807.70|        461|00:00:22|+0.12|0.21|0.6469|
+-+-----------+-----------+-----------+----------------+-----------+--------+-----+----+------+
Best-so-far configuration:         194    mean value:      32676807.70
Description of the best-so-far configuration:
    .ID. algorithm localsearch alpha beta  rho ants   q0 rasrank elitistants
194  194       acs           3  3.07  6.9 0.33   53 0.48      NA          NA
    nnls dlb .PARENT.
194   23   1      131

# 2025-08-30 19:25:39 -04: Elite configurations (first number is the configuration ID; listed from best to worst according to the sum of ranks):
    algorithm localsearch alpha beta  rho ants   q0 rasrank elitistants nnls
194       acs           3  3.07 6.90 0.33   53 0.48      NA          NA   23
216       acs           3  4.69 6.44 0.16   57 0.72      NA          NA   21
247       acs           3  1.88 1.42 0.80   49 0.86      NA          NA   20
248       acs           3  2.73 6.83 0.09   43 0.86      NA          NA   28
    dlb
194   1
216   1
247   1
248   1
# 2025-08-30 19:25:39 -04: Iteration 4 of 5
# experimentsUsed: 1370
# remainingBudget: 4130
# currentBudget: 2065
# nbConfigurations: 90
# Markers:
     x No test is performed.
     c Configurations are discarded only due to capping.
     - The test is performed and some configurations are discarded.
     = The test is performed but no configuration is discarded.
     ! The test is performed and configurations could be discarded but elite configurations are preserved.
     . All alive configurations are elite and nothing is discarded.

+-+-----------+-----------+-----------+----------------+-----------+--------+-----+----+------+
| |   Instance|      Alive|       Best|       Mean best| Exp so far|  W time|  rho|KenW|  Qvar|
+-+-----------+-----------+-----------+----------------+-----------+--------+-----+----+------+
|x|         11|         90|        216|     32575762.00|         90|00:01:54|   NA|  NA|    NA|
|x|         10|         90|        289|     32647186.50|        176|00:01:50|+0.87|0.93|0.0054|
|x|          1|         90|        334|     32665242.00|        262|00:01:52|+0.88|0.92|0.0053|
|x|          4|         90|        334|     32651572.25|        348|00:01:51|+0.89|0.91|0.0049|
|-|          3|         18|        334|     32726187.00|        434|00:01:50|-0.14|0.08|1.1017|
|=|          8|         18|        194|     32706496.83|        448|00:00:20|-0.07|0.10|1.0263|
|=|          6|         18|        194|     32716999.71|        462|00:00:20|-0.06|0.09|1.0018|
|=|          5|         18|        275|     32672808.50|        476|00:00:20|-0.02|0.11|0.9735|
|=|          7|         18|        275|     32683512.22|        490|00:00:20|+0.01|0.12|0.9402|
|=|          9|         18|        194|     32675029.50|        504|00:00:20|+0.04|0.13|0.9090|
|=|          2|         18|        216|     32681114.09|        518|00:00:20|+0.05|0.14|0.8936|
|-|         12|         12|        216|     32681647.08|        536|00:00:20|-0.06|0.02|0.9705|
|=|         13|         12|        216|     32707778.69|        548|00:00:20|-0.05|0.03|0.9579|
|=|         14|         12|        216|     32688427.36|        560|00:00:20|-0.04|0.03|0.9476|
+-+-----------+-----------+-----------+----------------+-----------+--------+-----+----+------+
Best-so-far configuration:         216    mean value:      32688427.36
Description of the best-so-far configuration:
    .ID. algorithm localsearch alpha beta  rho ants   q0 rasrank elitistants
216  216       acs           3  4.69 6.44 0.16   57 0.72      NA          NA
    nnls dlb .PARENT.
216   21   1       48

# 2025-08-30 19:38:06 -04: Elite configurations (first number is the configuration ID; listed from best to worst according to the sum of ranks):
    algorithm localsearch alpha beta  rho ants   q0 rasrank elitistants nnls
216       acs           3  4.69 6.44 0.16   57 0.72      NA          NA   21
334       acs           3  2.72 8.65 0.27   49 0.48      NA          NA   16
332       acs           3  1.51 2.70 1.00   43 0.79      NA          NA   24
194       acs           3  3.07 6.90 0.33   53 0.48      NA          NA   23
247       acs           3  1.88 1.42 0.80   49 0.86      NA          NA   20
    dlb
216   1
334   1
332   1
194   1
247   1
# 2025-08-30 19:38:06 -04: Iteration 5 of 5
# experimentsUsed: 1930
# remainingBudget: 3570
# currentBudget: 3570
# nbConfigurations: 90
# Markers:
     x No test is performed.
     c Configurations are discarded only due to capping.
     - The test is performed and some configurations are discarded.
     = The test is performed but no configuration is discarded.
     ! The test is performed and configurations could be discarded but elite configurations are preserved.
     . All alive configurations are elite and nothing is discarded.

+-+-----------+-----------+-----------+----------------+-----------+--------+-----+----+------+
| |   Instance|      Alive|       Best|       Mean best| Exp so far|  W time|  rho|KenW|  Qvar|
+-+-----------+-----------+-----------+----------------+-----------+--------+-----+----+------+
|x|         15|         90|        381|     32242157.00|         90|00:01:44|   NA|  NA|    NA|
|x|          7|         90|        358|     32507973.50|        175|00:01:33|+0.75|0.87|0.0780|
|x|          2|         90|        358|     32578311.67|        260|00:01:34|+0.76|0.84|0.0696|
|x|          1|         90|        371|     32604375.75|        345|00:01:34|+0.77|0.82|0.0731|
|-|          6|         23|        428|     32624325.80|        430|00:01:34|-0.01|0.19|0.9750|
|=|          5|         23|        428|     32568771.67|        448|00:00:20|+0.04|0.20|0.9390|
|=|         11|         23|        428|     32572402.14|        466|00:00:20|+0.04|0.17|0.9301|
|=|          4|         23|        428|     32572328.62|        484|00:00:20|+0.07|0.18|0.9077|
|-|         13|         15|        428|     32626468.56|        502|00:00:20|+0.13|0.22|0.8418|
|-|          8|         13|        428|     32619207.40|        512|00:00:10|+0.17|0.25|0.8125|
|!|          9|         13|        428|     32625326.18|        520|00:00:10|+0.10|0.19|0.8640|
|!|          3|         13|        428|     32655090.08|        528|00:00:10|+0.11|0.18|0.8740|
|!|         12|         13|        428|     32658439.46|        536|00:00:10|+0.09|0.16|0.8718|
|-|         10|         12|        428|     32660572.21|        544|00:00:10|+0.11|0.17|0.8545|
|-|         14|          7|        428|     32646830.20|        551|00:00:10|-0.05|0.02|0.9050|
|=|         16|          7|        428|     32653262.75|        558|00:00:10|-0.04|0.02|0.8956|
|=|         17|          7|        428|     32664763.65|        565|00:00:10|-0.04|0.02|0.8877|
+-+-----------+-----------+-----------+----------------+-----------+--------+-----+----+------+
Best-so-far configuration:         428    mean value:      32664763.65
Description of the best-so-far configuration:
    .ID. algorithm localsearch alpha beta  rho ants   q0 rasrank elitistants
428  428       acs           3  2.63 8.34 0.29   45 0.59      NA          NA
    nnls dlb .PARENT.
428   15   1      334

# 2025-08-30 19:48:55 -04: Elite configurations (first number is the configuration ID; listed from best to worst according to the sum of ranks):
    algorithm localsearch alpha beta  rho ants   q0 rasrank elitistants nnls
428       acs           3  2.63 8.34 0.29   45 0.59      NA          NA   15
377       acs           3  3.34 7.07 0.35   53 0.59      NA          NA   18
408       acs           3  2.91 7.16 0.30   50 0.09      NA          NA   12
362       acs           3  2.60 2.96 0.76   65 0.65      NA          NA   15
374       acs           3  2.57 8.07 0.34   45 0.34      NA          NA   14
    dlb
428   1
377   1
408   1
362   1
374   1
# 2025-08-30 19:48:55 -04: Iteration 6 of 6
# experimentsUsed: 2495
# remainingBudget: 3005
# currentBudget: 3005
# nbConfigurations: 90
# Markers:
     x No test is performed.
     c Configurations are discarded only due to capping.
     - The test is performed and some configurations are discarded.
     = The test is performed but no configuration is discarded.
     ! The test is performed and configurations could be discarded but elite configurations are preserved.
     . All alive configurations are elite and nothing is discarded.

+-+-----------+-----------+-----------+----------------+-----------+--------+-----+----+------+
| |   Instance|      Alive|       Best|       Mean best| Exp so far|  W time|  rho|KenW|  Qvar|
+-+-----------+-----------+-----------+----------------+-----------+--------+-----+----+------+
|x|         18|         90|        453|     32134676.00|         90|00:01:39|   NA|  NA|    NA|
|x|         13|         90|        453|     32583716.00|        175|00:01:33|+0.37|0.69|0.0023|
|x|          6|         90|        499|     32641339.67|        260|00:01:33|+0.41|0.61|0.0023|
|x|         14|         90|        470|     32589180.50|        345|00:01:33|+0.35|0.51|0.0024|
|-|         11|         40|        470|     32589455.00|        430|00:01:33|-0.09|0.13|1.0584|
|=|          4|         40|        461|     32582619.83|        465|00:00:41|-0.05|0.13|1.0129|
|=|         15|         40|        374|     32545639.43|        500|00:00:41|-0.04|0.11|1.0018|
|=|          8|         40|        461|     32546302.88|        535|00:00:41|-0.03|0.10|0.9925|
|=|          3|         40|        470|     32596047.67|        570|00:00:41|-0.01|0.10|0.9716|
|=|          1|         40|        487|     32608387.30|        605|00:00:41|-0.01|0.09|0.9725|
|=|         16|         40|        487|     32616893.00|        640|00:00:41|+0.01|0.10|0.9575|
|=|         10|         40|        377|     32622889.92|        675|00:00:41|+0.03|0.11|0.9397|
|-|          2|         27|        377|     32624620.77|        710|00:00:41|-0.03|0.05|0.9812|
|=|          7|         27|        487|     32632991.86|        732|00:00:31|-0.03|0.04|0.9813|
|=|         12|         27|        487|     32635524.40|        754|00:00:31|-0.02|0.05|0.9723|
|=|          5|         27|        487|     32614162.44|        776|00:00:31|-0.01|0.05|0.9679|
|=|          9|         27|        487|     32615967.76|        798|00:00:31|-0.01|0.05|0.9625|
|=|         17|         27|        487|     32629640.67|        820|00:00:31|-0.01|0.05|0.9553|
|=|         19|         27|        487|     32630872.11|        847|00:00:31|-0.01|0.04|0.9651|
+-+-----------+-----------+-----------+----------------+-----------+--------+-----+----+------+
Best-so-far configuration:         487    mean value:      32630872.11
Description of the best-so-far configuration:
    .ID. algorithm localsearch alpha beta  rho ants   q0 rasrank elitistants
487  487       acs           3  2.69 3.67 0.79   63 0.54      NA          NA
    nnls dlb .PARENT.
487   13   1      362

# 2025-08-30 20:05:31 -04: Elite configurations (first number is the configuration ID; listed from best to worst according to the sum of ranks):
    algorithm localsearch alpha beta  rho ants   q0 rasrank elitistants nnls
487       acs           3  2.69 3.67 0.79   63 0.54      NA          NA   13
408       acs           3  2.91 7.16 0.30   50 0.09      NA          NA   12
441       acs           3  2.87 7.56 0.46   53 0.70      NA          NA   17
509       acs           3  3.07 7.38 0.32   55 0.71      NA          NA   19
459       acs           3  3.31 7.49 0.37   53 0.07      NA          NA   15
    dlb
487   1
408   1
441   1
509   1
459   1
# 2025-08-30 20:05:31 -04: Iteration 7 of 7
# experimentsUsed: 3342
# remainingBudget: 2158
# currentBudget: 2158
# nbConfigurations: 90
# Markers:
     x No test is performed.
     c Configurations are discarded only due to capping.
     - The test is performed and some configurations are discarded.
     = The test is performed but no configuration is discarded.
     ! The test is performed and configurations could be discarded but elite configurations are preserved.
     . All alive configurations are elite and nothing is discarded.

+-+-----------+-----------+-----------+----------------+-----------+--------+-----+----+------+
| |   Instance|      Alive|       Best|       Mean best| Exp so far|  W time|  rho|KenW|  Qvar|
+-+-----------+-----------+-----------+----------------+-----------+--------+-----+----+------+
|x|         20|         90|        487|     32708475.00|         90|00:01:33|   NA|  NA|    NA|
|x|         13|         90|        459|     32897220.50|        175|00:01:33|+0.01|0.50|0.9266|
|x|          1|         90|        459|     32822210.00|        260|00:01:33|+0.12|0.41|0.8412|
|x|         14|         90|        536|     32720822.25|        345|00:01:33|+0.13|0.35|0.8381|
|-|          8|         66|        459|     32690646.40|        430|00:01:33|-0.10|0.12|1.0727|
|=|         18|         66|        536|     32597785.67|        491|00:01:12|-0.07|0.11|1.0378|
|=|         10|         66|        536|     32600309.57|        552|00:01:12|-0.03|0.12|0.9992|
|=|          7|         66|        536|     32624050.75|        613|00:01:12|-0.03|0.10|0.9987|
|=|          4|         66|        570|     32620967.89|        674|00:01:12|-0.03|0.09|0.9922|
|=|          9|         66|        570|     32621333.60|        735|00:01:12|+0.00|0.10|0.9695|
|=|         19|         66|        570|     32619058.45|        796|00:01:12|-0.00|0.09|0.9723|
|=|          6|         66|        570|     32630831.75|        857|00:01:12|+0.01|0.09|0.9659|
|=|         12|         66|        487|     32639941.08|        918|00:01:12|+0.01|0.09|0.9616|
|-|         11|         45|        487|     32637819.21|        979|00:01:12|-0.03|0.04|0.9979|
|=|          3|         45|        487|     32658537.87|       1019|00:00:41|-0.01|0.05|0.9845|
|=|         15|         45|        487|     32636161.88|       1059|00:00:41|-0.00|0.06|0.9728|
|=|          5|         45|        487|     32616019.00|       1099|00:00:41|+0.01|0.07|0.9635|
|=|          2|         45|        487|     32618389.72|       1139|00:00:41|+0.01|0.07|0.9612|
|=|         16|         45|        487|     32622787.63|       1179|00:00:41|+0.02|0.07|0.9554|
|-|         17|         23|        575|     32635586.35|       1219|00:00:41|-0.01|0.04|0.9644|
|=|         21|         23|        575|     32638515.00|       1242|00:00:31|-0.02|0.03|0.9704|
|=|         22|         23|        520|     32635577.55|       1265|00:00:31|-0.01|0.04|0.9631|
+-+-----------+-----------+-----------+----------------+-----------+--------+-----+----+------+
Best-so-far configuration:         520    mean value:      32635577.55
Description of the best-so-far configuration:
    .ID. algorithm localsearch alpha beta  rho ants  q0 rasrank elitistants
520  520       acs           3  3.15 7.67 0.37   50 0.1      NA          NA
    nnls dlb .PARENT.
520   15   1      408

# 2025-08-30 20:29:30 -04: Elite configurations (first number is the configuration ID; listed from best to worst according to the sum of ranks):
    algorithm localsearch alpha beta  rho ants   q0 rasrank elitistants nnls
520       acs           3  3.15 7.67 0.37   50 0.10      NA          NA   15
575       acs           3  3.25 7.34 0.30   49 0.11      NA          NA   10
487       acs           3  2.69 3.67 0.79   63 0.54      NA          NA   13
545       acs           3  2.56 3.88 0.79   68 0.62      NA          NA   12
570       acs           3  2.80 7.19 0.28   49 0.01      NA          NA   12
    dlb
520   1
575   1
487   1
545   1
570   1
# 2025-08-30 20:29:30 -04: Stopped because there is not enough budget to enforce the value of nbConfigurations.
# Iteration: 8
# nbIterations: 8
# experimentsUsed: 4607
# timeUsed: 0
# remainingBudget: 893
# currentBudget: 893
# number of elites: 5
# nbConfigurations: 43
# Total CPU user time: 54432.01, CPU sys time: 323.022, Wall-clock time: 6355.733
# 2025-08-30 20:29:30 -04: Starting post-selection:
# Configurations selected: 520, 575, 487, 545, 570, 408, 441, 509, 459, 428, 377, 362, 374, 216, 334, 332.
# Pending instances: 1, 1, 1, 1, 1, 1, 1, 1, 1, 4, 4, 4, 4, 8, 8, 8.
# 2025-08-30 20:29:30 -04: seed: 2314
# Configurations: 16
# Available experiments: 893
# minSurvival: 1
# Markers:
     x No test is performed.
     c Configurations are discarded only due to capping.
     - The test is performed and some configurations are discarded.
     = The test is performed but no configuration is discarded.
     ! The test is performed and configurations could be discarded but elite configurations are preserved.
     . All alive configurations are elite and nothing is discarded.

+-+-----------+-----------+-----------+----------------+-----------+--------+-----+----+------+
| |   Instance|      Alive|       Best|       Mean best| Exp so far|  W time|  rho|KenW|  Qvar|
+-+-----------+-----------+-----------+----------------+-----------+--------+-----+----+------+
|x|         22|         16|        520|     32583263.00|          7|00:00:10|   NA|  NA|    NA|
|.|         11|         16|        520|     32571285.50|          7|00:00:00|+0.26|0.63|0.7537|
|x|         18|         16|        374|     32452533.33|         10|00:00:10|-0.10|0.26|1.0855|
|.|          9|         16|        374|     32497214.75|         10|00:00:00|-0.04|0.22|1.0264|
|x|         19|         16|        374|     32526966.00|         13|00:00:10|-0.10|0.12|1.0517|
|.|          3|         16|        374|     32607422.00|         13|00:00:00|-0.09|0.09|1.0364|
|x|         21|         16|        545|     32615688.14|         20|00:00:10|-0.06|0.09|1.0000|
|.|          7|         16|        545|     32627165.12|         20|00:00:00|-0.01|0.12|0.9702|
|.|          5|         16|        545|     32590144.22|         20|00:00:00|+0.00|0.11|0.9540|
|.|          2|         16|        545|     32601548.10|         20|00:00:00|-0.01|0.09|0.9625|
|.|         12|         16|        545|     32609457.36|         20|00:00:00|-0.00|0.09|0.9674|
|.|          1|         16|        545|     32615609.92|         20|00:00:00|-0.01|0.08|0.9645|
|x|         20|         16|        545|     32625807.08|         27|00:00:10|+0.00|0.08|0.9428|
|.|          6|         16|        545|     32632473.07|         27|00:00:00|+0.02|0.09|0.9219|
|x|         17|         16|        545|     32643089.00|         30|00:00:10|+0.04|0.10|0.9012|
|.|         14|         16|        545|     32628547.12|         30|00:00:00|+0.05|0.11|0.8925|
|.|         15|         16|        545|     32609853.35|         30|00:00:00|+0.06|0.12|0.8745|
|.|         10|         16|        545|     32616316.06|         30|00:00:00|+0.05|0.11|0.8853|
|x|         16|         16|        520|     32619940.95|         33|00:00:10|+0.06|0.11|0.8779|
|.|          8|         16|        520|     32613091.25|         33|00:00:00|+0.08|0.12|0.8604|
|.|         13|         16|        520|     32635050.10|         33|00:00:00|+0.06|0.11|0.8780|
|.|          4|         16|        520|     32635577.55|         33|00:00:00|+0.06|0.10|0.8817|
|-|         23|         12|        575|     32646293.65|         49|00:00:20|-0.01|0.03|0.9206|
|=|         24|         12|        575|     32633986.71|         61|00:00:20|-0.01|0.03|0.9179|
|=|         25|         12|        575|     32613004.24|         73|00:00:20|-0.00|0.04|0.9170|
|=|         26|         12|        575|     32597903.65|         85|00:00:20|-0.00|0.04|0.9149|
|=|         27|         12|        575|     32596214.22|         97|00:00:20|+0.00|0.04|0.9138|
|=|         28|         12|        575|     32585060.25|        109|00:00:20|+0.01|0.04|0.9071|
|=|         29|         12|        575|     32586491.79|        121|00:00:20|+0.01|0.05|0.9006|
|=|         30|         12|        575|     32589192.80|        133|00:00:20|+0.01|0.04|0.9003|
|=|         31|         12|        575|     32604441.65|        145|00:00:20|+0.01|0.04|0.9022|
|=|         32|         12|        575|     32600401.69|        157|00:00:20|+0.02|0.05|0.8940|
|=|         33|         12|        575|     32598288.48|        169|00:00:20|+0.02|0.05|0.8906|
|-|         34|          7|        575|     32596089.88|        181|00:00:20|-0.00|0.03|0.8618|
|=|         35|          7|        575|     32584942.20|        188|00:00:10|-0.00|0.03|0.8622|
|=|         36|          7|        575|     32590252.69|        195|00:00:10|-0.00|0.03|0.8614|
|=|         37|          7|        575|     32586243.68|        202|00:00:10|+0.00|0.03|0.8608|
|=|         38|          7|        575|     32584404.92|        209|00:00:10|+0.00|0.03|0.8612|
|=|         39|          7|        575|     32583987.28|        216|00:00:10|+0.00|0.03|0.8589|
|=|         40|          7|        575|     32582234.27|        223|00:00:10|-0.00|0.02|0.8615|
|=|         41|          7|        575|     32580922.17|        230|00:00:10|-0.01|0.02|0.8641|
|=|         42|          7|        575|     32574186.62|        237|00:00:10|-0.00|0.02|0.8605|
|=|         43|          7|        575|     32572543.40|        244|00:00:10|-0.00|0.02|0.8611|
|=|         44|          7|        575|     32579559.77|        251|00:00:10|-0.01|0.02|0.8636|
|=|         45|          7|        575|     32578200.27|        258|00:00:10|-0.01|0.02|0.8639|
|=|         46|          7|        575|     32572532.91|        265|00:00:10|-0.01|0.01|0.8629|
|=|         47|          7|        575|     32573253.19|        272|00:00:10|-0.01|0.01|0.8643|
|=|         48|          7|        575|     32572872.62|        279|00:00:10|-0.01|0.02|0.8612|
|=|         49|          7|        575|     32573775.94|        286|00:00:10|-0.01|0.01|0.8638|
|=|         50|          7|        575|     32578317.20|        293|00:00:10|-0.01|0.01|0.8620|
|=|         51|          7|        575|     32582968.43|        300|00:00:10|-0.01|0.01|0.8613|
|=|         52|          7|        575|     32588552.94|        307|00:00:10|-0.00|0.02|0.8595|
|=|         53|          7|        575|     32594473.72|        314|00:00:10|-0.00|0.01|0.8608|
|=|         54|          7|        575|     32595446.20|        321|00:00:10|-0.00|0.01|0.8610|
|=|         55|          7|        575|     32596582.58|        328|00:00:10|-0.01|0.01|0.8617|
|=|         56|          7|        575|     32598107.79|        335|00:00:10|-0.00|0.02|0.8584|
|=|         57|          7|        575|     32596217.89|        342|00:00:10|-0.00|0.02|0.8589|
|=|         58|          7|        575|     32595408.02|        349|00:00:10|-0.00|0.01|0.8583|
|=|         59|          7|        487|     32595227.44|        356|00:00:10|-0.00|0.01|0.8586|
|=|         60|          7|        487|     32594660.37|        363|00:00:10|-0.00|0.02|0.8564|
|=|         61|          7|        487|     32592372.48|        370|00:00:10|+0.00|0.02|0.8557|
|=|         62|          7|        487|     32592388.89|        377|00:00:10|+0.00|0.02|0.8555|
|=|         63|          7|        487|     32591997.38|        384|00:00:10|+0.00|0.02|0.8549|
|=|         64|          7|        487|     32589911.67|        391|00:00:10|+0.00|0.02|0.8522|
|=|         65|          7|        487|     32587030.98|        398|00:00:10|+0.00|0.02|0.8541|
|=|         66|          7|        487|     32586083.67|        405|00:00:10|+0.00|0.02|0.8547|
|=|         67|          7|        487|     32584884.88|        412|00:00:10|+0.00|0.02|0.8549|
|=|         68|          7|        487|     32586539.34|        419|00:00:10|+0.00|0.02|0.8555|
|=|         69|          7|        487|     32584304.01|        426|00:00:10|+0.00|0.02|0.8552|
|=|         70|          7|        487|     32582434.31|        433|00:00:10|+0.00|0.02|0.8536|
|=|         71|          7|        487|     32583351.99|        440|00:00:10|+0.00|0.02|0.8543|
|=|         72|          7|        487|     32577279.86|        447|00:00:10|+0.00|0.02|0.8538|
|=|         73|          7|        487|     32578088.66|        454|00:00:10|+0.00|0.02|0.8522|
|=|         74|          7|        487|     32580096.30|        461|00:00:10|+0.01|0.02|0.8504|
|=|         75|          7|        487|     32577356.33|        468|00:00:10|+0.00|0.02|0.8507|
|=|         76|          7|        487|     32573241.38|        475|00:00:10|+0.00|0.02|0.8507|
|=|         77|          7|        487|     32575171.49|        482|00:00:10|+0.00|0.01|0.8531|
|=|         78|          7|        487|     32573721.05|        489|00:00:10|+0.00|0.01|0.8533|
|=|         79|          7|        487|     32575534.32|        496|00:00:10|+0.00|0.02|0.8523|
|=|         80|          7|        487|     32573593.76|        503|00:00:10|+0.00|0.01|0.8524|
|=|         81|          7|        487|     32571374.01|        510|00:00:10|+0.00|0.01|0.8533|
|=|         82|          7|        487|     32572196.43|        517|00:00:10|+0.00|0.01|0.8529|
|=|         83|          7|        487|     32572035.92|        524|00:00:10|+0.00|0.01|0.8527|
|=|         84|          7|        487|     32573433.19|        531|00:00:10|+0.00|0.01|0.8542|
|=|         85|          7|        487|     32574629.27|        538|00:00:10|+0.00|0.01|0.8547|
|=|         86|          7|        487|     32575650.20|        545|00:00:10|+0.00|0.01|0.8527|
|=|         87|          7|        487|     32575018.37|        552|00:00:10|+0.00|0.02|0.8517|
|=|         88|          7|        487|     32573893.32|        559|00:00:10|+0.00|0.01|0.8525|
|=|         89|          7|        487|     32573951.26|        566|00:00:10|+0.00|0.01|0.8525|
|=|         90|          7|        487|     32573124.86|        573|00:00:10|+0.00|0.02|0.8517|
|=|         91|          7|        487|     32569618.74|        580|00:00:10|+0.00|0.01|0.8522|
|=|         92|          7|        487|     32572705.90|        587|00:00:10|+0.00|0.02|0.8516|
|=|         93|          7|        487|     32567983.61|        594|00:00:10|+0.00|0.01|0.8520|
|=|         94|          7|        487|     32568503.62|        601|00:00:10|+0.00|0.01|0.8538|
|=|         95|          7|        487|     32568091.40|        608|00:00:10|+0.00|0.01|0.8547|
|=|         96|          7|        487|     32570112.22|        615|00:00:10|-0.00|0.01|0.8560|
|=|         97|          7|        487|     32571870.77|        622|00:00:10|-0.00|0.01|0.8560|
|=|         98|          7|        487|     32573978.62|        629|00:00:10|+0.00|0.01|0.8556|
|=|         99|          7|        487|     32575863.79|        636|00:00:10|+0.00|0.01|0.8556|
|=|        100|          7|        487|     32579970.97|        643|00:00:10|+0.00|0.01|0.8558|
|=|        101|          7|        487|     32579374.29|        650|00:00:10|+0.00|0.01|0.8557|
|=|        102|          7|        487|     32576512.27|        657|00:00:10|+0.00|0.01|0.8553|
|=|        103|          7|        487|     32574746.30|        664|00:00:10|+0.00|0.01|0.8550|
|=|        104|          7|        487|     32575097.11|        671|00:00:10|+0.00|0.01|0.8540|
|=|        105|          7|        487|     32574892.31|        678|00:00:10|+0.00|0.01|0.8525|
|=|        106|          7|        487|     32575004.72|        685|00:00:10|+0.00|0.01|0.8531|
|=|        107|          7|        487|     32574904.49|        692|00:00:10|+0.00|0.01|0.8529|
|=|        108|          7|        487|     32572707.03|        699|00:00:10|+0.01|0.01|0.8525|
|=|        109|          7|        487|     32571390.44|        706|00:00:10|+0.00|0.01|0.8535|
|=|        110|          7|        487|     32570100.05|        713|00:00:10|+0.00|0.01|0.8531|
|=|        111|          7|        487|     32570137.41|        720|00:00:10|+0.00|0.01|0.8530|
|=|        112|          7|        487|     32571502.62|        727|00:00:10|+0.01|0.01|0.8527|
|=|        113|          7|        487|     32574139.27|        734|00:00:10|+0.00|0.01|0.8532|
|=|        114|          7|        487|     32573129.07|        741|00:00:10|+0.00|0.01|0.8534|
|=|        115|          7|        459|     32576305.92|        748|00:00:10|+0.01|0.01|0.8536|
|=|        116|          7|        487|     32579328.34|        755|00:00:10|+0.01|0.01|0.8528|
|=|        117|          7|        487|     32579580.73|        762|00:00:10|+0.01|0.01|0.8531|
|=|        118|          7|        459|     32580094.53|        769|00:00:10|+0.01|0.02|0.8524|
|=|        119|          7|        459|     32580006.59|        776|00:00:10|+0.01|0.01|0.8529|
|=|        120|          7|        459|     32579282.48|        783|00:00:10|+0.01|0.02|0.8528|
|=|        121|          7|        459|     32581947.92|        790|00:00:10|+0.01|0.02|0.8526|
|=|        122|          7|        459|     32582040.99|        797|00:00:10|+0.01|0.01|0.8530|
|=|        123|          7|        459|     32584241.41|        804|00:00:10|+0.01|0.01|0.8536|
|=|        124|          7|        459|     32588953.57|        811|00:00:10|+0.01|0.01|0.8533|
|=|        125|          7|        459|     32590006.83|        818|00:00:10|+0.01|0.02|0.8524|
|=|        126|          7|        459|     32592283.76|        825|00:00:10|+0.01|0.01|0.8530|
|=|        127|          7|        459|     32595421.12|        832|00:00:10|+0.01|0.01|0.8529|
|=|        128|          7|        459|     32594970.80|        839|00:00:10|+0.01|0.01|0.8527|
|=|        129|          7|        459|     32591651.84|        846|00:00:10|+0.01|0.01|0.8539|
|=|        130|          7|        459|     32590778.88|        853|00:00:10|+0.01|0.01|0.8531|
|=|        131|          7|        459|     32587833.85|        860|00:00:10|+0.01|0.01|0.8533|
|=|        132|          7|        459|     32587600.76|        867|00:00:10|+0.01|0.02|0.8522|
|=|        133|          7|        459|     32589482.58|        874|00:00:10|+0.01|0.02|0.8516|
|-|        134|          6|        459|     32591911.17|        881|00:00:10|-0.00|0.01|0.8346|
|=|        135|          6|        459|     32592324.85|        887|00:00:10|-0.00|0.01|0.8350|
|=|        136|          6|        487|     32590815.36|        893|00:00:10|-0.00|0.01|0.8353|
+-+-----------+-----------+-----------+----------------+-----------+--------+-----+----+------+
Best-so-far configuration:         487    mean value:      32590815.36
Description of the best-so-far configuration:
    .ID. algorithm localsearch alpha beta  rho ants   q0 rasrank elitistants
487  487       acs           3  2.69 3.67 0.79   63 0.54      NA          NA
    nnls dlb .PARENT.
487   13   1      362

# 2025-08-30 20:52:42 -04: Elite configurations (first number is the configuration ID; listed from best to worst according to the sum of ranks):
    algorithm localsearch alpha beta  rho ants   q0 rasrank elitistants nnls
487       acs           3  2.69 3.67 0.79   63 0.54      NA          NA   13
459       acs           3  3.31 7.49 0.37   53 0.07      NA          NA   15
570       acs           3  2.80 7.19 0.28   49 0.01      NA          NA   12
575       acs           3  3.25 7.34 0.30   49 0.11      NA          NA   10
520       acs           3  3.15 7.67 0.37   50 0.10      NA          NA   15
    dlb
487   1
459   1
570   1
575   1
520   1
# Total CPU user time: 63660.78, CPU sys time: 382.95, Wall-clock time: 7747.552
    .ID. algorithm localsearch alpha beta  rho ants   q0 rasrank elitistants
487  487       acs           3  2.69 3.67 0.79   63 0.54      NA          NA
459  459       acs           3  3.31 7.49 0.37   53 0.07      NA          NA
570  570       acs           3  2.80 7.19 0.28   49 0.01      NA          NA
575  575       acs           3  3.25 7.34 0.30   49 0.11      NA          NA
520  520       acs           3  3.15 7.67 0.37   50 0.10      NA          NA
    nnls dlb .PARENT. .RANK.   .WEIGHT.
487   13   1      362    458 0.33333333
459   15   1      408    462 0.26666667
570   12   1      408    467 0.20000000
575   10   1      408    479 0.13333333
520   15   1      408    482 0.06666667
