# 2025-09-02 00:57:41 -04: Reading parameter file '/home/pestobar/Activities/irace-test-executions/ACOTSP-raceData/Scenarios/BH-90/Runs/BH-90_seed_2314/parameters.txt'.
# 2025-09-02 00:57:41 -04: 1 expression(s) specifying forbidden configurations read.
# 2025-09-02 00:57:41 -04: Initialization
# Elitist race
# Elitist new instances: 1
# Elitist limit: 2
# nbIterations: 5
# minNbSurvival: 5
# nbParameters: 11
# seed: 2314
# confidence level: 0.95
# budget: 5500
# mu: 5
# deterministic: FALSE

# 2025-09-02 00:57:41 -04: Iteration 1 of 5
# experimentsUsed: 0
# remainingBudget: 5500
# currentBudget: 1100
# nbConfigurations: 90
# Markers:
     x No test is performed.
     c Configurations are discarded only due to capping.
     - The test is performed and some configurations are discarded.
     = The test is performed but no configuration is discarded.
     ! The test is performed and configurations could be discarded but elite configurations are preserved.
     . All alive configurations are elite and nothing is discarded.

+-+-----------+-----------+-----------+----------------+-----------+--------+-----+----+------+
| |   Instance|      Alive|       Best|       Mean best| Exp so far|  W time|  rho|KenW|  Qvar|
+-+-----------+-----------+-----------+----------------+-----------+--------+-----+----+------+
|x|          1|         90|         57|     32744901.00|         90|00:02:50|   NA|  NA|    NA|
|x|          2|         90|         57|     32759152.00|        180|00:02:50|+0.98|0.99|0.0018|
|x|          3|         90|         57|     32847729.00|        270|00:02:49|+0.98|0.99|0.0013|
|x|          4|         90|         57|     32811676.75|        360|00:02:52|+0.98|0.98|0.0012|
|-|          5|          6|         23|     32754691.60|        450|00:02:48|+0.21|0.37|0.6849|
|=|          6|          6|         57|     32760151.83|        456|00:00:24|+0.20|0.33|0.7020|
|=|          7|          6|         57|     32777405.71|        462|00:00:26|+0.11|0.23|0.7266|
+-+-----------+-----------+-----------+----------------+-----------+--------+-----+----+------+
Best-so-far configuration:          57    mean value:      32777405.71
Description of the best-so-far configuration:
   .ID. algorithm localsearch alpha beta  rho ants q0 rasrank elitistants nnls
57   57       eas           3   2.4 0.34 0.61   47 NA      NA          14   10
   dlb .PARENT.
57   0       NA

# 2025-09-02 01:12:44 -04: Elite configurations (first number is the configuration ID; listed from best to worst according to the sum of ranks):
   algorithm localsearch alpha beta  rho ants   q0 rasrank elitistants nnls dlb
57       eas           3  2.40 0.34 0.61   47   NA      NA          14   10   0
23       acs           3  4.36 3.31 0.56   22 0.75      NA          NA   11   1
49       ras           3  3.97 2.21 0.80   89   NA      77          NA   30   0
48      mmas           3  4.75 8.15 0.27   86   NA      NA          NA   23   1
64       acs           3  3.03 6.59 0.24   59 0.49      NA          NA   27   0
# 2025-09-02 01:12:44 -04: Iteration 2 of 5
# experimentsUsed: 462
# remainingBudget: 5038
# currentBudget: 1259
# nbConfigurations: 90
# Markers:
     x No test is performed.
     c Configurations are discarded only due to capping.
     - The test is performed and some configurations are discarded.
     = The test is performed but no configuration is discarded.
     ! The test is performed and configurations could be discarded but elite configurations are preserved.
     . All alive configurations are elite and nothing is discarded.

+-+-----------+-----------+-----------+----------------+-----------+--------+-----+----+------+
| |   Instance|      Alive|       Best|       Mean best| Exp so far|  W time|  rho|KenW|  Qvar|
+-+-----------+-----------+-----------+----------------+-----------+--------+-----+----+------+
|x|          8|         90|        131|     32607045.00|         90|00:02:20|   NA|  NA|    NA|
|x|          2|         90|         57|     32714401.00|        175|00:02:16|+0.97|0.99|0.0027|
|x|          6|         90|         57|     32752829.00|        260|00:02:12|+0.98|0.98|0.0022|
|x|          5|         90|        154|     32687204.75|        345|00:02:14|+0.97|0.98|0.0019|
|-|          4|         11|        154|     32687664.00|        430|00:02:09|-0.11|0.11|0.9965|
|=|          1|         11|         57|     32698571.17|        436|00:00:25|-0.09|0.09|0.9784|
|=|          7|         11|         57|     32724622.29|        442|00:00:26|-0.09|0.07|0.9875|
|=|          3|         11|         57|     32762154.88|        448|00:00:25|-0.06|0.07|0.9607|
|=|          9|         11|         57|     32754929.33|        459|00:00:29|-0.04|0.08|0.9423|
+-+-----------+-----------+-----------+----------------+-----------+--------+-----+----+------+
Best-so-far configuration:          57    mean value:      32754929.33
Description of the best-so-far configuration:
   .ID. algorithm localsearch alpha beta  rho ants q0 rasrank elitistants nnls
57   57       eas           3   2.4 0.34 0.61   47 NA      NA          14   10
   dlb .PARENT.
57   0       NA

# 2025-09-02 01:25:44 -04: Elite configurations (first number is the configuration ID; listed from best to worst according to the sum of ranks):
    algorithm localsearch alpha beta  rho ants   q0 rasrank elitistants nnls
57        eas           3  2.40 0.34 0.61   47   NA      NA          14   10
23        acs           3  4.36 3.31 0.56   22 0.75      NA          NA   11
154       acs           3  1.45 2.32 0.51   49 0.65      NA          NA   25
102      mmas           3  3.47 3.91 0.07   20   NA      NA          NA   20
64        acs           3  3.03 6.59 0.24   59 0.49      NA          NA   27
    dlb
57    0
23    1
154   1
102   0
64    0
# 2025-09-02 01:25:44 -04: Iteration 3 of 5
# experimentsUsed: 921
# remainingBudget: 4579
# currentBudget: 1526
# nbConfigurations: 90
# Markers:
     x No test is performed.
     c Configurations are discarded only due to capping.
     - The test is performed and some configurations are discarded.
     = The test is performed but no configuration is discarded.
     ! The test is performed and configurations could be discarded but elite configurations are preserved.
     . All alive configurations are elite and nothing is discarded.

+-+-----------+-----------+-----------+----------------+-----------+--------+-----+----+------+
| |   Instance|      Alive|       Best|       Mean best| Exp so far|  W time|  rho|KenW|  Qvar|
+-+-----------+-----------+-----------+----------------+-----------+--------+-----+----+------+
|x|         10|         90|        102|     32646192.00|         90|00:02:55|   NA|  NA|    NA|
|x|          9|         90|        102|     32670976.50|        175|00:02:46|+0.92|0.96|0.0012|
|x|          4|         90|        231|     32661204.33|        260|00:02:46|+0.90|0.93|0.0012|
|x|          6|         90|        231|     32692739.25|        345|00:02:55|+0.91|0.93|0.0016|
|-|          3|         18|        196|     32797032.00|        430|00:02:45|+0.11|0.28|0.8650|
|=|          5|         18|        190|     32726774.17|        443|00:00:21|+0.06|0.22|0.8985|
|-|          2|         12|        196|     32720872.43|        456|00:00:21|+0.15|0.27|0.7788|
|-|          1|         10|        196|     32727048.00|        463|00:00:21|+0.19|0.29|0.7275|
|-|          7|          9|        196|     32738765.22|        468|00:00:15|+0.19|0.28|0.7460|
|-|          8|          5|        190|     32741487.30|        472|00:00:15|-0.05|0.06|0.8513|
+-+-----------+-----------+-----------+----------------+-----------+--------+-----+----+------+
Best-so-far configuration:         190    mean value:      32741487.30
Description of the best-so-far configuration:
    .ID. algorithm localsearch alpha beta  rho ants   q0 rasrank elitistants
190  190       acs           3  2.47 2.27 0.52   25 0.95      NA          NA
    nnls dlb .PARENT.
190   16   1      154

# 2025-09-02 01:41:30 -04: Elite configurations (first number is the configuration ID; listed from best to worst according to the sum of ranks):
    algorithm localsearch alpha beta  rho ants   q0 rasrank elitistants nnls
190       acs           3  2.47 2.27 0.52   25 0.95      NA          NA   16
196       acs           3  2.41 2.18 0.30   38 0.20      NA          NA   12
192       acs           3  4.73 3.98 0.44   29 0.58      NA          NA   20
231       acs           3  4.00 6.14 0.07   31 0.38      NA          NA   33
57        eas           3  2.40 0.34 0.61   47   NA      NA          14   10
    dlb
190   1
196   0
192   1
231   0
57    0
# 2025-09-02 01:41:30 -04: Iteration 4 of 5
# experimentsUsed: 1393
# remainingBudget: 4107
# currentBudget: 2053
# nbConfigurations: 90
# Markers:
     x No test is performed.
     c Configurations are discarded only due to capping.
     - The test is performed and some configurations are discarded.
     = The test is performed but no configuration is discarded.
     ! The test is performed and configurations could be discarded but elite configurations are preserved.
     . All alive configurations are elite and nothing is discarded.

+-+-----------+-----------+-----------+----------------+-----------+--------+-----+----+------+
| |   Instance|      Alive|       Best|       Mean best| Exp so far|  W time|  rho|KenW|  Qvar|
+-+-----------+-----------+-----------+----------------+-----------+--------+-----+----+------+
|x|         11|         90|        313|     32563886.00|         90|00:02:23|   NA|  NA|    NA|
|x|          8|         90|        342|     32551936.50|        175|00:02:11|+0.76|0.88|0.0005|
|x|         10|         90|        267|     32609288.33|        260|00:02:16|+0.79|0.86|0.0013|
|x|          6|         90|        267|     32651237.25|        345|00:02:15|+0.79|0.84|0.0016|
|-|          7|         24|        304|     32678304.00|        430|00:02:14|-0.00|0.20|0.9320|
|=|          1|         24|        288|     32684297.50|        449|00:00:41|+0.06|0.22|0.8901|
|=|          4|         24|        342|     32680693.00|        468|00:00:42|+0.08|0.21|0.8733|
|=|          2|         24|        342|     32687156.75|        487|00:00:37|+0.04|0.16|0.9084|
|=|          3|         24|        342|     32727932.67|        506|00:00:41|+0.04|0.15|0.8989|
|=|          9|         24|        342|     32723585.00|        525|00:00:42|+0.04|0.14|0.8869|
|-|          5|         12|        342|     32686197.64|        544|00:00:42|-0.01|0.08|0.9260|
|=|         12|         12|        342|     32689822.33|        556|00:00:31|-0.01|0.07|0.9185|
|=|         13|         12|        342|     32720376.92|        568|00:00:30|+0.00|0.08|0.9089|
+-+-----------+-----------+-----------+----------------+-----------+--------+-----+----+------+
Best-so-far configuration:         342    mean value:      32720376.92
Description of the best-so-far configuration:
    .ID. algorithm localsearch alpha beta  rho ants   q0 rasrank elitistants
342  342       acs           3  4.35  5.9 0.33   57 0.67      NA          NA
    nnls dlb .PARENT.
342   15   1      192

# 2025-09-02 01:58:02 -04: Elite configurations (first number is the configuration ID; listed from best to worst according to the sum of ranks):
    algorithm localsearch alpha beta  rho ants   q0 rasrank elitistants nnls
342       acs           3  4.35 5.90 0.33   57 0.67      NA          NA   15
304       acs           3  2.35 6.60 0.16   38 0.11      NA          NA   12
328       acs           3  2.01 2.77 0.53   14 0.85      NA          NA   13
288       acs           3  1.23 0.12 0.52   11 0.94      NA          NA   22
322       acs           3  4.52 6.40 0.12   45 0.25      NA          NA   50
    dlb
342   1
304   1
328   1
288   1
322   0
# 2025-09-02 01:58:02 -04: Iteration 5 of 5
# experimentsUsed: 1961
# remainingBudget: 3539
# currentBudget: 3539
# nbConfigurations: 90
# Markers:
     x No test is performed.
     c Configurations are discarded only due to capping.
     - The test is performed and some configurations are discarded.
     = The test is performed but no configuration is discarded.
     ! The test is performed and configurations could be discarded but elite configurations are preserved.
     . All alive configurations are elite and nothing is discarded.

+-+-----------+-----------+-----------+----------------+-----------+--------+-----+----+------+
| |   Instance|      Alive|       Best|       Mean best| Exp so far|  W time|  rho|KenW|  Qvar|
+-+-----------+-----------+-----------+----------------+-----------+--------+-----+----+------+
|x|         14|         90|        390|     32381566.00|         90|00:02:04|   NA|  NA|    NA|
|x|         11|         90|        427|     32499886.50|        175|00:01:56|+0.50|0.75|0.2238|
|x|          7|         90|        367|     32577720.00|        260|00:01:50|+0.55|0.70|0.2113|
|x|          9|         90|        373|     32593040.75|        345|00:01:50|+0.56|0.67|0.1984|
|-|         10|         29|        373|     32613424.00|        430|00:01:51|-0.01|0.19|0.9706|
|=|          6|         29|        373|     32634502.17|        454|00:00:31|+0.04|0.20|0.9248|
|=|          8|         29|        363|     32611224.43|        478|00:00:31|+0.05|0.18|0.9137|
|-|          3|         17|        363|     32661521.25|        502|00:00:31|+0.11|0.22|0.7998|
|-|          2|         15|        363|     32664674.67|        514|00:00:20|+0.17|0.27|0.7529|
|!|         12|         15|        363|     32668794.90|        524|00:00:10|+0.13|0.21|0.8135|
|-|         13|         14|        363|     32704298.45|        534|00:00:10|+0.13|0.21|0.8097|
|!|          5|         14|        367|     32685574.50|        543|00:00:10|+0.10|0.18|0.8525|
|-|          1|         13|        367|     32685313.77|        552|00:00:10|+0.11|0.18|0.8433|
|-|          4|          8|        363|     32668106.79|        560|00:00:10|-0.03|0.04|0.8994|
|=|         15|          8|        363|     32642321.07|        568|00:00:10|-0.01|0.06|0.8794|
|=|         16|          8|        363|     32647498.50|        576|00:00:10|+0.00|0.07|0.8700|
+-+-----------+-----------+-----------+----------------+-----------+--------+-----+----+------+
Best-so-far configuration:         363    mean value:      32647498.50
Description of the best-so-far configuration:
    .ID. algorithm localsearch alpha beta  rho ants   q0 rasrank elitistants
363  363       acs           3  4.56  3.6 0.33   63 0.45      NA          NA
    nnls dlb .PARENT.
363   11   1      342

# 2025-09-02 02:10:44 -04: Elite configurations (first number is the configuration ID; listed from best to worst according to the sum of ranks):
    algorithm localsearch alpha beta  rho ants   q0 rasrank elitistants nnls
363       acs           3  4.56 3.60 0.33   63 0.45      NA          NA   11
367       acs           3  4.24 6.09 0.37   68 0.67      NA          NA   13
429       acs           3  4.23 5.02 0.19   56 0.51      NA          NA   16
416       acs           3  2.69 6.42 0.14   35 0.27      NA          NA   10
403       acs           3  3.82 3.21 0.25   62 0.63      NA          NA   12
    dlb
363   1
367   1
429   1
416   1
403   1
# 2025-09-02 02:10:44 -04: Iteration 6 of 6
# experimentsUsed: 2537
# remainingBudget: 2963
# currentBudget: 2963
# nbConfigurations: 90
# Markers:
     x No test is performed.
     c Configurations are discarded only due to capping.
     - The test is performed and some configurations are discarded.
     = The test is performed but no configuration is discarded.
     ! The test is performed and configurations could be discarded but elite configurations are preserved.
     . All alive configurations are elite and nothing is discarded.

+-+-----------+-----------+-----------+----------------+-----------+--------+-----+----+------+
| |   Instance|      Alive|       Best|       Mean best| Exp so far|  W time|  rho|KenW|  Qvar|
+-+-----------+-----------+-----------+----------------+-----------+--------+-----+----+------+
|x|         17|         90|        453|     32810062.00|         90|00:01:35|   NA|  NA|    NA|
|x|          7|         90|        495|     32758997.50|        175|00:01:34|+0.48|0.74|0.2887|
|x|         14|         90|        468|     32650678.67|        260|00:01:34|+0.38|0.59|0.3287|
|x|         13|         90|        468|     32756652.50|        345|00:01:34|+0.41|0.56|0.3097|
|-|          6|         42|        470|     32747880.40|        430|00:01:34|-0.08|0.14|1.0565|
|=|         15|         42|        509|     32667590.50|        467|00:00:41|-0.02|0.15|0.9981|
|=|          8|         42|        509|     32650974.57|        504|00:00:41|-0.03|0.12|1.0096|
|=|          5|         42|        499|     32613490.62|        541|00:00:41|-0.03|0.10|1.0101|
|=|         16|         42|        446|     32621960.89|        578|00:00:41|-0.01|0.11|0.9838|
|=|          1|         42|        446|     32624355.90|        615|00:00:41|+0.02|0.12|0.9595|
|=|         11|         42|        367|     32628972.64|        652|00:00:41|+0.02|0.11|0.9638|
|=|          2|         42|        509|     32635292.17|        689|00:00:41|+0.03|0.11|0.9578|
|=|         10|         42|        509|     32635078.62|        726|00:00:41|+0.03|0.10|0.9587|
|=|         12|         42|        509|     32639281.71|        763|00:00:41|+0.02|0.09|0.9578|
|=|          9|         42|        509|     32638405.33|        800|00:00:41|+0.03|0.09|0.9570|
|=|          4|         42|        509|     32636366.38|        837|00:00:41|+0.02|0.09|0.9557|
|-|          3|         23|        509|     32655252.82|        874|00:00:41|-0.03|0.04|0.9836|
|=|         18|         23|        509|     32632015.72|        897|00:00:31|-0.02|0.03|0.9786|
|=|         19|         23|        509|     32632045.95|        920|00:00:31|-0.02|0.03|0.9732|
+-+-----------+-----------+-----------+----------------+-----------+--------+-----+----+------+
Best-so-far configuration:         509    mean value:      32632045.95
Description of the best-so-far configuration:
    .ID. algorithm localsearch alpha beta  rho ants   q0 rasrank elitistants
509  509       acs           3  4.71 3.55 0.36   66 0.42      NA          NA
    nnls dlb .PARENT.
509    9   1      363

# 2025-09-02 02:28:01 -04: Elite configurations (first number is the configuration ID; listed from best to worst according to the sum of ranks):
    algorithm localsearch alpha beta  rho ants   q0 rasrank elitistants nnls
509       acs           3  4.71 3.55 0.36   66 0.42      NA          NA    9
363       acs           3  4.56 3.60 0.33   63 0.45      NA          NA   11
488       acs           3  4.54 4.28 0.38   65 0.44      NA          NA   14
367       acs           3  4.24 6.09 0.37   68 0.67      NA          NA   13
495       acs           3  3.04 7.04 0.12   42 0.36      NA          NA   11
    dlb
509   1
363   1
488   1
367   1
495   1
# 2025-09-02 02:28:01 -04: Iteration 7 of 7
# experimentsUsed: 3457
# remainingBudget: 2043
# currentBudget: 2043
# nbConfigurations: 90
# Markers:
     x No test is performed.
     c Configurations are discarded only due to capping.
     - The test is performed and some configurations are discarded.
     = The test is performed but no configuration is discarded.
     ! The test is performed and configurations could be discarded but elite configurations are preserved.
     . All alive configurations are elite and nothing is discarded.

+-+-----------+-----------+-----------+----------------+-----------+--------+-----+----+------+
| |   Instance|      Alive|       Best|       Mean best| Exp so far|  W time|  rho|KenW|  Qvar|
+-+-----------+-----------+-----------+----------------+-----------+--------+-----+----+------+
|x|         20|         90|        550|     32712797.00|         90|00:01:34|   NA|  NA|    NA|
|x|         11|         90|        554|     32651576.00|        175|00:01:34|+0.28|0.64|0.4388|
|x|         12|         90|        554|     32649870.67|        260|00:01:33|+0.33|0.55|0.4135|
|x|          5|         90|        554|     32561511.75|        345|00:01:34|+0.34|0.50|0.4430|
|-|         19|         28|        554|     32565970.80|        430|00:01:33|+0.02|0.21|0.9336|
|=|          2|         28|        554|     32596619.83|        453|00:00:31|-0.01|0.16|0.9522|
|=|          1|         28|        583|     32607061.43|        476|00:00:31|-0.00|0.14|0.9551|
|=|          6|         28|        554|     32628126.25|        499|00:00:31|+0.01|0.13|0.9484|
|=|          3|         28|        598|     32663239.67|        522|00:00:31|+0.01|0.12|0.9419|
|=|         14|         28|        554|     32635516.50|        545|00:00:31|+0.02|0.12|0.9323|
|=|         13|         28|        554|     32672692.09|        568|00:00:31|+0.04|0.13|0.9101|
|=|         16|         28|        576|     32674939.17|        591|00:00:31|+0.04|0.12|0.9108|
|=|          8|         28|        554|     32669007.54|        614|00:00:31|+0.03|0.11|0.9149|
|=|          4|         28|        576|     32660275.36|        637|00:00:31|+0.04|0.10|0.9158|
|-|          7|         24|        598|     32670748.27|        660|00:00:31|-0.03|0.04|0.9773|
|=|         18|         24|        554|     32641895.12|        679|00:00:20|-0.03|0.03|0.9845|
|=|         17|         24|        554|     32653037.59|        698|00:00:20|-0.03|0.03|0.9845|
|=|         10|         24|        598|     32655540.44|        717|00:00:20|-0.03|0.03|0.9847|
|=|          9|         24|        598|     32654105.63|        736|00:00:20|-0.02|0.03|0.9792|
|=|         15|         24|        598|     32638652.60|        755|00:00:20|-0.02|0.03|0.9791|
|=|         21|         24|        576|     32635589.24|        779|00:00:31|-0.03|0.02|0.9838|
+-+-----------+-----------+-----------+----------------+-----------+--------+-----+----+------+
Best-so-far configuration:         576    mean value:      32635589.24
Description of the best-so-far configuration:
    .ID. algorithm localsearch alpha beta  rho ants   q0 rasrank elitistants
576  576       acs           3  4.78 4.07 0.31   63 0.41      NA          NA
    nnls dlb .PARENT.
576   10   1      363

# 2025-09-02 02:43:20 -04: Elite configurations (first number is the configuration ID; listed from best to worst according to the sum of ranks):
    algorithm localsearch alpha beta  rho ants   q0 rasrank elitistants nnls
576       acs           3  4.78 4.07 0.31   63 0.41      NA          NA   10
598       acs           3  4.89 4.33 0.37   65 0.39      NA          NA   14
554       acs           3  4.37 6.85 0.33   60 0.65      NA          NA   12
583       acs           3  4.80 3.63 0.34   65 0.47      NA          NA    8
367       acs           3  4.24 6.09 0.37   68 0.67      NA          NA   13
    dlb
576   1
598   1
554   1
583   1
367   1
# 2025-09-02 02:43:20 -04: Stopped because there is not enough budget to enforce the value of nbConfigurations.
# Iteration: 8
# nbIterations: 8
# experimentsUsed: 4236
# timeUsed: 0
# remainingBudget: 1264
# currentBudget: 1264
# number of elites: 5
# nbConfigurations: 62
# Total CPU user time: 54855.45, CPU sys time: 290.17, Wall-clock time: 6339.155
# 2025-09-02 02:43:20 -04: Starting post-selection:
# Configurations selected: 576, 598, 554, 583, 367, 509, 363, 488, 495, 429, 416, 403, 342, 304, 328, 288.
# Pending instances: 1, 1, 1, 1, 1, 1, 1, 1, 1, 3, 3, 5, 8, 8, 8, 8.
# 2025-09-02 02:43:21 -04: seed: 2314
# Configurations: 16
# Available experiments: 1264
# minSurvival: 1
# Markers:
     x No test is performed.
     c Configurations are discarded only due to capping.
     - The test is performed and some configurations are discarded.
     = The test is performed but no configuration is discarded.
     ! The test is performed and configurations could be discarded but elite configurations are preserved.
     . All alive configurations are elite and nothing is discarded.

+-+-----------+-----------+-----------+----------------+-----------+--------+-----+----+------+
| |   Instance|      Alive|       Best|       Mean best| Exp so far|  W time|  rho|KenW|  Qvar|
+-+-----------+-----------+-----------+----------------+-----------+--------+-----+----+------+
|.|         11|         16|        554|     32541859.00|          0|00:00:00|   NA|  NA|    NA|
|x|         18|         16|        495|     32358069.50|          5|00:00:10|+0.33|0.66|0.6520|
|.|          9|         16|        495|     32455585.00|          5|00:00:00|+0.14|0.42|0.7902|
|x|         19|         16|        554|     32485623.75|         10|00:00:10|+0.14|0.36|0.8124|
|.|          3|         16|        554|     32584852.80|         10|00:00:00|+0.19|0.35|0.7635|
|x|         21|         16|        554|     32600901.83|         17|00:00:10|+0.08|0.23|0.8626|
|.|          7|         16|        554|     32625105.57|         17|00:00:00|+0.06|0.19|0.8671|
|.|          5|         16|        554|     32584021.75|         17|00:00:00|+0.07|0.19|0.8711|
|.|          2|         16|        554|     32602448.78|         17|00:00:00|+0.08|0.18|0.8476|
|.|         12|         16|        554|     32606849.90|         17|00:00:00|+0.06|0.16|0.8713|
|.|          1|         16|        554|     32618800.18|         17|00:00:00|+0.08|0.16|0.8611|
|x|         20|         16|        554|     32630674.58|         24|00:00:10|+0.08|0.16|0.8574|
|.|          6|         16|        554|     32636544.85|         24|00:00:00|+0.10|0.17|0.8363|
|x|         17|         16|        554|     32650457.14|         28|00:00:10|+0.12|0.18|0.8230|
|.|         14|         16|        554|     32630319.07|         28|00:00:00|+0.13|0.18|0.8127|
|x|         15|         16|        554|     32611059.88|         32|00:00:10|+0.11|0.16|0.8275|
|.|         10|         16|        554|     32620514.12|         32|00:00:00|+0.08|0.13|0.8572|
|x|         16|         16|        367|     32625622.89|         36|00:00:10|+0.07|0.12|0.8583|
|.|          8|         16|        367|     32622383.00|         36|00:00:00|+0.06|0.11|0.8651|
|.|         13|         16|        367|     32644086.65|         36|00:00:00|+0.08|0.13|0.8483|
|.|          4|         16|        367|     32642764.24|         36|00:00:00|+0.07|0.12|0.8471|
|-|         22|         11|        576|     32633325.45|         52|00:00:20|-0.00|0.04|0.9149|
|=|         23|         11|        598|     32649524.22|         63|00:00:20|-0.00|0.04|0.9146|
|=|         24|         11|        576|     32633769.54|         74|00:00:20|+0.00|0.04|0.9120|
|=|         25|         11|        576|     32609083.12|         85|00:00:20|+0.01|0.05|0.9108|
|=|         26|         11|        576|     32595804.35|         96|00:00:20|+0.00|0.04|0.9131|
|=|         27|         11|        576|     32591720.63|        107|00:00:20|-0.00|0.04|0.9153|
|=|         28|         11|        576|     32581959.82|        118|00:00:20|+0.01|0.04|0.9061|
|=|         29|         11|        576|     32585597.45|        129|00:00:20|+0.00|0.04|0.9066|
|=|         30|         11|        576|     32588428.50|        140|00:00:20|-0.00|0.03|0.9129|
|=|         31|         11|        576|     32603218.29|        151|00:00:20|-0.00|0.03|0.9109|
|=|         32|         11|        576|     32601034.88|        162|00:00:20|-0.01|0.02|0.9133|
|=|         33|         11|        576|     32598890.06|        173|00:00:20|-0.01|0.02|0.9127|
|=|         34|         11|        576|     32595115.21|        184|00:00:20|-0.01|0.02|0.9137|
|=|         35|         11|        576|     32586415.26|        195|00:00:20|-0.01|0.02|0.9132|
|=|         36|         11|        576|     32594341.47|        206|00:00:20|-0.00|0.02|0.9120|
|=|         37|         11|        576|     32590924.57|        217|00:00:20|-0.00|0.02|0.9118|
|=|         38|         11|        576|     32588785.21|        228|00:00:20|-0.01|0.02|0.9137|
|=|         39|         11|        576|     32591124.08|        239|00:00:20|-0.01|0.02|0.9155|
|=|         40|         11|        576|     32588739.75|        250|00:00:20|-0.01|0.02|0.9152|
|=|         41|         11|        509|     32592886.88|        261|00:00:20|-0.01|0.02|0.9170|
|=|         42|         11|        509|     32586079.95|        272|00:00:20|-0.01|0.02|0.9171|
|=|         43|         11|        509|     32583552.88|        283|00:00:20|-0.01|0.02|0.9173|
|=|         44|         11|        509|     32589681.95|        294|00:00:20|-0.01|0.01|0.9159|
|=|         45|         11|        509|     32588136.11|        305|00:00:20|-0.01|0.02|0.9162|
|=|         46|         11|        509|     32583467.54|        316|00:00:20|-0.01|0.01|0.9159|
|=|         47|         11|        509|     32582126.57|        327|00:00:20|-0.01|0.01|0.9168|
|=|         48|         11|        598|     32582677.96|        338|00:00:20|-0.01|0.01|0.9188|
|=|         49|         11|        576|     32578130.35|        349|00:00:20|-0.01|0.01|0.9185|
|=|         50|         11|        576|     32582194.10|        360|00:00:20|-0.01|0.01|0.9170|
|=|         51|         11|        598|     32588210.92|        371|00:00:20|-0.01|0.01|0.9155|
|=|         52|         11|        598|     32593772.88|        382|00:00:20|-0.01|0.01|0.9142|
|=|         53|         11|        598|     32598043.66|        393|00:00:20|-0.00|0.01|0.9132|
|=|         54|         11|        598|     32598092.85|        404|00:00:20|-0.00|0.01|0.9130|
|=|         55|         11|        598|     32600204.76|        415|00:00:20|-0.01|0.01|0.9143|
|=|         56|         11|        598|     32602353.46|        426|00:00:20|-0.01|0.01|0.9147|
|=|         57|         11|        598|     32600006.86|        437|00:00:20|-0.01|0.01|0.9141|
|=|         58|         11|        598|     32598801.76|        448|00:00:20|-0.01|0.01|0.9149|
|=|         59|         11|        598|     32598980.85|        459|00:00:20|-0.01|0.01|0.9149|
|=|         60|         11|        598|     32598903.73|        470|00:00:20|-0.01|0.01|0.9144|
|=|         61|         11|        598|     32595108.25|        481|00:00:20|-0.00|0.01|0.9117|
|=|         62|         11|        598|     32595251.16|        492|00:00:20|-0.00|0.01|0.9123|
|=|         63|         11|        598|     32594967.57|        503|00:00:20|-0.00|0.01|0.9118|
|=|         64|         11|        598|     32592488.66|        514|00:00:20|-0.00|0.01|0.9123|
|=|         65|         11|        598|     32588947.74|        525|00:00:20|-0.00|0.01|0.9113|
|=|         66|         11|        598|     32586499.98|        536|00:00:20|+0.00|0.02|0.9099|
|=|         67|         11|        598|     32584646.18|        547|00:00:20|+0.00|0.02|0.9098|
|=|         68|         11|        598|     32586951.71|        558|00:00:20|+0.00|0.02|0.9091|
|=|         69|         11|        598|     32585159.32|        569|00:00:20|+0.00|0.01|0.9095|
|=|         70|         11|        598|     32584700.49|        580|00:00:20|-0.00|0.01|0.9099|
|=|         71|         11|        598|     32585304.37|        591|00:00:20|-0.00|0.01|0.9103|
|=|         72|         11|        598|     32578540.49|        602|00:00:20|+0.00|0.02|0.9086|
|=|         73|         11|        598|     32580116.59|        613|00:00:20|+0.00|0.01|0.9094|
|=|         74|         11|        598|     32582565.66|        624|00:00:20|+0.00|0.01|0.9092|
|=|         75|         11|        598|     32579658.53|        635|00:00:20|+0.00|0.01|0.9095|
|=|         76|         11|        598|     32575499.99|        646|00:00:20|+0.00|0.01|0.9100|
|=|         77|         11|        598|     32576877.44|        657|00:00:20|+0.00|0.01|0.9093|
|=|         78|         11|        598|     32575394.82|        668|00:00:20|-0.00|0.01|0.9108|
|=|         79|         11|        598|     32576508.08|        679|00:00:20|+0.00|0.01|0.9092|
|=|         80|         11|        598|     32574296.70|        690|00:00:20|+0.00|0.01|0.9089|
|=|         81|         11|        598|     32571958.10|        701|00:00:20|+0.00|0.01|0.9095|
|=|         82|         11|        598|     32572315.63|        712|00:00:20|+0.00|0.01|0.9084|
|=|         83|         11|        598|     32572276.07|        723|00:00:20|+0.00|0.01|0.9073|
|=|         84|         11|        598|     32573112.42|        734|00:00:20|+0.00|0.01|0.9068|
|=|         85|         11|        598|     32573152.24|        745|00:00:20|+0.00|0.02|0.9065|
|=|         86|         11|        598|     32575356.91|        756|00:00:20|+0.00|0.01|0.9065|
|=|         87|         11|        598|     32574575.18|        767|00:00:20|+0.00|0.01|0.9062|
|=|         88|         11|        598|     32573583.57|        778|00:00:20|+0.00|0.01|0.9069|
|=|         89|         11|        598|     32573690.98|        789|00:00:20|+0.00|0.02|0.9066|
|=|         90|         11|        598|     32572601.67|        800|00:00:20|+0.00|0.01|0.9067|
|=|         91|         11|        598|     32569736.79|        811|00:00:20|+0.00|0.01|0.9083|
|=|         92|         11|        598|     32572947.52|        822|00:00:20|+0.00|0.01|0.9073|
|=|         93|         11|        598|     32567840.03|        833|00:00:20|+0.00|0.01|0.9079|
|=|         94|         11|        598|     32568696.16|        844|00:00:20|+0.00|0.01|0.9090|
|=|         95|         11|        598|     32567259.24|        855|00:00:20|+0.00|0.01|0.9086|
|=|         96|         11|        598|     32568838.11|        866|00:00:20|+0.00|0.01|0.9078|
|=|         97|         11|        598|     32570105.67|        877|00:00:20|+0.00|0.01|0.9063|
|=|         98|         11|        598|     32571569.92|        888|00:00:20|+0.00|0.01|0.9063|
|=|         99|         11|        598|     32573079.62|        899|00:00:20|+0.01|0.02|0.9061|
|=|        100|         11|        598|     32577625.20|        910|00:00:20|+0.00|0.01|0.9065|
|=|        101|         11|        598|     32576946.23|        921|00:00:20|+0.01|0.01|0.9063|
|=|        102|         11|        598|     32573287.32|        932|00:00:20|+0.01|0.02|0.9059|
|=|        103|         11|        598|     32571792.11|        943|00:00:20|+0.01|0.02|0.9054|
|=|        104|         11|        598|     32571728.24|        954|00:00:20|+0.01|0.02|0.9052|
|=|        105|         11|        598|     32571166.79|        965|00:00:20|+0.01|0.02|0.9039|
|=|        106|         11|        598|     32571152.26|        976|00:00:20|+0.01|0.02|0.9046|
|=|        107|         11|        598|     32571139.71|        987|00:00:20|+0.01|0.02|0.9050|
|=|        108|         11|        598|     32568499.59|        998|00:00:20|+0.01|0.02|0.9044|
|-|        109|          3|        598|     32566877.69|       1009|00:00:20|+0.01|0.02|0.6583|
|=|        110|          3|        598|     32565249.46|       1012|00:00:10|+0.02|0.02|0.6573|
|=|        111|          3|        598|     32564684.31|       1015|00:00:10|+0.02|0.03|0.6556|
|=|        112|          3|        598|     32566839.57|       1018|00:00:10|+0.02|0.02|0.6577|
|=|        113|          3|        598|     32568930.82|       1021|00:00:10|+0.02|0.03|0.6564|
|=|        114|          3|        598|     32568492.32|       1024|00:00:10|+0.01|0.02|0.6584|
|=|        115|          3|        598|     32571452.17|       1027|00:00:10|+0.01|0.02|0.6602|
|=|        116|          3|        598|     32574797.55|       1030|00:00:10|+0.01|0.02|0.6597|
|=|        117|          3|        598|     32574631.07|       1033|00:00:10|+0.01|0.02|0.6583|
|=|        118|          3|        598|     32574416.35|       1036|00:00:10|+0.01|0.02|0.6589|
|=|        119|          3|        598|     32574070.51|       1039|00:00:10|+0.01|0.02|0.6604|
|=|        120|          3|        598|     32573639.57|       1042|00:00:10|+0.01|0.02|0.6614|
|=|        121|          3|        598|     32575951.23|       1045|00:00:10|+0.01|0.02|0.6602|
|=|        122|          3|        598|     32576074.93|       1048|00:00:10|+0.01|0.02|0.6600|
|=|        123|          3|        598|     32578237.55|       1051|00:00:10|+0.01|0.02|0.6587|
|=|        124|          3|        598|     32582907.52|       1054|00:00:10|+0.01|0.02|0.6580|
|=|        125|          3|        598|     32584050.48|       1057|00:00:10|+0.01|0.02|0.6596|
|=|        126|          3|        598|     32586285.98|       1060|00:00:10|+0.01|0.02|0.6588|
|=|        127|          3|        598|     32589192.68|       1063|00:00:10|+0.01|0.02|0.6595|
|=|        128|          3|        598|     32588766.66|       1066|00:00:10|+0.01|0.02|0.6605|
|=|        129|          3|        598|     32585732.29|       1069|00:00:10|+0.01|0.02|0.6619|
|=|        130|          3|        598|     32585189.97|       1072|00:00:10|+0.01|0.02|0.6620|
|=|        131|          3|        598|     32582350.03|       1075|00:00:10|+0.01|0.02|0.6615|
|=|        132|          3|        598|     32581808.19|       1078|00:00:10|+0.01|0.02|0.6611|
|=|        133|          3|        598|     32583653.98|       1081|00:00:10|+0.01|0.02|0.6600|
|-|        134|          2|        598|     32586013.48|       1084|00:00:10|+0.01|0.02|0.4925|
|=|        135|          2|        598|     32586808.69|       1086|00:00:10|+0.01|0.02|0.4938|
|=|        136|          2|        598|     32585051.53|       1088|00:00:10|+0.01|0.02|0.4949|
|=|        137|          2|        598|     32584094.39|       1090|00:00:10|+0.01|0.02|0.4940|
|=|        138|          2|        598|     32584524.99|       1092|00:00:10|+0.01|0.02|0.4951|
|=|        139|          2|        598|     32583742.04|       1094|00:00:10|+0.01|0.02|0.4942|
|=|        140|          2|        598|     32581685.63|       1096|00:00:10|+0.01|0.02|0.4933|
|-|        141|          1|        598|     32583294.96|       1098|00:00:10|   NA|  NA|    NA|
+-+-----------+-----------+-----------+----------------+-----------+--------+-----+----+------+
Best-so-far configuration:         598    mean value:      32583294.96
Description of the best-so-far configuration:
    .ID. algorithm localsearch alpha beta  rho ants   q0 rasrank elitistants
598  598       acs           3  4.89 4.33 0.37   65 0.39      NA          NA
    nnls dlb .PARENT.
598   14   1      509

# 2025-09-02 03:20:45 -04: Elite configurations (first number is the configuration ID; listed from best to worst according to the sum of ranks):
    algorithm localsearch alpha beta  rho ants   q0 rasrank elitistants nnls
598       acs           3  4.89 4.33 0.37   65 0.39      NA          NA   14
    dlb
598   1
# Total CPU user time: 66210.34, CPU sys time: 374.633, Wall-clock time: 8583.617
    .ID. algorithm localsearch alpha beta  rho ants   q0 rasrank elitistants
598  598       acs           3  4.89 4.33 0.37   65 0.39      NA          NA
    nnls dlb .PARENT. .RANK. .WEIGHT.
598   14   1      509      1        1
