# 2025-09-02 02:18:02 -04: Reading parameter file '/home/pestobar/Activities/irace-test-executions/ACOTSP-raceData/Scenarios/BH-90/Runs/BH-90_seed_9876543210/parameters.txt'.
# 2025-09-02 02:18:02 -04: 1 expression(s) specifying forbidden configurations read.
# 2025-09-02 02:18:02 -04: Initialization
# Elitist race
# Elitist new instances: 1
# Elitist limit: 2
# nbIterations: 5
# minNbSurvival: 5
# nbParameters: 11
# seed: 992693744
# confidence level: 0.95
# budget: 5500
# mu: 5
# deterministic: FALSE

# 2025-09-02 02:18:02 -04: Iteration 1 of 5
# experimentsUsed: 0
# remainingBudget: 5500
# currentBudget: 1100
# nbConfigurations: 90
# Markers:
     x No test is performed.
     c Configurations are discarded only due to capping.
     - The test is performed and some configurations are discarded.
     = The test is performed but no configuration is discarded.
     ! The test is performed and configurations could be discarded but elite configurations are preserved.
     . All alive configurations are elite and nothing is discarded.

+-+-----------+-----------+-----------+----------------+-----------+--------+-----+----+------+
| |   Instance|      Alive|       Best|       Mean best| Exp so far|  W time|  rho|KenW|  Qvar|
+-+-----------+-----------+-----------+----------------+-----------+--------+-----+----+------+
|x|          1|         90|         25|     32831822.00|         90|00:02:57|   NA|  NA|    NA|
|x|          2|         90|         25|     32786783.50|        180|00:02:57|+0.98|0.99|0.0007|
|x|          3|         90|         25|     32705354.67|        270|00:02:55|+0.98|0.99|0.0015|
|x|          4|         90|         25|     32669704.25|        360|00:02:52|+0.98|0.98|0.0015|
|-|          5|          4|         25|     32657605.20|        450|00:02:54|+0.16|0.33|0.5156|
+-+-----------+-----------+-----------+----------------+-----------+--------+-----+----+------+
Best-so-far configuration:          25    mean value:      32657605.20
Description of the best-so-far configuration:
   .ID. algorithm localsearch alpha beta  rho ants   q0 rasrank elitistants
25   25       acs           3  4.78 3.08 0.92   77 0.91      NA          NA
   nnls dlb .PARENT.
25   12   1       NA

# 2025-09-02 02:32:39 -04: Elite configurations (first number is the configuration ID; listed from best to worst according to the sum of ranks):
   algorithm localsearch alpha beta  rho ants   q0 rasrank elitistants nnls dlb
25       acs           3  4.78 3.08 0.92   77 0.91      NA          NA   12   1
16       acs           3  2.44 5.89 0.21   44 0.07      NA          NA   19   0
46      mmas           3  4.23 7.93 0.16   25   NA      NA          NA   24   1
39       acs           2  3.92 1.05 0.10   55 0.86      NA          NA   21   0
# 2025-09-02 02:32:39 -04: Iteration 2 of 5
# experimentsUsed: 450
# remainingBudget: 5050
# currentBudget: 1262
# nbConfigurations: 90
# Markers:
     x No test is performed.
     c Configurations are discarded only due to capping.
     - The test is performed and some configurations are discarded.
     = The test is performed but no configuration is discarded.
     ! The test is performed and configurations could be discarded but elite configurations are preserved.
     . All alive configurations are elite and nothing is discarded.

+-+-----------+-----------+-----------+----------------+-----------+--------+-----+----+------+
| |   Instance|      Alive|       Best|       Mean best| Exp so far|  W time|  rho|KenW|  Qvar|
+-+-----------+-----------+-----------+----------------+-----------+--------+-----+----+------+
|x|          6|         90|         46|     32268759.00|         90|00:02:45|   NA|  NA|    NA|
|x|          4|         90|         16|     32418859.50|        176|00:02:33|+0.97|0.98|0.0018|
|x|          5|         90|         16|     32474082.00|        262|00:02:33|+0.97|0.98|0.0017|
|x|          2|         90|         16|     32553940.00|        348|00:02:36|+0.97|0.98|0.0014|
|-|          3|         10|        164|     32560039.20|        434|00:02:33|+0.06|0.25|0.7660|
|=|          1|         10|        164|     32608693.67|        440|00:00:13|+0.13|0.28|0.7032|
|-|          7|          8|         25|     32610740.00|        450|00:00:19|-0.10|0.06|0.9168|
|=|          8|          8|         93|     32639387.12|        458|00:00:18|-0.04|0.09|0.8625|
|=|          9|          8|         93|     32625730.89|        466|00:00:18|-0.00|0.11|0.8365|
+-+-----------+-----------+-----------+----------------+-----------+--------+-----+----+------+
Best-so-far configuration:          93    mean value:      32625730.89
Description of the best-so-far configuration:
   .ID. algorithm localsearch alpha beta  rho ants   q0 rasrank elitistants
93   93       acs           3   4.8 0.44 0.97   75 0.38      NA          NA
   nnls dlb .PARENT.
93   14   1       25

# 2025-09-02 02:46:51 -04: Elite configurations (first number is the configuration ID; listed from best to worst according to the sum of ranks):
    algorithm localsearch alpha beta  rho ants   q0 rasrank elitistants nnls
93        acs           3  4.80 0.44 0.97   75 0.38      NA          NA   14
25        acs           3  4.78 3.08 0.92   77 0.91      NA          NA   12
46       mmas           3  4.23 7.93 0.16   25   NA      NA          NA   24
164       acs           3  4.85 4.54 0.27    9 0.87      NA          NA   18
117       acs           3  3.38 8.75 0.51   16 0.93      NA          NA   29
    dlb
93    1
25    1
46    1
164   1
117   1
# 2025-09-02 02:46:51 -04: Iteration 3 of 5
# experimentsUsed: 916
# remainingBudget: 4584
# currentBudget: 1528
# nbConfigurations: 90
# Markers:
     x No test is performed.
     c Configurations are discarded only due to capping.
     - The test is performed and some configurations are discarded.
     = The test is performed but no configuration is discarded.
     ! The test is performed and configurations could be discarded but elite configurations are preserved.
     . All alive configurations are elite and nothing is discarded.

+-+-----------+-----------+-----------+----------------+-----------+--------+-----+----+------+
| |   Instance|      Alive|       Best|       Mean best| Exp so far|  W time|  rho|KenW|  Qvar|
+-+-----------+-----------+-----------+----------------+-----------+--------+-----+----+------+
|x|         10|         90|        236|     32658372.00|         90|00:01:46|   NA|  NA|    NA|
|x|          5|         90|        236|     32625270.50|        175|00:01:42|+0.96|0.98|0.0012|
|x|          8|         90|        236|     32677160.67|        260|00:01:41|+0.94|0.96|0.0014|
|x|          1|         90|        236|     32703273.75|        345|00:01:41|+0.94|0.96|0.0011|
|-|          6|         11|        236|     32615438.00|        430|00:01:41|+0.04|0.24|0.8952|
|=|          3|         11|        236|     32593231.17|        436|00:00:10|+0.10|0.25|0.8436|
|-|          9|          6|        236|     32563484.14|        442|00:00:10|+0.33|0.43|0.6839|
|!|          4|          6|        236|     32547952.75|        443|00:00:10|+0.35|0.43|0.6246|
|!|          2|          6|        236|     32564901.33|        444|00:00:10|+0.33|0.40|0.6445|
|-|          7|          1|        236|     32571867.30|        445|00:00:10|   NA|  NA|    NA|
+-+-----------+-----------+-----------+----------------+-----------+--------+-----+----+------+
Best-so-far configuration:         236    mean value:      32571867.30
Description of the best-so-far configuration:
    .ID. algorithm localsearch alpha beta  rho ants   q0 rasrank elitistants
236  236       acs           3  4.23 0.24 0.84   67 0.55      NA          NA
    nnls dlb .PARENT.
236   15   1       93

# 2025-09-02 02:56:17 -04: Elite configurations (first number is the configuration ID; listed from best to worst according to the sum of ranks):
    algorithm localsearch alpha beta  rho ants   q0 rasrank elitistants nnls
236       acs           3  4.23 0.24 0.84   67 0.55      NA          NA   15
    dlb
236   1
# 2025-09-02 02:56:17 -04: Iteration 4 of 5
# experimentsUsed: 1361
# remainingBudget: 4139
# currentBudget: 2069
# nbConfigurations: 90
# Markers:
     x No test is performed.
     c Configurations are discarded only due to capping.
     - The test is performed and some configurations are discarded.
     = The test is performed but no configuration is discarded.
     ! The test is performed and configurations could be discarded but elite configurations are preserved.
     . All alive configurations are elite and nothing is discarded.

+-+-----------+-----------+-----------+----------------+-----------+--------+-----+----+------+
| |   Instance|      Alive|       Best|       Mean best| Exp so far|  W time|  rho|KenW|  Qvar|
+-+-----------+-----------+-----------+----------------+-----------+--------+-----+----+------+
|x|         11|         90|        298|     32769235.00|         90|00:01:44|   NA|  NA|    NA|
|x|          8|         90|        298|     32751729.00|        179|00:01:43|+0.87|0.93|0.0007|
|x|         10|         90|        298|     32739541.00|        268|00:01:43|+0.87|0.91|0.0006|
|x|          6|         90|        292|     32633408.00|        357|00:01:43|+0.87|0.90|0.0006|
|-|          1|         11|        292|     32670528.40|        446|00:01:42|+0.06|0.25|0.8415|
|=|          5|         11|        292|     32652658.00|        456|00:00:10|+0.10|0.25|0.7954|
|=|          9|         11|        236|     32616089.14|        466|00:00:10|+0.11|0.24|0.7971|
|=|          3|         11|        236|     32599352.62|        476|00:00:10|+0.07|0.18|0.8216|
|=|          4|         11|        236|     32581561.56|        486|00:00:10|+0.09|0.19|0.7959|
|=|          7|         11|        236|     32586861.50|        496|00:00:10|+0.07|0.17|0.8333|
|-|          2|          4|        236|     32597191.36|        506|00:00:10|-0.06|0.03|0.7718|
+-+-----------+-----------+-----------+----------------+-----------+--------+-----+----+------+
Best-so-far configuration:         236    mean value:      32597191.36
Description of the best-so-far configuration:
    .ID. algorithm localsearch alpha beta  rho ants   q0 rasrank elitistants
236  236       acs           3  4.23 0.24 0.84   67 0.55      NA          NA
    nnls dlb .PARENT.
236   15   1       93

# 2025-09-02 03:05:57 -04: Elite configurations (first number is the configuration ID; listed from best to worst according to the sum of ranks):
    algorithm localsearch alpha beta  rho ants   q0 rasrank elitistants nnls
236       acs           3  4.23 0.24 0.84   67 0.55      NA          NA   15
292       acs           3  3.67 1.04 0.64   63 0.51      NA          NA   10
320       acs           3  3.65 0.27 0.76   62 0.60      NA          NA   19
298       acs           3  4.39 1.82 0.78   72 0.62      NA          NA   14
    dlb
236   1
292   1
320   1
298   1
# 2025-09-02 03:05:57 -04: Iteration 5 of 5
# experimentsUsed: 1867
# remainingBudget: 3633
# currentBudget: 3633
# nbConfigurations: 90
# Markers:
     x No test is performed.
     c Configurations are discarded only due to capping.
     - The test is performed and some configurations are discarded.
     = The test is performed but no configuration is discarded.
     ! The test is performed and configurations could be discarded but elite configurations are preserved.
     . All alive configurations are elite and nothing is discarded.

+-+-----------+-----------+-----------+----------------+-----------+--------+-----+----+------+
| |   Instance|      Alive|       Best|       Mean best| Exp so far|  W time|  rho|KenW|  Qvar|
+-+-----------+-----------+-----------+----------------+-----------+--------+-----+----+------+
|x|         12|         90|        391|     32775757.00|         90|00:01:42|   NA|  NA|    NA|
|x|          1|         90|        236|     32800442.50|        176|00:01:33|+0.70|0.85|0.0021|
|x|          8|         90|        236|     32793942.00|        262|00:01:33|+0.71|0.81|0.0015|
|x|          6|         90|        236|     32661480.25|        348|00:01:33|+0.73|0.80|0.0025|
|-|          9|         22|        236|     32606184.60|        434|00:01:33|-0.08|0.13|1.0116|
|=|         10|         22|        236|     32614882.50|        452|00:00:20|-0.03|0.14|0.9603|
|=|          7|         22|        236|     32617693.71|        470|00:00:20|+0.01|0.15|0.9149|
|=|         11|         22|        236|     32646786.00|        488|00:00:20|+0.04|0.16|0.8891|
|=|          4|         22|        236|     32623724.56|        506|00:00:20|+0.03|0.14|0.8953|
|=|          5|         22|        236|     32620569.00|        524|00:00:20|+0.03|0.13|0.8926|
|=|          3|         22|        236|     32607989.73|        542|00:00:20|+0.04|0.13|0.8868|
|=|          2|         22|        236|     32615698.08|        560|00:00:20|+0.04|0.12|0.8866|
|-|         13|         12|        236|     32603127.08|        582|00:00:31|-0.04|0.04|0.9318|
|=|         14|         12|        236|     32621797.71|        594|00:00:20|-0.04|0.03|0.9401|
|=|         15|         12|        236|     32611973.20|        606|00:00:20|-0.03|0.04|0.9267|
+-+-----------+-----------+-----------+----------------+-----------+--------+-----+----+------+
Best-so-far configuration:         236    mean value:      32611973.20
Description of the best-so-far configuration:
    .ID. algorithm localsearch alpha beta  rho ants   q0 rasrank elitistants
236  236       acs           3  4.23 0.24 0.84   67 0.55      NA          NA
    nnls dlb .PARENT.
236   15   1       93

# 2025-09-02 03:17:34 -04: Elite configurations (first number is the configuration ID; listed from best to worst according to the sum of ranks):
    algorithm localsearch alpha beta  rho ants   q0 rasrank elitistants nnls
236       acs           3  4.23 0.24 0.84   67 0.55      NA          NA   15
435       acs           3  3.51 0.45 0.80   59 0.55      NA          NA   16
434       acs           3  4.15 0.27 0.79   67 0.57      NA          NA    9
419       acs           3  4.51 2.24 0.56   64 0.43      NA          NA   12
298       acs           3  4.39 1.82 0.78   72 0.62      NA          NA   14
    dlb
236   1
435   1
434   1
419   1
298   1
# 2025-09-02 03:17:34 -04: Iteration 6 of 6
# experimentsUsed: 2473
# remainingBudget: 3027
# currentBudget: 3027
# nbConfigurations: 90
# Markers:
     x No test is performed.
     c Configurations are discarded only due to capping.
     - The test is performed and some configurations are discarded.
     = The test is performed but no configuration is discarded.
     ! The test is performed and configurations could be discarded but elite configurations are preserved.
     . All alive configurations are elite and nothing is discarded.

+-+-----------+-----------+-----------+----------------+-----------+--------+-----+----+------+
| |   Instance|      Alive|       Best|       Mean best| Exp so far|  W time|  rho|KenW|  Qvar|
+-+-----------+-----------+-----------+----------------+-----------+--------+-----+----+------+
|x|         16|         90|        449|     31974524.00|         90|00:01:36|   NA|  NA|    NA|
|x|          7|         90|        484|     32277875.00|        175|00:01:33|+0.53|0.77|0.3561|
|x|         11|         90|        504|     32473198.33|        260|00:01:33|+0.53|0.68|0.3473|
|x|          9|         90|        494|     32447407.00|        345|00:01:33|+0.55|0.66|0.3509|
|-|         12|         30|        494|     32521708.60|        430|00:01:33|-0.08|0.14|1.0335|
|=|          2|         30|        517|     32554912.83|        455|00:00:31|-0.07|0.11|1.0357|
|=|         15|         30|        236|     32549039.29|        480|00:00:31|-0.04|0.11|1.0061|
|=|         10|         30|        236|     32562705.88|        505|00:00:31|-0.02|0.11|0.9806|
|=|          8|         30|        517|     32584519.89|        530|00:00:31|-0.01|0.10|0.9726|
|=|         13|         30|        515|     32564767.90|        555|00:00:31|+0.00|0.10|0.9587|
|=|          4|         30|        515|     32558343.82|        580|00:00:31|+0.02|0.11|0.9322|
|=|          1|         30|        236|     32579642.42|        605|00:00:31|+0.03|0.11|0.9255|
|=|          6|         30|        236|     32555369.54|        630|00:00:31|+0.04|0.11|0.9244|
|-|          3|         20|        236|     32550142.93|        655|00:00:31|+0.02|0.09|0.9364|
|=|          5|         20|        491|     32553932.87|        670|00:00:20|+0.02|0.09|0.9251|
|=|         14|         20|        491|     32573306.62|        685|00:00:20|+0.01|0.07|0.9377|
|=|         17|         20|        236|     32587960.35|        705|00:00:20|+0.00|0.06|0.9395|
+-+-----------+-----------+-----------+----------------+-----------+--------+-----+----+------+
Best-so-far configuration:         236    mean value:      32587960.35
Description of the best-so-far configuration:
    .ID. algorithm localsearch alpha beta  rho ants   q0 rasrank elitistants
236  236       acs           3  4.23 0.24 0.84   67 0.55      NA          NA
    nnls dlb .PARENT.
236   15   1       93

# 2025-09-02 03:31:10 -04: Elite configurations (first number is the configuration ID; listed from best to worst according to the sum of ranks):
    algorithm localsearch alpha beta  rho ants   q0 rasrank elitistants nnls
236       acs           3  4.23 0.24 0.84   67 0.55      NA          NA   15
517       acs           3  4.66 2.41 0.56   67 0.40      NA          NA   10
491       acs           3  4.08 1.00 0.83   70 0.56      NA          NA   11
494       acs           3  4.58 2.67 0.71   72 0.59      NA          NA   13
504       acs           3  4.51 1.80 0.78   72 0.66      NA          NA   13
    dlb
236   1
517   1
491   1
494   1
504   1
# 2025-09-02 03:31:10 -04: Iteration 7 of 7
# experimentsUsed: 3178
# remainingBudget: 2322
# currentBudget: 2322
# nbConfigurations: 90
# Markers:
     x No test is performed.
     c Configurations are discarded only due to capping.
     - The test is performed and some configurations are discarded.
     = The test is performed but no configuration is discarded.
     ! The test is performed and configurations could be discarded but elite configurations are preserved.
     . All alive configurations are elite and nothing is discarded.

+-+-----------+-----------+-----------+----------------+-----------+--------+-----+----+------+
| |   Instance|      Alive|       Best|       Mean best| Exp so far|  W time|  rho|KenW|  Qvar|
+-+-----------+-----------+-----------+----------------+-----------+--------+-----+----+------+
|x|         18|         90|        594|     32517633.00|         90|00:01:33|   NA|  NA|    NA|
|x|         13|         90|        491|     32456260.00|        175|00:01:33|+0.23|0.61|0.7914|
|x|         15|         90|        491|     32480744.00|        260|00:01:33|+0.10|0.40|0.8594|
|x|         11|         90|        491|     32564950.00|        345|00:01:33|+0.15|0.36|0.7647|
|-|          5|         35|        491|     32560895.60|        430|00:01:33|-0.15|0.08|1.1144|
|=|          8|         35|        491|     32592932.00|        460|00:00:31|-0.07|0.11|1.0553|
|=|          3|         35|        491|     32578687.00|        490|00:00:31|-0.01|0.13|0.9963|
|=|          2|         35|        491|     32597057.88|        520|00:00:31|-0.01|0.11|1.0001|
|=|         12|         35|        491|     32621046.67|        550|00:00:31|-0.01|0.11|0.9909|
|=|         10|         35|        491|     32629143.80|        580|00:00:31|+0.01|0.11|0.9791|
|=|          1|         35|        491|     32645108.55|        610|00:00:31|+0.02|0.11|0.9578|
|-|         14|         15|        491|     32663342.25|        640|00:00:31|-0.04|0.05|0.9774|
|=|          7|         15|        491|     32660671.08|        650|00:00:10|-0.04|0.04|0.9779|
|=|          9|         15|        491|     32643465.07|        660|00:00:10|-0.03|0.04|0.9748|
|=|          4|         15|        491|     32630495.53|        670|00:00:10|-0.01|0.05|0.9622|
|=|         17|         15|        517|     32646675.12|        680|00:00:10|-0.02|0.04|0.9609|
|=|          6|         15|        517|     32622837.53|        690|00:00:10|-0.01|0.05|0.9527|
|=|         16|         15|        494|     32596239.11|        700|00:00:10|+0.01|0.06|0.9376|
|=|         19|         15|        494|     32588829.42|        715|00:00:20|+0.01|0.06|0.9367|
+-+-----------+-----------+-----------+----------------+-----------+--------+-----+----+------+
Best-so-far configuration:         494    mean value:      32588829.42
Description of the best-so-far configuration:
    .ID. algorithm localsearch alpha beta  rho ants   q0 rasrank elitistants
494  494       acs           3  4.58 2.67 0.71   72 0.59      NA          NA
    nnls dlb .PARENT.
494   13   1      298

# 2025-09-02 03:44:03 -04: Elite configurations (first number is the configuration ID; listed from best to worst according to the sum of ranks):
    algorithm localsearch alpha beta  rho ants   q0 rasrank elitistants nnls
494       acs           3  4.58 2.67 0.71   72 0.59      NA          NA   13
491       acs           3  4.08 1.00 0.83   70 0.56      NA          NA   11
517       acs           3  4.66 2.41 0.56   67 0.40      NA          NA   10
236       acs           3  4.23 0.24 0.84   67 0.55      NA          NA   15
560       acs           3  4.11 0.91 0.80   67 0.60      NA          NA   14
    dlb
494   1
491   1
517   1
236   1
560   1
# 2025-09-02 03:44:03 -04: Stopped because there is not enough budget to enforce the value of nbConfigurations.
# Iteration: 8
# nbIterations: 8
# experimentsUsed: 3893
# timeUsed: 0
# remainingBudget: 1607
# currentBudget: 1607
# number of elites: 5
# nbConfigurations: 85
# Total CPU user time: 45899.37, CPU sys time: 289.987, Wall-clock time: 5161.124
# 2025-09-02 03:44:03 -04: Starting post-selection:
# Configurations selected: 494, 491, 517, 236, 560, 504, 435, 434, 419, 298, 292, 320, 93, 25, 46, 164.
# Pending instances: 1, 1, 1, 1, 1, 1, 3, 3, 3, 3, 5, 7, 10, 10, 10, 10.
# 2025-09-02 03:44:03 -04: seed: 992693744
# Configurations: 16
# Available experiments: 1607
# minSurvival: 1
# Markers:
     x No test is performed.
     c Configurations are discarded only due to capping.
     - The test is performed and some configurations are discarded.
     = The test is performed but no configuration is discarded.
     ! The test is performed and configurations could be discarded but elite configurations are preserved.
     . All alive configurations are elite and nothing is discarded.

+-+-----------+-----------+-----------+----------------+-----------+--------+-----+----+------+
| |   Instance|      Alive|       Best|       Mean best| Exp so far|  W time|  rho|KenW|  Qvar|
+-+-----------+-----------+-----------+----------------+-----------+--------+-----+----+------+
|x|         14|         16|        560|     32817391.00|          5|00:00:10|   NA|  NA|    NA|
|.|          9|         16|        560|     32677857.50|          5|00:00:00|+0.14|0.57|0.6829|
|x|         12|         16|        494|     32671849.00|          9|00:00:10|+0.28|0.52|0.5971|
|x|         17|         16|        494|     32729182.25|         15|00:00:10|+0.24|0.43|0.6533|
|x|         15|         16|        236|     32675972.00|         20|00:00:10|+0.25|0.40|0.6044|
|.|          5|         16|        236|     32662004.83|         20|00:00:00|+0.22|0.35|0.6311|
|.|          6|         16|        236|     32605160.57|         20|00:00:00|+0.22|0.34|0.6685|
|.|          4|         16|        236|     32584419.62|         20|00:00:00|+0.27|0.36|0.6299|
|x|         11|         16|        517|     32608548.33|         24|00:00:10|+0.26|0.34|0.6323|
|.|          3|         16|        517|     32597393.40|         24|00:00:00|+0.29|0.36|0.6248|
|.|          7|         16|        517|     32595752.55|         24|00:00:00|+0.29|0.35|0.6160|
|x|         18|         16|        517|     32592830.58|         34|00:00:10|+0.28|0.34|0.6405|
|.|          1|         16|        517|     32613155.62|         34|00:00:00|+0.26|0.32|0.6610|
|.|          8|         16|        517|     32623089.29|         34|00:00:00|+0.26|0.31|0.6668|
|.|          2|         16|        517|     32627888.93|         34|00:00:00|+0.24|0.29|0.6989|
|.|         10|         16|        517|     32630560.19|         34|00:00:00|+0.25|0.30|0.6945|
|x|         16|         16|        517|     32594870.53|         40|00:00:10|+0.26|0.30|0.6937|
|x|         13|         16|        517|     32589559.67|         44|00:00:10|+0.25|0.29|0.6974|
|-|         19|          7|        491|     32585812.21|         54|00:00:10|-0.03|0.03|0.8854|
|=|         20|          7|        494|     32587647.60|         61|00:00:10|-0.02|0.03|0.8813|
|=|         21|          7|        491|     32594610.76|         68|00:00:10|-0.00|0.04|0.8722|
|=|         22|          7|        494|     32593416.27|         75|00:00:10|+0.00|0.05|0.8634|
|=|         23|          7|        494|     32593374.43|         82|00:00:10|-0.01|0.03|0.8715|
|=|         24|          7|        494|     32590974.33|         89|00:00:10|-0.00|0.04|0.8629|
|=|         25|          7|        494|     32595405.32|         96|00:00:10|+0.00|0.04|0.8582|
|=|         26|          7|        494|     32593247.19|        103|00:00:10|+0.00|0.04|0.8566|
|=|         27|          7|        494|     32573359.30|        110|00:00:10|+0.01|0.05|0.8474|
|=|         28|          7|        494|     32563098.89|        117|00:00:10|+0.02|0.06|0.8400|
|=|         29|          7|        494|     32556461.10|        124|00:00:10|+0.01|0.04|0.8497|
|=|         30|          7|        494|     32553959.07|        131|00:00:10|+0.01|0.05|0.8462|
|=|         31|          7|        494|     32563026.45|        138|00:00:10|+0.01|0.04|0.8500|
|=|         32|          7|        494|     32560582.91|        145|00:00:10|+0.01|0.04|0.8480|
|=|         33|          7|        494|     32560013.48|        152|00:00:10|+0.01|0.04|0.8508|
|=|         34|          7|        494|     32557454.03|        159|00:00:10|+0.01|0.04|0.8494|
|=|         35|          7|        494|     32560596.00|        166|00:00:10|+0.01|0.04|0.8464|
|=|         36|          7|        494|     32564103.36|        173|00:00:10|+0.02|0.04|0.8414|
|=|         37|          7|        494|     32562709.57|        180|00:00:10|+0.01|0.03|0.8494|
|=|         38|          7|        494|     32562587.50|        187|00:00:10|+0.01|0.03|0.8517|
|=|         39|          7|        494|     32563437.95|        194|00:00:10|-0.00|0.03|0.8563|
|=|         40|          7|        494|     32568764.23|        201|00:00:10|+0.00|0.03|0.8533|
|=|         41|          7|        494|     32565367.20|        208|00:00:10|+0.00|0.03|0.8502|
|=|         42|          7|        494|     32578537.17|        215|00:00:10|+0.01|0.03|0.8481|
|=|         43|          7|        494|     32576238.93|        222|00:00:10|+0.01|0.03|0.8476|
|=|         44|          7|        517|     32571438.57|        229|00:00:10|+0.00|0.03|0.8504|
|=|         45|          7|        517|     32568903.60|        236|00:00:10|+0.01|0.03|0.8473|
|=|         46|          7|        494|     32570605.83|        243|00:00:10|+0.00|0.02|0.8522|
|=|         47|          7|        517|     32567950.87|        250|00:00:10|+0.00|0.02|0.8529|
|=|         48|          7|        494|     32567226.21|        257|00:00:10|+0.00|0.02|0.8518|
|=|         49|          7|        494|     32572707.04|        264|00:00:10|+0.01|0.03|0.8480|
|=|         50|          7|        494|     32568055.40|        271|00:00:10|+0.00|0.02|0.8510|
|=|         51|          7|        236|     32563201.20|        278|00:00:10|-0.00|0.02|0.8535|
|=|         52|          7|        494|     32563003.60|        285|00:00:10|+0.00|0.02|0.8537|
|=|         53|          7|        494|     32563482.91|        292|00:00:10|-0.00|0.02|0.8565|
|=|         54|          7|        494|     32561045.00|        299|00:00:10|-0.00|0.02|0.8562|
|=|         55|          7|        494|     32567978.73|        306|00:00:10|-0.01|0.01|0.8597|
|=|         56|          7|        494|     32570033.61|        313|00:00:10|-0.01|0.01|0.8611|
|=|         57|          7|        494|     32569236.58|        320|00:00:10|-0.01|0.01|0.8601|
|=|         58|          7|        494|     32564333.95|        327|00:00:10|-0.01|0.01|0.8598|
|=|         59|          7|        494|     32571029.37|        334|00:00:10|-0.01|0.01|0.8607|
|=|         60|          7|        494|     32567969.22|        341|00:00:10|-0.01|0.01|0.8601|
|=|         61|          7|        494|     32563504.61|        348|00:00:10|-0.00|0.01|0.8570|
|=|         62|          7|        494|     32563744.00|        355|00:00:10|-0.00|0.01|0.8556|
|=|         63|          7|        494|     32567437.98|        362|00:00:10|-0.00|0.01|0.8557|
|=|         64|          7|        494|     32563361.00|        369|00:00:10|-0.00|0.02|0.8556|
|=|         65|          7|        494|     32561733.20|        376|00:00:10|-0.00|0.01|0.8584|
|=|         66|          7|        494|     32563857.32|        383|00:00:10|-0.00|0.01|0.8575|
|=|         67|          7|        494|     32563186.73|        390|00:00:10|+0.00|0.02|0.8556|
|=|         68|          7|        494|     32563778.57|        397|00:00:10|+0.00|0.02|0.8541|
|=|         69|          7|        494|     32562806.01|        404|00:00:10|+0.00|0.02|0.8544|
|=|         70|          7|        494|     32561459.20|        411|00:00:10|+0.00|0.01|0.8556|
|=|         71|          7|        494|     32563762.55|        418|00:00:10|+0.00|0.02|0.8535|
|=|         72|          7|        494|     32561506.07|        425|00:00:10|+0.00|0.02|0.8523|
|=|         73|          7|        494|     32559390.51|        432|00:00:10|+0.00|0.02|0.8521|
|=|         74|          7|        494|     32557785.28|        439|00:00:10|+0.00|0.02|0.8516|
|=|         75|          7|        504|     32550920.87|        446|00:00:10|-0.00|0.01|0.8541|
|=|         76|          7|        494|     32553847.61|        453|00:00:10|+0.00|0.01|0.8532|
|=|         77|          7|        494|     32553984.21|        460|00:00:10|+0.00|0.02|0.8511|
|=|         78|          7|        494|     32549858.47|        467|00:00:10|+0.00|0.02|0.8491|
|=|         79|          7|        504|     32543481.59|        474|00:00:10|+0.00|0.02|0.8502|
|=|         80|          7|        504|     32543410.90|        481|00:00:10|+0.00|0.02|0.8499|
|=|         81|          7|        504|     32541094.85|        488|00:00:10|+0.00|0.02|0.8509|
|=|         82|          7|        504|     32537843.57|        495|00:00:10|+0.00|0.02|0.8507|
|=|         83|          7|        504|     32536160.19|        502|00:00:10|+0.00|0.02|0.8497|
|=|         84|          7|        504|     32537979.00|        509|00:00:10|+0.01|0.02|0.8480|
|=|         85|          7|        504|     32537629.38|        516|00:00:10|+0.01|0.02|0.8479|
|=|         86|          7|        504|     32538781.49|        523|00:00:10|+0.01|0.02|0.8460|
|=|         87|          7|        504|     32539720.23|        530|00:00:10|+0.01|0.02|0.8455|
|=|         88|          7|        504|     32537264.73|        537|00:00:10|+0.01|0.02|0.8436|
|=|         89|          7|        504|     32536616.11|        544|00:00:10|+0.01|0.02|0.8431|
|=|         90|          7|        504|     32534452.82|        551|00:00:10|+0.01|0.02|0.8410|
|-|         91|          6|        504|     32532808.08|        558|00:00:10|+0.00|0.01|0.8295|
|=|         92|          6|        504|     32533061.30|        564|00:00:10|-0.00|0.01|0.8311|
|=|         93|          6|        504|     32532241.26|        570|00:00:10|+0.00|0.01|0.8295|
|=|         94|          6|        504|     32529458.78|        576|00:00:10|+0.00|0.01|0.8281|
|=|         95|          6|        504|     32532872.81|        582|00:00:10|+0.00|0.01|0.8280|
|=|         96|          6|        504|     32536562.42|        588|00:00:10|+0.00|0.01|0.8279|
|=|         97|          6|        504|     32538171.84|        594|00:00:10|+0.00|0.01|0.8279|
|=|         98|          6|        504|     32536841.70|        600|00:00:10|+0.00|0.01|0.8265|
|=|         99|          6|        504|     32537144.58|        606|00:00:10|+0.00|0.01|0.8270|
|=|        100|          6|        504|     32536827.23|        612|00:00:10|+0.00|0.01|0.8258|
|=|        101|          6|        504|     32540893.07|        618|00:00:10|+0.01|0.02|0.8249|
|=|        102|          6|        504|     32538559.72|        624|00:00:10|+0.01|0.02|0.8239|
|=|        103|          6|        504|     32539098.67|        630|00:00:10|+0.01|0.02|0.8259|
|=|        104|          6|        504|     32538573.40|        636|00:00:10|+0.01|0.02|0.8252|
|=|        105|          6|        491|     32538568.32|        642|00:00:10|+0.01|0.01|0.8270|
|=|        106|          6|        491|     32538436.88|        648|00:00:10|+0.00|0.01|0.8264|
|=|        107|          6|        491|     32541658.18|        654|00:00:10|+0.00|0.01|0.8274|
|=|        108|          6|        491|     32545070.36|        660|00:00:10|+0.00|0.01|0.8275|
|=|        109|          6|        491|     32547848.55|        666|00:00:10|+0.00|0.01|0.8279|
|=|        110|          6|        491|     32545951.53|        672|00:00:10|+0.00|0.01|0.8283|
|=|        111|          6|        491|     32545755.93|        678|00:00:10|+0.00|0.01|0.8279|
|=|        112|          6|        491|     32546104.46|        684|00:00:10|+0.00|0.01|0.8292|
|=|        113|          6|        491|     32547389.06|        690|00:00:10|+0.00|0.01|0.8296|
|=|        114|          6|        491|     32548561.26|        696|00:00:10|+0.00|0.01|0.8305|
|=|        115|          6|        491|     32548532.50|        702|00:00:10|+0.00|0.01|0.8300|
|=|        116|          6|        491|     32546242.45|        708|00:00:10|+0.00|0.01|0.8306|
|=|        117|          6|        491|     32546421.25|        714|00:00:10|+0.00|0.01|0.8310|
|=|        118|          6|        491|     32546242.62|        720|00:00:10|+0.00|0.01|0.8304|
|=|        119|          6|        491|     32544004.15|        726|00:00:10|+0.00|0.01|0.8299|
|=|        120|          6|        491|     32542688.88|        732|00:00:10|+0.00|0.01|0.8293|
|=|        121|          6|        491|     32544546.42|        738|00:00:10|+0.00|0.01|0.8300|
|=|        122|          6|        491|     32547758.94|        744|00:00:10|+0.00|0.01|0.8289|
|=|        123|          6|        491|     32549589.43|        750|00:00:10|+0.00|0.01|0.8293|
|=|        124|          6|        491|     32552782.12|        756|00:00:10|+0.00|0.01|0.8285|
|=|        125|          6|        491|     32551680.54|        762|00:00:10|+0.00|0.01|0.8293|
|=|        126|          6|        491|     32554081.29|        768|00:00:10|+0.00|0.01|0.8286|
|=|        127|          6|        491|     32552636.38|        774|00:00:10|+0.00|0.01|0.8283|
|=|        128|          6|        491|     32553520.59|        780|00:00:10|+0.00|0.01|0.8282|
|=|        129|          6|        491|     32554316.84|        786|00:00:10|+0.00|0.01|0.8293|
|=|        130|          6|        491|     32555784.32|        792|00:00:10|+0.00|0.01|0.8289|
|=|        131|          6|        491|     32554482.66|        798|00:00:10|+0.00|0.01|0.8290|
|=|        132|          6|        491|     32556381.42|        804|00:00:10|+0.00|0.01|0.8287|
|=|        133|          6|        491|     32557085.64|        810|00:00:10|+0.01|0.01|0.8282|
|=|        134|          6|        491|     32556558.55|        816|00:00:10|+0.01|0.01|0.8271|
|=|        135|          6|        491|     32554768.41|        822|00:00:10|+0.01|0.01|0.8282|
|=|        136|          6|        491|     32558286.25|        828|00:00:10|+0.01|0.01|0.8286|
|=|        137|          6|        491|     32557784.09|        834|00:00:10|+0.01|0.01|0.8280|
|=|        138|          6|        491|     32557234.51|        840|00:00:10|+0.01|0.01|0.8273|
|=|        139|          6|        491|     32555499.71|        846|00:00:10|+0.01|0.01|0.8277|
|=|        140|          6|        491|     32553893.17|        852|00:00:10|+0.01|0.01|0.8273|
|=|        141|          6|        491|     32551472.72|        858|00:00:10|+0.01|0.01|0.8279|
|=|        142|          6|        491|     32555085.04|        864|00:00:10|+0.01|0.01|0.8273|
|=|        143|          6|        491|     32555632.17|        870|00:00:10|+0.01|0.01|0.8267|
|=|        144|          6|        491|     32557927.95|        876|00:00:10|+0.01|0.01|0.8270|
|=|        145|          6|        491|     32555762.04|        882|00:00:10|+0.01|0.01|0.8261|
|=|        146|          6|        491|     32555511.51|        888|00:00:10|+0.01|0.01|0.8254|
|=|        147|          6|        491|     32556058.32|        894|00:00:10|+0.01|0.01|0.8267|
|=|        148|          6|        491|     32556739.23|        900|00:00:10|+0.01|0.01|0.8271|
|=|        149|          6|        491|     32556183.46|        906|00:00:10|+0.00|0.01|0.8281|
|=|        150|          6|        491|     32555406.03|        912|00:00:10|+0.00|0.01|0.8293|
|=|        151|          6|        491|     32555408.70|        918|00:00:10|+0.00|0.01|0.8291|
|=|        152|          6|        491|     32557487.66|        924|00:00:10|+0.00|0.01|0.8293|
|=|        153|          6|        504|     32554667.98|        930|00:00:10|+0.00|0.01|0.8299|
|=|        154|          6|        491|     32554524.06|        936|00:00:10|+0.00|0.01|0.8302|
|=|        155|          6|        491|     32554757.79|        942|00:00:10|+0.00|0.01|0.8296|
|=|        156|          6|        491|     32551768.17|        948|00:00:10|+0.00|0.01|0.8291|
|=|        157|          6|        491|     32551934.58|        954|00:00:10|+0.00|0.01|0.8287|
|=|        158|          6|        491|     32552763.30|        960|00:00:10|+0.00|0.01|0.8287|
|=|        159|          6|        491|     32551214.26|        966|00:00:10|+0.00|0.01|0.8284|
|=|        160|          6|        491|     32551578.35|        972|00:00:10|+0.00|0.01|0.8281|
|=|        161|          6|        491|     32551207.21|        978|00:00:10|+0.00|0.01|0.8281|
|=|        162|          6|        491|     32552214.40|        984|00:00:10|+0.00|0.01|0.8281|
|=|        163|          6|        491|     32554189.13|        990|00:00:10|+0.00|0.01|0.8281|
|=|        164|          6|        491|     32553291.31|        996|00:00:10|+0.00|0.01|0.8279|
|=|        165|          6|        491|     32554042.99|       1002|00:00:10|+0.00|0.01|0.8279|
|=|        166|          6|        491|     32552859.20|       1008|00:00:10|+0.00|0.01|0.8276|
|=|        167|          6|        491|     32553250.31|       1014|00:00:10|+0.00|0.01|0.8286|
|=|        168|          6|        491|     32552124.04|       1020|00:00:10|+0.00|0.01|0.8292|
|=|        169|          6|        491|     32553258.89|       1026|00:00:10|+0.00|0.01|0.8292|
|=|        170|          6|        491|     32554017.68|       1032|00:00:10|+0.00|0.01|0.8283|
|=|        171|          6|        491|     32553625.16|       1038|00:00:10|+0.00|0.01|0.8281|
|=|        172|          6|        491|     32555209.42|       1044|00:00:10|+0.00|0.01|0.8278|
|=|        173|          6|        491|     32554092.28|       1050|00:00:10|+0.00|0.01|0.8283|
|=|        174|          6|        491|     32555610.09|       1056|00:00:10|+0.00|0.01|0.8287|
|=|        175|          6|        491|     32555280.17|       1062|00:00:10|+0.00|0.01|0.8282|
|=|        176|          6|        491|     32556023.03|       1068|00:00:10|+0.00|0.01|0.8288|
|=|        177|          6|        491|     32554559.44|       1074|00:00:10|+0.00|0.01|0.8282|
|=|        178|          6|        491|     32555148.68|       1080|00:00:10|+0.00|0.01|0.8274|
|=|        179|          6|        491|     32555952.85|       1086|00:00:10|+0.00|0.01|0.8273|
|=|        180|          6|        491|     32554013.01|       1092|00:00:10|+0.00|0.01|0.8268|
|=|        181|          6|        491|     32554407.88|       1098|00:00:10|+0.01|0.01|0.8260|
|=|        182|          6|        491|     32555094.92|       1104|00:00:10|+0.01|0.01|0.8261|
|=|        183|          6|        491|     32555096.11|       1110|00:00:10|+0.00|0.01|0.8266|
|=|        184|          6|        491|     32555330.93|       1116|00:00:10|+0.01|0.01|0.8263|
|=|        185|          6|        491|     32554666.96|       1122|00:00:10|+0.01|0.01|0.8258|
|=|        186|          6|        491|     32555803.91|       1128|00:00:10|+0.01|0.01|0.8254|
|=|        187|          6|        491|     32556432.14|       1134|00:00:10|+0.01|0.01|0.8249|
|=|        188|          6|        491|     32555005.72|       1140|00:00:10|+0.01|0.01|0.8248|
|=|        189|          6|        491|     32553749.07|       1146|00:00:10|+0.01|0.01|0.8250|
|-|        190|          3|        491|     32555008.44|       1152|00:00:10|+0.00|0.01|0.6629|
|=|        191|          3|        491|     32555173.08|       1155|00:00:10|+0.00|0.01|0.6627|
|=|        192|          3|        491|     32553643.33|       1158|00:00:10|+0.00|0.01|0.6627|
|=|        193|          3|        491|     32553963.45|       1161|00:00:10|+0.00|0.01|0.6634|
|=|        194|          3|        491|     32552878.59|       1164|00:00:10|+0.00|0.01|0.6641|
|=|        195|          3|        491|     32552478.25|       1167|00:00:10|+0.00|0.01|0.6638|
|=|        196|          3|        491|     32550761.94|       1170|00:00:10|+0.00|0.01|0.6632|
|=|        197|          3|        491|     32550464.66|       1173|00:00:10|+0.00|0.01|0.6639|
|=|        198|          3|        491|     32550028.57|       1176|00:00:10|+0.00|0.01|0.6640|
|=|        199|          3|        491|     32551069.99|       1179|00:00:10|+0.00|0.01|0.6638|
|=|        200|          3|        491|     32552426.41|       1182|00:00:10|+0.00|0.01|0.6632|
|=|        201|          3|        491|     32551147.48|       1185|00:00:10|+0.00|0.01|0.6633|
|=|        202|          3|        491|     32549751.64|       1188|00:00:10|+0.00|0.01|0.6633|
|=|        203|          3|        491|     32549811.60|       1191|00:00:10|+0.00|0.01|0.6635|
|=|        204|          3|        491|     32550408.98|       1194|00:00:10|+0.00|0.01|0.6629|
|=|        205|          3|        491|     32549485.75|       1197|00:00:10|+0.00|0.01|0.6625|
|=|        206|          3|        491|     32549261.95|       1200|00:00:10|+0.00|0.01|0.6623|
|=|        207|          3|        491|     32550895.15|       1203|00:00:10|+0.00|0.01|0.6621|
|=|        208|          3|        491|     32551662.56|       1206|00:00:10|+0.00|0.01|0.6628|
|=|        209|          3|        491|     32553242.54|       1209|00:00:10|+0.00|0.01|0.6634|
|=|        210|          3|        491|     32551696.49|       1212|00:00:10|+0.00|0.01|0.6641|
|=|        211|          3|        491|     32550376.71|       1215|00:00:10|+0.00|0.01|0.6635|
|=|        212|          3|        491|     32549395.64|       1218|00:00:10|+0.00|0.01|0.6635|
|=|        213|          3|        491|     32550686.44|       1221|00:00:10|+0.00|0.01|0.6633|
|=|        214|          3|        491|     32550661.41|       1224|00:00:10|+0.00|0.01|0.6629|
|=|        215|          3|        491|     32549901.19|       1227|00:00:10|+0.00|0.01|0.6630|
|=|        216|          3|        491|     32548753.01|       1230|00:00:10|+0.00|0.01|0.6628|
|=|        217|          3|        491|     32548404.65|       1233|00:00:10|+0.00|0.01|0.6623|
|=|        218|          3|        491|     32549526.05|       1236|00:00:10|+0.00|0.01|0.6617|
|=|        219|          3|        491|     32549737.27|       1239|00:00:10|+0.00|0.01|0.6622|
|=|        220|          3|        491|     32548912.64|       1242|00:00:10|+0.00|0.01|0.6617|
|=|        221|          3|        491|     32549699.07|       1245|00:00:10|+0.01|0.01|0.6614|
|=|        222|          3|        491|     32547912.92|       1248|00:00:10|+0.00|0.01|0.6621|
|=|        223|          3|        491|     32549336.86|       1251|00:00:10|+0.00|0.01|0.6619|
|=|        224|          3|        491|     32550547.59|       1254|00:00:10|+0.01|0.01|0.6617|
|=|        225|          3|        491|     32550136.59|       1257|00:00:10|+0.00|0.01|0.6621|
|=|        226|          3|        491|     32550728.32|       1260|00:00:10|+0.00|0.01|0.6624|
|=|        227|          3|        491|     32552800.00|       1263|00:00:10|+0.01|0.01|0.6619|
|=|        228|          3|        491|     32554797.30|       1266|00:00:10|+0.01|0.01|0.6616|
|=|        229|          3|        491|     32555046.07|       1269|00:00:10|+0.01|0.01|0.6610|
|=|        230|          3|        491|     32554645.47|       1272|00:00:10|+0.01|0.01|0.6613|
|=|        231|          3|        504|     32557901.98|       1275|00:00:10|+0.01|0.01|0.6610|
|=|        232|          3|        491|     32553816.92|       1278|00:00:10|+0.01|0.01|0.6605|
|-|        233|          2|        504|     32557687.43|       1281|00:00:10|-0.00|0.00|0.5021|
|=|        234|          2|        491|     32555294.25|       1283|00:00:10|-0.00|0.00|0.5021|
|=|        235|          2|        491|     32555948.78|       1285|00:00:10|-0.00|0.00|0.5021|
|=|        236|          2|        491|     32555794.89|       1287|00:00:10|-0.00|0.00|0.5021|
|=|        237|          2|        491|     32556043.73|       1289|00:00:10|-0.00|0.00|0.5020|
|=|        238|          2|        491|     32556048.25|       1291|00:00:10|-0.00|0.00|0.5021|
|=|        239|          2|        491|     32557554.53|       1293|00:00:10|-0.00|0.00|0.5021|
|=|        240|          2|        491|     32556445.38|       1295|00:00:10|-0.00|0.00|0.5021|
|=|        241|          2|        491|     32556031.03|       1297|00:00:10|-0.00|0.00|0.5021|
|=|        242|          2|        491|     32554848.52|       1299|00:00:10|-0.00|0.00|0.5020|
|=|        243|          2|        491|     32555929.56|       1301|00:00:10|-0.00|0.00|0.5020|
|=|        244|          2|        491|     32556907.39|       1303|00:00:10|-0.00|0.00|0.5020|
|=|        245|          2|        491|     32557772.93|       1305|00:00:10|-0.00|0.00|0.5020|
|=|        246|          2|        491|     32557618.69|       1307|00:00:10|-0.00|0.00|0.5020|
|=|        247|          2|        491|     32559066.75|       1309|00:00:10|-0.00|0.00|0.5020|
|=|        248|          2|        491|     32561004.42|       1311|00:00:10|-0.00|0.00|0.5020|
|=|        249|          2|        491|     32560897.24|       1313|00:00:10|-0.00|0.00|0.5020|
|=|        250|          2|        491|     32561268.94|       1315|00:00:10|-0.00|0.00|0.5020|
|=|        251|          2|        491|     32561118.40|       1317|00:00:10|-0.00|0.00|0.5020|
|=|        252|          2|        491|     32560713.79|       1319|00:00:10|-0.00|0.00|0.5020|
|=|        253|          2|        504|     32564735.23|       1321|00:00:10|-0.00|0.00|0.5020|
|=|        254|          2|        491|     32559486.34|       1323|00:00:10|-0.00|0.00|0.5020|
|=|        255|          2|        491|     32559946.42|       1325|00:00:10|-0.00|0.00|0.5020|
|=|        256|          2|        491|     32559748.30|       1327|00:00:10|-0.00|0.00|0.5020|
|=|        257|          2|        504|     32561672.36|       1329|00:00:10|-0.00|0.00|0.5019|
|=|        258|          2|        491|     32558382.59|       1331|00:00:10|-0.00|0.00|0.5019|
|=|        259|          2|        491|     32558615.87|       1333|00:00:10|-0.00|0.00|0.5019|
|=|        260|          2|        491|     32558902.91|       1335|00:00:10|-0.00|0.00|0.5019|
|=|        261|          2|        491|     32559469.95|       1337|00:00:10|-0.00|0.00|0.5019|
|=|        262|          2|        491|     32559406.28|       1339|00:00:10|-0.00|0.00|0.5019|
|=|        263|          2|        491|     32558966.79|       1341|00:00:10|-0.00|0.00|0.5018|
|=|        264|          2|        491|     32559793.41|       1343|00:00:10|-0.00|0.00|0.5019|
|=|        265|          2|        491|     32560197.06|       1345|00:00:10|-0.00|0.00|0.5018|
|=|        266|          2|        491|     32560561.18|       1347|00:00:10|-0.00|0.00|0.5019|
|=|        267|          2|        491|     32561038.58|       1349|00:00:10|-0.00|0.00|0.5018|
|=|        268|          2|        491|     32560666.48|       1351|00:00:10|-0.00|0.00|0.5018|
|=|        269|          2|        491|     32560573.85|       1353|00:00:10|-0.00|0.00|0.5018|
|=|        270|          2|        491|     32559455.59|       1355|00:00:10|-0.00|0.00|0.5017|
|=|        271|          2|        491|     32559542.62|       1357|00:00:10|-0.00|0.00|0.5017|
|=|        272|          2|        491|     32559525.46|       1359|00:00:10|-0.00|0.00|0.5016|
|=|        273|          2|        491|     32558250.88|       1361|00:00:10|-0.00|0.00|0.5015|
|=|        274|          2|        491|     32559709.16|       1363|00:00:10|-0.00|0.00|0.5014|
|=|        275|          2|        491|     32558951.85|       1365|00:00:10|-0.00|0.00|0.5013|
|=|        276|          2|        491|     32558751.49|       1367|00:00:10|-0.00|0.00|0.5014|
|=|        277|          2|        491|     32559489.28|       1369|00:00:10|-0.00|0.00|0.5013|
|=|        278|          2|        491|     32559248.17|       1371|00:00:10|-0.00|0.00|0.5012|
|=|        279|          2|        491|     32559006.28|       1373|00:00:10|-0.00|0.00|0.5010|
|=|        280|          2|        491|     32560107.12|       1375|00:00:10|-0.00|0.00|0.5009|
|=|        281|          2|        491|     32560302.52|       1377|00:00:10|-0.00|0.00|0.5007|
|-|        282|          1|        491|     32559682.23|       1379|00:00:10|   NA|  NA|    NA|
+-+-----------+-----------+-----------+----------------+-----------+--------+-----+----+------+
Best-so-far configuration:         491    mean value:      32559682.23
Description of the best-so-far configuration:
    .ID. algorithm localsearch alpha beta  rho ants   q0 rasrank elitistants
491  491       acs           3  4.08    1 0.83   70 0.56      NA          NA
    nnls dlb .PARENT.
491   11   1      434

# 2025-09-02 04:31:28 -04: Elite configurations (first number is the configuration ID; listed from best to worst according to the sum of ranks):
    algorithm localsearch alpha beta  rho ants   q0 rasrank elitistants nnls
491       acs           3  4.08    1 0.83   70 0.56      NA          NA   11
    dlb
491   1
# Total CPU user time: 60139.5, CPU sys time: 396.574, Wall-clock time: 8006.204
    .ID. algorithm localsearch alpha beta  rho ants   q0 rasrank elitistants
491  491       acs           3  4.08    1 0.83   70 0.56      NA          NA
    nnls dlb .PARENT. .RANK. .WEIGHT.
491   11   1      434      1        1
