# 2025-08-30 14:01:39 -04: Reading parameter file '/home/pestobar/Activities/irace-test-executions/ACOTSP/Scenarios/BL-22/Runs/BL-22_seed_9876543210/parameters.txt'.
# 2025-08-30 14:01:39 -04: 1 expression(s) specifying forbidden configurations read.
# 2025-08-30 14:01:39 -04: Initialization
# Elitist race
# Elitist new instances: 1
# Elitist limit: 2
# nbIterations: 5
# minNbSurvival: 5
# nbParameters: 11
# seed: 1085823915
# confidence level: 0.95
# budget: 2750
# mu: 5
# deterministic: FALSE

# 2025-08-30 14:01:39 -04: Iteration 1 of 5
# experimentsUsed: 0
# remainingBudget: 2750
# currentBudget: 550
# nbConfigurations: 22
# Markers:
     x No test is performed.
     c Configurations are discarded only due to capping.
     - The test is performed and some configurations are discarded.
     = The test is performed but no configuration is discarded.
     ! The test is performed and configurations could be discarded but elite configurations are preserved.
     . All alive configurations are elite and nothing is discarded.

+-+-----------+-----------+-----------+----------------+-----------+--------+-----+----+------+
| |   Instance|      Alive|       Best|       Mean best| Exp so far|  W time|  rho|KenW|  Qvar|
+-+-----------+-----------+-----------+----------------+-----------+--------+-----+----+------+
|x|          1|         22|         13|     32718685.00|         22|00:00:49|   NA|  NA|    NA|
|x|          2|         22|         13|     32653101.00|         44|00:00:49|+0.95|0.98|0.0005|
|x|          3|         22|         13|     32678773.33|         66|00:00:50|+0.96|0.98|0.0008|
|x|          4|         22|         13|     32748244.50|         88|00:00:49|+0.97|0.98|0.0008|
|-|          5|          2|         13|     32714708.20|        110|00:00:49|-0.20|0.04|0.6000|
+-+-----------+-----------+-----------+----------------+-----------+--------+-----+----+------+
Best-so-far configuration:          13    mean value:      32714708.20
Description of the best-so-far configuration:
   .ID. algorithm localsearch alpha beta  rho ants q0 rasrank elitistants nnls
13   13       ras           3  3.58 5.84 0.97   79 NA      88          NA   14
   dlb .PARENT.
13   1       NA

# 2025-08-30 14:05:48 -04: Elite configurations (first number is the configuration ID; listed from best to worst according to the sum of ranks):
   algorithm localsearch alpha beta  rho ants q0 rasrank elitistants nnls dlb
13       ras           3  3.58 5.84 0.97   79 NA      88          NA   14   1
19       eas           3  2.80 4.90 0.45  100 NA      NA         384   44   0
# 2025-08-30 14:05:48 -04: Iteration 2 of 5
# experimentsUsed: 110
# remainingBudget: 2640
# currentBudget: 660
# nbConfigurations: 22
# Markers:
     x No test is performed.
     c Configurations are discarded only due to capping.
     - The test is performed and some configurations are discarded.
     = The test is performed but no configuration is discarded.
     ! The test is performed and configurations could be discarded but elite configurations are preserved.
     . All alive configurations are elite and nothing is discarded.

+-+-----------+-----------+-----------+----------------+-----------+--------+-----+----+------+
| |   Instance|      Alive|       Best|       Mean best| Exp so far|  W time|  rho|KenW|  Qvar|
+-+-----------+-----------+-----------+----------------+-----------+--------+-----+----+------+
|x|          6|         22|         27|     32279426.00|         22|00:00:40|   NA|  NA|    NA|
|x|          2|         22|         27|     32403877.50|         42|00:00:34|+0.91|0.96|0.0011|
|x|          1|         22|         27|     32512242.67|         62|00:00:33|+0.92|0.95|0.0017|
|x|          5|         22|         27|     32528861.25|         82|00:00:35|+0.91|0.93|0.0020|
|-|          4|          4|         27|     32605249.40|        102|00:00:33|-0.12|0.10|0.8174|
+-+-----------+-----------+-----------+----------------+-----------+--------+-----+----+------+
Best configuration for the instances in this race: 27
Best-so-far configuration:          13    mean value:      32676515.83
Description of the best-so-far configuration:
   .ID. algorithm localsearch alpha beta  rho ants q0 rasrank elitistants nnls
13   13       ras           3  3.58 5.84 0.97   79 NA      88          NA   14
   dlb .PARENT.
13   1       NA

# 2025-08-30 14:08:44 -04: Elite configurations (first number is the configuration ID; listed from best to worst according to the sum of ranks):
   algorithm localsearch alpha beta  rho ants q0 rasrank elitistants nnls dlb
13       ras           3  3.58 5.84 0.97   79 NA      88          NA   14   1
19       eas           3  2.80 4.90 0.45  100 NA      NA         384   44   0
27       eas           3  2.98 8.11 0.70   61 NA      NA         226   20   1
33       eas           3  3.80 2.91 0.98   96 NA      NA          81   29   0
# 2025-08-30 14:08:44 -04: Iteration 3 of 5
# experimentsUsed: 212
# remainingBudget: 2538
# currentBudget: 846
# nbConfigurations: 22
# Markers:
     x No test is performed.
     c Configurations are discarded only due to capping.
     - The test is performed and some configurations are discarded.
     = The test is performed but no configuration is discarded.
     ! The test is performed and configurations could be discarded but elite configurations are preserved.
     . All alive configurations are elite and nothing is discarded.

+-+-----------+-----------+-----------+----------------+-----------+--------+-----+----+------+
| |   Instance|      Alive|       Best|       Mean best| Exp so far|  W time|  rho|KenW|  Qvar|
+-+-----------+-----------+-----------+----------------+-----------+--------+-----+----+------+
|x|          7|         22|         55|     32890208.00|         22|00:01:00|   NA|  NA|    NA|
|x|          2|         22|         55|     32655930.50|         40|00:00:50|+0.94|0.97|0.0035|
|x|          3|         22|         55|     32697876.67|         60|00:00:47|+0.93|0.96|0.0026|
|x|          1|         22|         55|     32694827.75|         78|00:00:48|+0.93|0.95|0.0021|
|-|          6|          6|         55|     32603254.40|         96|00:00:51|+0.51|0.61|0.3382|
|!|          5|          6|         55|     32566644.83|         98|00:00:23|+0.33|0.44|0.5213|
|-|          4|          2|         55|     32594259.71|        100|00:00:20|+0.43|0.51|0.2857|
+-+-----------+-----------+-----------+----------------+-----------+--------+-----+----+------+
Best-so-far configuration:          55    mean value:      32594259.71
Description of the best-so-far configuration:
   .ID. algorithm localsearch alpha beta  rho ants   q0 rasrank elitistants
55   55       acs           3  3.63 4.84 0.74   72 0.84      NA          NA
   nnls dlb .PARENT.
55   29   0       33

# 2025-08-30 14:13:47 -04: Elite configurations (first number is the configuration ID; listed from best to worst according to the sum of ranks):
   algorithm localsearch alpha beta  rho ants   q0 rasrank elitistants nnls dlb
55       acs           3  3.63 4.84 0.74   72 0.84      NA          NA   29   0
58      mmas           3  2.89 4.65 0.43   60   NA      NA          NA   45   0
# 2025-08-30 14:13:47 -04: Iteration 4 of 5
# experimentsUsed: 312
# remainingBudget: 2438
# currentBudget: 1219
# nbConfigurations: 22
# Markers:
     x No test is performed.
     c Configurations are discarded only due to capping.
     - The test is performed and some configurations are discarded.
     = The test is performed but no configuration is discarded.
     ! The test is performed and configurations could be discarded but elite configurations are preserved.
     . All alive configurations are elite and nothing is discarded.

+-+-----------+-----------+-----------+----------------+-----------+--------+-----+----+------+
| |   Instance|      Alive|       Best|       Mean best| Exp so far|  W time|  rho|KenW|  Qvar|
+-+-----------+-----------+-----------+----------------+-----------+--------+-----+----+------+
|x|          8|         22|         75|     32552208.00|         22|00:01:12|   NA|  NA|    NA|
|x|          1|         22|         75|     32595440.00|         42|00:01:00|+0.88|0.94|0.0013|
|x|          7|         22|         75|     32710380.67|         62|00:01:01|+0.90|0.94|0.0013|
|x|          4|         22|         75|     32727527.75|         82|00:01:10|+0.90|0.92|0.0013|
|-|          3|          4|         75|     32727195.40|        102|00:01:13|+0.28|0.42|0.5717|
+-+-----------+-----------+-----------+----------------+-----------+--------+-----+----+------+
Best configuration for the instances in this race: 75
Best-so-far configuration:          55    mean value:      32596092.00
Description of the best-so-far configuration:
   .ID. algorithm localsearch alpha beta  rho ants   q0 rasrank elitistants
55   55       acs           3  3.63 4.84 0.74   72 0.84      NA          NA
   nnls dlb .PARENT.
55   29   0       33

# 2025-08-30 14:19:24 -04: Elite configurations (first number is the configuration ID; listed from best to worst according to the sum of ranks):
   algorithm localsearch alpha beta  rho ants   q0 rasrank elitistants nnls dlb
55       acs           3  3.63 4.84 0.74   72 0.84      NA          NA   29   0
58      mmas           3  2.89 4.65 0.43   60   NA      NA          NA   45   0
75       acs           3  4.72 4.69 0.50   68 0.39      NA          NA   33   0
76       acs           3  3.26 4.25 0.67   40 0.53      NA          NA   14   0
# 2025-08-30 14:19:24 -04: Iteration 5 of 5
# experimentsUsed: 414
# remainingBudget: 2336
# currentBudget: 2336
# nbConfigurations: 22
# Markers:
     x No test is performed.
     c Configurations are discarded only due to capping.
     - The test is performed and some configurations are discarded.
     = The test is performed but no configuration is discarded.
     ! The test is performed and configurations could be discarded but elite configurations are preserved.
     . All alive configurations are elite and nothing is discarded.

+-+-----------+-----------+-----------+----------------+-----------+--------+-----+----+------+
| |   Instance|      Alive|       Best|       Mean best| Exp so far|  W time|  rho|KenW|  Qvar|
+-+-----------+-----------+-----------+----------------+-----------+--------+-----+----+------+
|x|          9|         22|         87|     32655605.00|         22|00:01:08|   NA|  NA|    NA|
|x|          7|         22|         55|     32796623.50|         40|00:01:01|+0.51|0.75|0.7679|
|x|          3|         22|         85|     32785925.33|         58|00:00:50|+0.55|0.70|0.6094|
|x|          5|         22|         85|     32689678.25|         78|00:00:57|+0.55|0.66|0.5278|
|-|          2|         12|         55|     32636053.20|         98|00:01:06|-0.03|0.17|0.9155|
|=|          4|         12|         55|     32656702.50|        106|00:00:26|+0.07|0.22|0.8222|
|=|          1|         12|         82|     32646701.86|        114|00:00:27|+0.07|0.21|0.8076|
|-|          8|          8|         82|     32632956.88|        122|00:00:29|+0.01|0.14|0.7847|
|=|          6|          8|         86|     32592095.89|        128|00:00:26|+0.07|0.17|0.7424|
|=|         10|          8|         82|     32614938.90|        136|00:00:29|+0.09|0.18|0.7247|
+-+-----------+-----------+-----------+----------------+-----------+--------+-----+----+------+
Best-so-far configuration:          82    mean value:      32614938.90
Description of the best-so-far configuration:
   .ID. algorithm localsearch alpha beta  rho ants   q0 rasrank elitistants
82   82       acs           3  4.73 8.66 0.64   64 0.63      NA          NA
   nnls dlb .PARENT.
82   28   0       55

# 2025-08-30 14:26:49 -04: Elite configurations (first number is the configuration ID; listed from best to worst according to the sum of ranks):
   algorithm localsearch alpha beta  rho ants   q0 rasrank elitistants nnls dlb
82       acs           3  4.73 8.66 0.64   64 0.63      NA          NA   28   0
86       acs           3  3.20 1.61 0.48   56 0.84      NA          NA    9   0
55       acs           3  3.63 4.84 0.74   72 0.84      NA          NA   29   0
85       acs           3  2.81 5.62 0.89   71 0.76      NA          NA   23   0
84       acs           3  4.33 4.24 0.54   61 0.39      NA          NA   23   0
# 2025-08-30 14:26:49 -04: Iteration 6 of 6
# experimentsUsed: 550
# remainingBudget: 2200
# currentBudget: 2200
# nbConfigurations: 22
# Markers:
     x No test is performed.
     c Configurations are discarded only due to capping.
     - The test is performed and some configurations are discarded.
     = The test is performed but no configuration is discarded.
     ! The test is performed and configurations could be discarded but elite configurations are preserved.
     . All alive configurations are elite and nothing is discarded.

+-+-----------+-----------+-----------+----------------+-----------+--------+-----+----+------+
| |   Instance|      Alive|       Best|       Mean best| Exp so far|  W time|  rho|KenW|  Qvar|
+-+-----------+-----------+-----------+----------------+-----------+--------+-----+----+------+
|x|         11|         22|         55|     32902712.00|         22|00:00:49|   NA|  NA|    NA|
|x|          9|         22|        109|     32812889.00|         39|00:00:41|+0.41|0.70|0.7047|
|x|          1|         22|         85|     32733041.33|         56|00:00:42|+0.51|0.67|0.4845|
|x|          6|         22|        110|     32611395.25|         73|00:00:50|+0.48|0.61|0.4907|
|-|          2|         12|        109|     32584200.40|         90|00:00:48|-0.10|0.12|1.0260|
|=|          5|         12|        110|     32538897.67|         97|00:00:25|-0.11|0.08|1.0108|
|=|          8|         12|        110|     32533822.57|        104|00:00:23|-0.07|0.08|0.9833|
|=|          7|         12|        109|     32597572.00|        111|00:00:23|-0.07|0.07|0.9896|
|=|          4|         12|        109|     32609592.78|        118|00:00:21|-0.03|0.08|0.9632|
|=|         10|         12|        109|     32637105.60|        125|00:00:22|-0.02|0.08|0.9491|
|=|          3|         12|        109|     32644450.09|        132|00:00:22|-0.04|0.05|0.9649|
|=|         12|         12|        109|     32623201.58|        144|00:00:36|-0.04|0.05|0.9560|
+-+-----------+-----------+-----------+----------------+-----------+--------+-----+----+------+
Best-so-far configuration:         109    mean value:      32623201.58
Description of the best-so-far configuration:
    .ID. algorithm localsearch alpha beta  rho ants   q0 rasrank elitistants
109  109       acs           3  4.63 5.43 0.78   77 0.78      NA          NA
    nnls dlb .PARENT.
109   31   0       55

# 2025-08-30 14:33:38 -04: Elite configurations (first number is the configuration ID; listed from best to worst according to the sum of ranks):
    algorithm localsearch alpha beta  rho ants   q0 rasrank elitistants nnls
109       acs           3  4.63 5.43 0.78   77 0.78      NA          NA   31
110       acs           3  3.15 5.51 0.75   65 0.90      NA          NA   31
82        acs           3  4.73 8.66 0.64   64 0.63      NA          NA   28
104       acs           3  4.07 9.07 0.65   59 0.06      NA          NA   19
108       acs           3  3.56 8.73 0.73   55 0.79      NA          NA   28
    dlb
109   0
110   0
82    0
104   0
108   0
# 2025-08-30 14:33:38 -04: Iteration 7 of 7
# experimentsUsed: 694
# remainingBudget: 2056
# currentBudget: 2056
# nbConfigurations: 22
# Markers:
     x No test is performed.
     c Configurations are discarded only due to capping.
     - The test is performed and some configurations are discarded.
     = The test is performed but no configuration is discarded.
     ! The test is performed and configurations could be discarded but elite configurations are preserved.
     . All alive configurations are elite and nothing is discarded.

+-+-----------+-----------+-----------+----------------+-----------+--------+-----+----+------+
| |   Instance|      Alive|       Best|       Mean best| Exp so far|  W time|  rho|KenW|  Qvar|
+-+-----------+-----------+-----------+----------------+-----------+--------+-----+----+------+
|x|         13|         22|        109|     32248731.00|         22|00:01:07|   NA|  NA|    NA|
|x|          9|         22|        121|     32433947.00|         39|00:00:57|+0.22|0.61|0.4684|
|x|          1|         22|        129|     32509631.33|         56|00:00:48|+0.25|0.50|0.5219|
|x|         11|         22|        129|     32614438.75|         73|00:00:51|+0.26|0.44|0.4843|
|-|          7|         14|        129|     32679794.40|         90|00:00:53|-0.00|0.20|0.9432|
|=|          8|         14|        121|     32646816.50|         99|00:00:33|+0.01|0.17|0.8948|
|=|          2|         14|        129|     32613043.86|        108|00:00:37|+0.01|0.15|0.9040|
|=|         10|         14|        129|     32650636.88|        117|00:00:36|-0.02|0.11|0.9332|
|=|          3|         14|        129|     32654090.11|        126|00:00:36|+0.00|0.11|0.9071|
|=|         12|         14|        121|     32628693.10|        135|00:00:37|-0.01|0.09|0.9206|
|=|          4|         14|        129|     32638188.18|        144|00:00:34|-0.01|0.08|0.9277|
|=|          5|         14|        129|     32610595.08|        153|00:00:32|+0.01|0.09|0.9114|
|=|          6|         14|        121|     32581987.23|        162|00:00:36|+0.00|0.08|0.9066|
|=|         14|         14|        121|     32565885.93|        176|00:00:48|-0.01|0.07|0.9165|
+-+-----------+-----------+-----------+----------------+-----------+--------+-----+----+------+
Best-so-far configuration:         121    mean value:      32565885.93
Description of the best-so-far configuration:
    .ID. algorithm localsearch alpha beta  rho ants   q0 rasrank elitistants
121  121       acs           3  4.62 8.63 0.78   65 0.56      NA          NA
    nnls dlb .PARENT.
121   29   0       82

# 2025-08-30 14:43:50 -04: Elite configurations (first number is the configuration ID; listed from best to worst according to the sum of ranks):
    algorithm localsearch alpha beta  rho ants   q0 rasrank elitistants nnls
121       acs           3  4.62 8.63 0.78   65 0.56      NA          NA   29
129       acs           3  2.40 5.25 0.57   59 0.82      NA          NA   32
104       acs           3  4.07 9.07 0.65   59 0.06      NA          NA   19
109       acs           3  4.63 5.43 0.78   77 0.78      NA          NA   31
110       acs           3  3.15 5.51 0.75   65 0.90      NA          NA   31
    dlb
121   0
129   0
104   0
109   0
110   0
# 2025-08-30 14:43:50 -04: Iteration 8 of 8
# experimentsUsed: 870
# remainingBudget: 1880
# currentBudget: 1880
# nbConfigurations: 22
# Markers:
     x No test is performed.
     c Configurations are discarded only due to capping.
     - The test is performed and some configurations are discarded.
     = The test is performed but no configuration is discarded.
     ! The test is performed and configurations could be discarded but elite configurations are preserved.
     . All alive configurations are elite and nothing is discarded.

+-+-----------+-----------+-----------+----------------+-----------+--------+-----+----+------+
| |   Instance|      Alive|       Best|       Mean best| Exp so far|  W time|  rho|KenW|  Qvar|
+-+-----------+-----------+-----------+----------------+-----------+--------+-----+----+------+
|x|         15|         22|        135|     32453353.00|         22|00:01:07|   NA|  NA|    NA|
|x|          7|         22|        121|     32725389.50|         39|00:00:53|-0.15|0.43|1.1651|
|x|          6|         22|        121|     32565276.33|         56|00:00:56|+0.12|0.41|0.8604|
|x|          2|         22|        109|     32532260.50|         73|00:00:51|+0.21|0.41|0.7549|
|-|         10|         15|        109|     32602752.60|         90|00:00:52|-0.06|0.15|0.9599|
|=|          5|         15|        121|     32546891.67|        100|00:00:35|-0.02|0.15|0.9262|
|=|          4|         15|        109|     32586798.14|        110|00:00:33|+0.05|0.18|0.8718|
|=|          3|         15|        129|     32595073.38|        120|00:00:34|+0.09|0.20|0.8319|
|-|         13|         10|        140|     32555605.22|        130|00:00:34|-0.01|0.10|0.8851|
|=|          1|         10|        129|     32563030.40|        135|00:00:24|-0.04|0.06|0.9265|
|=|         11|         10|        129|     32596287.73|        140|00:00:25|-0.04|0.05|0.9255|
|=|         12|         10|        129|     32580655.83|        145|00:00:24|-0.06|0.03|0.9458|
|=|         14|         10|        129|     32563657.15|        150|00:00:23|-0.06|0.02|0.9430|
|=|          8|         10|        121|     32558625.21|        155|00:00:25|-0.06|0.02|0.9394|
|=|          9|         10|        121|     32562471.60|        160|00:00:26|-0.04|0.03|0.9270|
|=|         16|         10|        121|     32554535.38|        170|00:00:29|-0.03|0.03|0.9175|
+-+-----------+-----------+-----------+----------------+-----------+--------+-----+----+------+
Best-so-far configuration:         121    mean value:      32554535.38
Description of the best-so-far configuration:
    .ID. algorithm localsearch alpha beta  rho ants   q0 rasrank elitistants
121  121       acs           3  4.62 8.63 0.78   65 0.56      NA          NA
    nnls dlb .PARENT.
121   29   0       82

# 2025-08-30 14:53:50 -04: Elite configurations (first number is the configuration ID; listed from best to worst according to the sum of ranks):
    algorithm localsearch alpha beta  rho ants   q0 rasrank elitistants nnls
121       acs           3  4.62 8.63 0.78   65 0.56      NA          NA   29
129       acs           3  2.40 5.25 0.57   59 0.82      NA          NA   32
138       acs           3  4.78 9.47 0.79   65 0.33      NA          NA   39
104       acs           3  4.07 9.07 0.65   59 0.06      NA          NA   19
109       acs           3  4.63 5.43 0.78   77 0.78      NA          NA   31
    dlb
121   0
129   0
138   0
104   0
109   0
# 2025-08-30 14:53:50 -04: Iteration 9 of 9
# experimentsUsed: 1040
# remainingBudget: 1710
# currentBudget: 1710
# nbConfigurations: 22
# Markers:
     x No test is performed.
     c Configurations are discarded only due to capping.
     - The test is performed and some configurations are discarded.
     = The test is performed but no configuration is discarded.
     ! The test is performed and configurations could be discarded but elite configurations are preserved.
     . All alive configurations are elite and nothing is discarded.

+-+-----------+-----------+-----------+----------------+-----------+--------+-----+----+------+
| |   Instance|      Alive|       Best|       Mean best| Exp so far|  W time|  rho|KenW|  Qvar|
+-+-----------+-----------+-----------+----------------+-----------+--------+-----+----+------+
|x|         17|         22|        151|     32665478.00|         22|00:01:03|   NA|  NA|    NA|
|x|          4|         22|        129|     32698061.50|         39|00:00:55|+0.13|0.57|0.6480|
|x|          1|         22|        129|     32661590.67|         56|00:00:54|+0.14|0.43|0.8275|
|x|          3|         22|        129|     32666622.00|         73|00:00:56|+0.18|0.39|0.8028|
|-|         14|         15|        129|     32605232.20|         90|00:00:55|-0.09|0.13|1.0046|
|=|          6|         15|        129|     32552790.00|        100|00:00:40|-0.07|0.11|0.9971|
|=|          2|         15|        129|     32526693.29|        110|00:00:38|-0.03|0.12|0.9547|
|=|         15|         15|        129|     32527300.25|        120|00:00:38|-0.00|0.12|0.9185|
|=|          5|         15|        129|     32502830.33|        130|00:00:37|+0.01|0.12|0.9102|
|=|         12|         15|        129|     32493417.80|        140|00:00:38|-0.01|0.09|0.9364|
|=|          8|         15|        129|     32496036.36|        150|00:00:37|-0.00|0.09|0.9327|
|=|          7|         15|        129|     32533134.75|        160|00:00:35|+0.01|0.09|0.9231|
|=|         10|         15|        129|     32562415.77|        170|00:00:34|-0.01|0.07|0.9475|
|=|         16|         15|        129|     32550862.43|        180|00:00:36|-0.01|0.07|0.9433|
|=|         11|         15|        129|     32576062.33|        190|00:00:38|+0.02|0.08|0.9192|
|=|         13|         15|        129|     32557625.19|        200|00:00:34|+0.03|0.09|0.9049|
|-|          9|         10|        121|     32562255.94|        210|00:00:33|-0.01|0.05|0.9034|
|=|         18|         10|        121|     32565627.22|        220|00:00:35|-0.02|0.03|0.9144|
|=|         19|         10|        121|     32546502.63|        230|00:00:37|-0.02|0.04|0.9071|
+-+-----------+-----------+-----------+----------------+-----------+--------+-----+----+------+
Best-so-far configuration:         121    mean value:      32546502.63
Description of the best-so-far configuration:
    .ID. algorithm localsearch alpha beta  rho ants   q0 rasrank elitistants
121  121       acs           3  4.62 8.63 0.78   65 0.56      NA          NA
    nnls dlb .PARENT.
121   29   0       82

# 2025-08-30 15:07:12 -04: Elite configurations (first number is the configuration ID; listed from best to worst according to the sum of ranks):
    algorithm localsearch alpha beta  rho ants   q0 rasrank elitistants nnls
121       acs           3  4.62 8.63 0.78   65 0.56      NA          NA   29
129       acs           3  2.40 5.25 0.57   59 0.82      NA          NA   32
109       acs           3  4.63 5.43 0.78   77 0.78      NA          NA   31
160       acs           3  4.51 9.75 0.76   68 0.68      NA          NA   29
104       acs           3  4.07 9.07 0.65   59 0.06      NA          NA   19
    dlb
121   0
129   0
109   0
160   0
104   0
# 2025-08-30 15:07:12 -04: Iteration 10 of 10
# experimentsUsed: 1270
# remainingBudget: 1480
# currentBudget: 1480
# nbConfigurations: 22
# Markers:
     x No test is performed.
     c Configurations are discarded only due to capping.
     - The test is performed and some configurations are discarded.
     = The test is performed but no configuration is discarded.
     ! The test is performed and configurations could be discarded but elite configurations are preserved.
     . All alive configurations are elite and nothing is discarded.

+-+-----------+-----------+-----------+----------------+-----------+--------+-----+----+------+
| |   Instance|      Alive|       Best|       Mean best| Exp so far|  W time|  rho|KenW|  Qvar|
+-+-----------+-----------+-----------+----------------+-----------+--------+-----+----+------+
|x|         20|         22|        180|     32371373.00|         22|00:01:13|   NA|  NA|    NA|
|x|         11|         22|        177|     32655480.00|         39|00:00:58|+0.44|0.72|0.4175|
|x|         16|         22|        177|     32570082.00|         56|00:01:00|+0.13|0.42|0.7089|
|x|         10|         22|        177|     32649266.50|         73|00:00:56|+0.17|0.38|0.6579|
|-|          1|         15|        177|     32647316.40|         90|00:00:56|-0.08|0.13|1.0124|
|=|         18|         15|        177|     32649898.67|        100|00:00:32|-0.09|0.09|1.0125|
|=|         19|         15|        177|     32590648.71|        110|00:00:31|-0.11|0.05|1.0277|
|=|          3|         15|        179|     32594976.00|        120|00:00:31|-0.09|0.05|1.0146|
|=|          8|         15|        170|     32602742.22|        130|00:00:32|-0.08|0.04|1.0070|
|=|         12|         15|        170|     32571009.90|        140|00:00:34|-0.05|0.05|0.9859|
|=|          7|         15|        170|     32598676.73|        150|00:00:31|-0.02|0.07|0.9525|
|=|         15|         15|        121|     32596619.50|        160|00:00:31|-0.01|0.07|0.9350|
|=|          2|         15|        180|     32583908.69|        170|00:00:30|-0.01|0.07|0.9344|
|=|         14|         15|        121|     32571004.50|        180|00:00:30|-0.00|0.07|0.9254|
|=|         17|         15|        170|     32576663.27|        190|00:00:32|+0.02|0.08|0.9106|
|=|          9|         15|        121|     32581010.56|        200|00:00:28|+0.02|0.08|0.9066|
|=|         13|         15|        121|     32561631.88|        210|00:00:30|+0.03|0.09|0.8928|
|=|          4|         15|        121|     32574398.44|        220|00:00:31|+0.03|0.09|0.8941|
|-|          6|         11|        121|     32557064.32|        230|00:00:36|-0.00|0.05|0.9107|
|=|          5|         11|        121|     32541332.25|        236|00:00:22|-0.00|0.05|0.9083|
|=|         21|         11|        121|     32554999.76|        247|00:00:36|-0.00|0.05|0.9070|
+-+-----------+-----------+-----------+----------------+-----------+--------+-----+----+------+
Best-so-far configuration:         121    mean value:      32554999.76
Description of the best-so-far configuration:
    .ID. algorithm localsearch alpha beta  rho ants   q0 rasrank elitistants
121  121       acs           3  4.62 8.63 0.78   65 0.56      NA          NA
    nnls dlb .PARENT.
121   29   0       82

# 2025-08-30 15:20:43 -04: Elite configurations (first number is the configuration ID; listed from best to worst according to the sum of ranks):
    algorithm localsearch alpha beta  rho ants   q0 rasrank elitistants nnls
121       acs           3  4.62 8.63 0.78   65 0.56      NA          NA   29
109       acs           3  4.63 5.43 0.78   77 0.78      NA          NA   31
170       acs           3  4.70 9.14 0.76   68 0.58      NA          NA   28
129       acs           3  2.40 5.25 0.57   59 0.82      NA          NA   32
160       acs           3  4.51 9.75 0.76   68 0.68      NA          NA   29
    dlb
121   0
109   0
170   0
129   0
160   0
# 2025-08-30 15:20:43 -04: Iteration 11 of 11
# experimentsUsed: 1517
# remainingBudget: 1233
# currentBudget: 1233
# nbConfigurations: 22
# Markers:
     x No test is performed.
     c Configurations are discarded only due to capping.
     - The test is performed and some configurations are discarded.
     = The test is performed but no configuration is discarded.
     ! The test is performed and configurations could be discarded but elite configurations are preserved.
     . All alive configurations are elite and nothing is discarded.

+-+-----------+-----------+-----------+----------------+-----------+--------+-----+----+------+
| |   Instance|      Alive|       Best|       Mean best| Exp so far|  W time|  rho|KenW|  Qvar|
+-+-----------+-----------+-----------+----------------+-----------+--------+-----+----+------+
|x|         22|         22|        189|     32402688.00|         22|00:01:15|   NA|  NA|    NA|
|x|         11|         22|        170|     32669529.50|         39|00:00:56|+0.05|0.52|0.8134|
|x|         12|         22|        170|     32541492.67|         56|00:00:56|+0.20|0.46|0.6065|
|x|         14|         22|        170|     32498743.50|         73|00:00:51|+0.14|0.35|0.7122|
|=|          6|         22|        170|     32441958.00|         90|00:00:56|+0.13|0.31|0.6908|
|-|         17|          9|        170|     32481599.33|        107|00:00:58|+0.01|0.17|0.8391|
|=|          2|          9|        170|     32474309.14|        111|00:00:24|-0.04|0.11|0.8896|
|=|         18|          9|        170|     32490456.88|        115|00:00:22|-0.00|0.12|0.8748|
|=|          8|          9|        170|     32495334.56|        119|00:00:24|-0.01|0.10|0.8753|
|=|         16|          9|        170|     32496434.20|        123|00:00:21|-0.04|0.06|0.9204|
|=|          9|          9|        170|     32512467.00|        127|00:00:24|-0.02|0.07|0.8980|
|=|          4|          9|        170|     32534700.58|        131|00:00:25|-0.01|0.07|0.8924|
|=|         21|          9|        170|     32558336.00|        135|00:00:23|+0.01|0.08|0.8688|
|=|          1|          9|        170|     32564761.21|        139|00:00:24|+0.01|0.08|0.8602|
|=|         20|          9|        170|     32554070.67|        143|00:00:25|+0.02|0.09|0.8572|
|=|         19|          9|        170|     32536193.06|        147|00:00:24|+0.02|0.08|0.8579|
|=|         15|          9|        109|     32542303.53|        151|00:00:22|+0.02|0.08|0.8601|
|=|         13|          9|        109|     32525993.94|        155|00:00:21|+0.04|0.09|0.8405|
|=|          5|          9|        121|     32506267.47|        159|00:00:20|+0.03|0.08|0.8445|
|=|          7|          9|        121|     32527759.50|        163|00:00:22|+0.05|0.09|0.8313|
|=|         10|          9|        121|     32543820.38|        167|00:00:25|+0.04|0.09|0.8322|
|=|          3|          9|        121|     32553424.91|        171|00:00:24|+0.03|0.08|0.8444|
|-|         23|          7|        170|     32550110.57|        180|00:00:26|-0.00|0.04|0.8655|
|=|         24|          7|        109|     32559193.71|        187|00:00:20|-0.00|0.04|0.8633|
|=|         25|          7|        109|     32570693.04|        194|00:00:21|-0.01|0.03|0.8667|
+-+-----------+-----------+-----------+----------------+-----------+--------+-----+----+------+
Best-so-far configuration:         109    mean value:      32570693.04
Description of the best-so-far configuration:
    .ID. algorithm localsearch alpha beta  rho ants   q0 rasrank elitistants
109  109       acs           3  4.63 5.43 0.78   77 0.78      NA          NA
    nnls dlb .PARENT.
109   31   0       55

# 2025-08-30 15:34:04 -04: Elite configurations (first number is the configuration ID; listed from best to worst according to the sum of ranks):
    algorithm localsearch alpha beta  rho ants   q0 rasrank elitistants nnls
109       acs           3  4.63 5.43 0.78   77 0.78      NA          NA   31
170       acs           3  4.70 9.14 0.76   68 0.58      NA          NA   28
121       acs           3  4.62 8.63 0.78   65 0.56      NA          NA   29
129       acs           3  2.40 5.25 0.57   59 0.82      NA          NA   32
160       acs           3  4.51 9.75 0.76   68 0.68      NA          NA   29
    dlb
109   0
170   0
121   0
129   0
160   0
# 2025-08-30 15:34:04 -04: Iteration 12 of 12
# experimentsUsed: 1711
# remainingBudget: 1039
# currentBudget: 1039
# nbConfigurations: 22
# Markers:
     x No test is performed.
     c Configurations are discarded only due to capping.
     - The test is performed and some configurations are discarded.
     = The test is performed but no configuration is discarded.
     ! The test is performed and configurations could be discarded but elite configurations are preserved.
     . All alive configurations are elite and nothing is discarded.

+-+-----------+-----------+-----------+----------------+-----------+--------+-----+----+------+
| |   Instance|      Alive|       Best|       Mean best| Exp so far|  W time|  rho|KenW|  Qvar|
+-+-----------+-----------+-----------+----------------+-----------+--------+-----+----+------+
|x|         26|         22|        201|     32574343.00|         22|00:01:13|   NA|  NA|    NA|
|x|          8|         22|        121|     32531406.50|         39|00:00:47|+0.42|0.71|0.5520|
|x|         11|         22|        129|     32675896.00|         56|00:00:48|+0.26|0.51|0.7144|
|x|          9|         22|        121|     32657351.50|         73|00:01:01|+0.15|0.36|0.8372|
|=|         14|         22|        121|     32597195.00|         90|00:00:45|+0.05|0.24|0.9278|
|=|         21|         22|        121|     32635720.83|        107|00:00:49|+0.09|0.24|0.8690|
|=|         10|         22|        121|     32668480.43|        124|00:00:54|+0.09|0.22|0.8463|
|=|          7|         22|        121|     32701933.88|        141|00:00:45|+0.06|0.18|0.8728|
|=|         23|         22|        121|     32669268.00|        158|00:00:49|+0.05|0.16|0.8917|
|=|          1|         22|        216|     32672436.10|        175|00:01:02|+0.05|0.15|0.8942|
|=|         24|         22|        216|     32666861.36|        192|00:00:44|+0.04|0.13|0.9098|
|=|          2|         22|        129|     32647111.33|        209|00:00:45|+0.04|0.12|0.9046|
|=|         18|         22|        216|     32648724.00|        226|00:00:51|+0.03|0.10|0.9238|
|=|         16|         22|        129|     32633335.07|        243|00:00:47|+0.02|0.09|0.9341|
|=|         13|         22|        129|     32609850.60|        260|00:00:46|+0.02|0.09|0.9245|
|=|          4|         22|        129|     32617019.56|        277|00:00:44|+0.02|0.09|0.9261|
|-|         15|         12|        129|     32611991.88|        294|00:00:59|-0.01|0.05|0.9248|
|=|          3|         12|        129|     32615865.44|        301|00:00:20|-0.00|0.05|0.9177|
|=|         22|         12|        129|     32609688.16|        308|00:00:20|-0.01|0.04|0.9283|
|=|         17|         12|        129|     32612782.20|        315|00:00:20|-0.00|0.05|0.9173|
|=|          6|         12|        129|     32597439.19|        322|00:00:22|-0.00|0.05|0.9092|
|=|         12|         12|        129|     32588860.36|        329|00:00:20|-0.00|0.04|0.9050|
|=|         25|         12|        170|     32592795.70|        336|00:00:29|-0.00|0.04|0.9042|
|=|         19|         12|        170|     32579263.75|        343|00:00:25|+0.00|0.04|0.9033|
|=|         20|         12|        109|     32578418.96|        350|00:00:22|-0.00|0.04|0.9074|
|=|          5|         12|        109|     32571097.65|        357|00:00:21|+0.00|0.04|0.9039|
|=|         27|         12|        121|     32566339.04|        369|00:00:38|-0.00|0.03|0.9080|
+-+-----------+-----------+-----------+----------------+-----------+--------+-----+----+------+
Best-so-far configuration:         121    mean value:      32566339.04
Description of the best-so-far configuration:
    .ID. algorithm localsearch alpha beta  rho ants   q0 rasrank elitistants
121  121       acs           3  4.62 8.63 0.78   65 0.56      NA          NA
    nnls dlb .PARENT.
121   29   0       82

# 2025-08-30 15:52:43 -04: Elite configurations (first number is the configuration ID; listed from best to worst according to the sum of ranks):
    algorithm localsearch alpha beta  rho ants   q0 rasrank elitistants nnls
121       acs           3  4.62 8.63 0.78   65 0.56      NA          NA   29
129       acs           3  2.40 5.25 0.57   59 0.82      NA          NA   32
109       acs           3  4.63 5.43 0.78   77 0.78      NA          NA   31
170       acs           3  4.70 9.14 0.76   68 0.58      NA          NA   28
216       acs           3  4.78 9.18 0.74   65 0.53      NA          NA   28
    dlb
121   0
129   0
109   0
170   0
216   0
# 2025-08-30 15:52:43 -04: Iteration 13 of 13
# experimentsUsed: 2080
# remainingBudget: 670
# currentBudget: 670
# nbConfigurations: 22
# Markers:
     x No test is performed.
     c Configurations are discarded only due to capping.
     - The test is performed and some configurations are discarded.
     = The test is performed but no configuration is discarded.
     ! The test is performed and configurations could be discarded but elite configurations are preserved.
     . All alive configurations are elite and nothing is discarded.

+-+-----------+-----------+-----------+----------------+-----------+--------+-----+----+------+
| |   Instance|      Alive|       Best|       Mean best| Exp so far|  W time|  rho|KenW|  Qvar|
+-+-----------+-----------+-----------+----------------+-----------+--------+-----+----+------+
|x|         28|         22|        109|     32502564.00|         22|00:01:05|   NA|  NA|    NA|
|x|          2|         22|        109|     32463848.00|         39|00:00:47|-0.23|0.39|1.0878|
|x|         20|         22|        109|     32442323.00|         56|00:00:43|-0.03|0.31|0.9407|
|x|         24|         22|        231|     32496600.00|         73|00:00:41|-0.07|0.20|1.0288|
|=|         26|         22|        231|     32523299.00|         90|00:00:48|-0.01|0.19|0.9637|
|=|         14|         22|        231|     32486764.67|        107|00:00:49|+0.02|0.18|0.9663|
|=|         12|         22|        231|     32469797.00|        124|00:00:56|-0.00|0.14|0.9708|
|=|         17|         22|        231|     32503005.62|        141|00:00:57|-0.02|0.11|0.9755|
|=|         13|         22|        231|     32472523.22|        158|00:00:52|-0.02|0.09|0.9722|
|=|         11|         22|        231|     32526287.30|        175|00:00:55|-0.02|0.08|0.9715|
|=|          9|         22|        121|     32532314.82|        192|00:00:55|-0.02|0.08|0.9672|
|=|         25|         22|        121|     32556735.58|        209|00:00:57|-0.01|0.08|0.9557|
|=|          4|         22|        224|     32575322.77|        226|00:00:45|+0.00|0.08|0.9500|
|=|         10|         22|        224|     32596461.29|        243|00:00:46|+0.01|0.08|0.9442|
|=|          1|         22|        231|     32597382.33|        260|00:00:57|+0.02|0.09|0.9356|
|=|          6|         22|        231|     32576715.62|        277|00:01:03|+0.02|0.08|0.9379|
|=|          3|         22|        231|     32587762.59|        294|00:00:52|+0.01|0.07|0.9403|
|=|         15|         22|        216|     32583832.67|        311|00:00:57|+0.01|0.06|0.9458|
|=|          5|         22|        121|     32565506.42|        328|00:00:50|+0.01|0.06|0.9474|
|=|         23|         22|        216|     32560356.05|        345|00:00:51|+0.00|0.05|0.9491|
|=|         18|         22|        216|     32563428.33|        362|00:00:50|+0.01|0.05|0.9480|
|=|         27|         22|        121|     32565793.05|        379|00:00:59|+0.01|0.06|0.9427|
|=|          7|         22|        121|     32581893.70|        396|00:00:56|+0.02|0.06|0.9350|
|=|         21|         22|        121|     32592162.71|        413|00:00:53|+0.02|0.06|0.9286|
|=|         22|         22|        121|     32589290.32|        430|00:00:51|+0.01|0.05|0.9363|
|=|         19|         22|        121|     32574404.54|        447|00:00:53|+0.01|0.05|0.9383|
|=|          8|         22|        121|     32570780.74|        464|00:00:51|+0.01|0.05|0.9353|
|=|         16|         22|        121|     32565949.00|        481|00:00:51|+0.01|0.05|0.9375|
|=|         29|         22|        121|     32572831.03|        503|00:01:12|+0.01|0.05|0.9397|
+-+-----------+-----------+-----------+----------------+-----------+--------+-----+----+------+
Best-so-far configuration:         121    mean value:      32572831.03
Description of the best-so-far configuration:
    .ID. algorithm localsearch alpha beta  rho ants   q0 rasrank elitistants
121  121       acs           3  4.62 8.63 0.78   65 0.56      NA          NA
    nnls dlb .PARENT.
121   29   0       82

# 2025-08-30 16:18:36 -04: Elite configurations (first number is the configuration ID; listed from best to worst according to the sum of ranks):
    algorithm localsearch alpha beta  rho ants   q0 rasrank elitistants nnls
121       acs           3  4.62 8.63 0.78   65 0.56      NA          NA   29
109       acs           3  4.63 5.43 0.78   77 0.78      NA          NA   31
129       acs           3  2.40 5.25 0.57   59 0.82      NA          NA   32
170       acs           3  4.70 9.14 0.76   68 0.58      NA          NA   28
231       acs           3  4.70 9.30 0.77   66 0.58      NA          NA   28
    dlb
121   0
109   0
129   0
170   0
231   0
# 2025-08-30 16:18:36 -04: Stopped because there is not enough budget to enforce the value of nbConfigurations.
# Iteration: 14
# nbIterations: 14
# experimentsUsed: 2583
# timeUsed: 0
# remainingBudget: 167
# currentBudget: 167
# number of elites: 5
# nbConfigurations: 10
# Total CPU user time: 61129.2, CPU sys time: 197.011, Wall-clock time: 8217.128
# 2025-08-30 16:18:36 -04: Starting post-selection:
# Configurations selected: 121, 109, 129, 170, 231, 216, 160, 104, 138, 110, 82, 108, 86, 55, 85, 84.
# Pending instances: 1, 1, 1, 1, 1, 1, 3, 9, 11, 14, 16, 16, 18, 18, 18, 18.
# 2025-08-30 16:18:37 -04: seed: 1085823915
# Configurations: 16
# Available experiments: 167
# minSurvival: 1
# Markers:
     x No test is performed.
     c Configurations are discarded only due to capping.
     - The test is performed and some configurations are discarded.
     = The test is performed but no configuration is discarded.
     ! The test is performed and configurations could be discarded but elite configurations are preserved.
     . All alive configurations are elite and nothing is discarded.

+-+-----------+-----------+-----------+----------------+-----------+--------+-----+----+------+
| |   Instance|      Alive|       Best|       Mean best| Exp so far|  W time|  rho|KenW|  Qvar|
+-+-----------+-----------+-----------+----------------+-----------+--------+-----+----+------+
|.|         10|         16|        231|     32800935.00|          0|00:00:00|   NA|  NA|    NA|
|.|          9|         16|        231|     32752610.50|          0|00:00:00|-0.01|0.50|0.8928|
|x|         27|         16|        121|     32717768.00|          9|00:00:35|+0.16|0.44|0.7121|
|x|         19|         16|        121|     32588891.00|         16|00:00:20|+0.02|0.26|0.9334|
|x|         17|         16|        121|     32608269.80|         23|00:00:22|+0.09|0.27|0.8633|
|.|          4|         16|        121|     32638796.50|         23|00:00:00|+0.04|0.20|0.8927|
|x|         14|         16|        121|     32598478.29|         27|00:00:20|+0.02|0.16|0.8941|
|.|          1|         16|        121|     32604926.38|         27|00:00:00|+0.03|0.15|0.8887|
|x|         21|         16|        160|     32630202.56|         35|00:00:30|+0.07|0.17|0.8586|
|x|         28|         16|        109|     32625373.90|         45|00:00:27|+0.06|0.16|0.8672|
|x|         24|         16|        121|     32622498.55|         54|00:00:26|+0.08|0.17|0.8480|
|x|         18|         16|        121|     32622535.25|         61|00:00:20|+0.09|0.17|0.8386|
|.|          5|         16|        121|     32593295.85|         61|00:00:00|+0.10|0.17|0.8290|
|x|         20|         16|        121|     32582567.21|         69|00:00:26|+0.06|0.13|0.8592|
|x|         23|         16|        109|     32579527.87|         78|00:00:31|+0.07|0.13|0.8523|
|x|         29|         16|        121|     32583088.12|         88|00:00:26|+0.07|0.13|0.8563|
|x|         22|         16|        109|     32586208.59|         97|00:00:26|+0.04|0.10|0.8807|
|.|         11|         16|        109|     32606622.06|         97|00:00:00|+0.03|0.08|0.8989|
|x|         15|         16|        121|     32595510.84|        103|00:00:20|+0.03|0.08|0.8979|
|.|          8|         16|        121|     32589563.40|        103|00:00:00|+0.03|0.08|0.8994|
|.|         12|         16|        121|     32576146.76|        103|00:00:00|+0.03|0.08|0.8964|
|.|          6|         16|        121|     32561096.91|        103|00:00:00|+0.03|0.07|0.9002|
|x|         13|         16|        121|     32547639.35|        107|00:00:19|+0.03|0.08|0.8921|
|x|         25|         16|        121|     32559211.21|        116|00:00:26|+0.03|0.07|0.8974|
|x|         16|         16|        121|     32554262.44|        122|00:00:20|+0.03|0.07|0.8942|
|.|          7|         16|        121|     32568948.81|        122|00:00:00|+0.02|0.06|0.9011|
|x|         26|         16|        121|     32569589.63|        131|00:00:32|+0.03|0.06|0.8972|
|.|          2|         16|        121|     32566320.71|        131|00:00:00|+0.02|0.06|0.9029|
|.|          3|         16|        121|     32572831.03|        131|00:00:00|+0.03|0.06|0.8996|
|-|         30|         11|        121|     32579137.70|        147|00:00:48|-0.01|0.02|0.9196|
|=|         31|         11|        121|     32590391.10|        158|00:00:35|-0.02|0.02|0.9213|
+-+-----------+-----------+-----------+----------------+-----------+--------+-----+----+------+
Best-so-far configuration:         121    mean value:      32590391.10
Description of the best-so-far configuration:
    .ID. algorithm localsearch alpha beta  rho ants   q0 rasrank elitistants
121  121       acs           3  4.62 8.63 0.78   65 0.56      NA          NA
    nnls dlb .PARENT.
121   29   0       82

# 2025-08-30 16:27:15 -04: Elite configurations (first number is the configuration ID; listed from best to worst according to the sum of ranks):
    algorithm localsearch alpha beta  rho ants   q0 rasrank elitistants nnls
121       acs           3  4.62 8.63 0.78   65 0.56      NA          NA   29
109       acs           3  4.63 5.43 0.78   77 0.78      NA          NA   31
129       acs           3  2.40 5.25 0.57   59 0.82      NA          NA   32
170       acs           3  4.70 9.14 0.76   68 0.58      NA          NA   28
231       acs           3  4.70 9.30 0.77   66 0.58      NA          NA   28
    dlb
121   0
109   0
129   0
170   0
231   0
# Total CPU user time: 64298.17, CPU sys time: 209.135, Wall-clock time: 8735.853
    .ID. algorithm localsearch alpha beta  rho ants   q0 rasrank elitistants
121  121       acs           3  4.62 8.63 0.78   65 0.56      NA          NA
109  109       acs           3  4.63 5.43 0.78   77 0.78      NA          NA
129  129       acs           3  2.40 5.25 0.57   59 0.82      NA          NA
170  170       acs           3  4.70 9.14 0.76   68 0.58      NA          NA
231  231       acs           3  4.70 9.30 0.77   66 0.58      NA          NA
    nnls dlb .PARENT. .RANK.   .WEIGHT.
121   29   0       82    164 0.33333333
109   31   0       55    170 0.26666667
129   32   0      110    173 0.20000000
170   28   0      121    182 0.13333333
231   28   0      170    182 0.06666667
