# 2025-08-30 21:29:11 -04: Reading parameter file '/home/pestobar/Activities/irace-test-executions/PSO-X/Scenarios/BH-Mixed-32/Runs/BH-Mixed-32_seed_839201/parameters.txt'.
# 2025-08-30 21:29:11 -04: 2 expression(s) specifying forbidden configurations read.
# 2025-08-30 21:29:11 -04: Initialization
# Elitist race
# Elitist new instances: 1
# Elitist limit: 2
# nbIterations: 5
# minNbSurvival: 5
# nbParameters: 8
# seed: 839201
# confidence level: 0.95
# budget: 4000
# mu: 5
# deterministic: FALSE

# 2025-08-30 21:29:11 -04: Iteration 1 of 5
# experimentsUsed: 0
# remainingBudget: 4000
# currentBudget: 800
# nbConfigurations: 32
# Markers:
     x No test is performed.
     c Configurations are discarded only due to capping.
     - The test is performed and some configurations are discarded.
     = The test is performed but no configuration is discarded.
     ! The test is performed and configurations could be discarded but elite configurations are preserved.
     . All alive configurations are elite and nothing is discarded.

+-+-----------+-----------+-----------+----------------+-----------+--------+-----+----+------+
| |   Instance|      Alive|       Best|       Mean best| Exp so far|  W time|  rho|KenW|  Qvar|
+-+-----------+-----------+-----------+----------------+-----------+--------+-----+----+------+
|x|          1|         32|          3|     13.23982856|         32|00:00:20|   NA|  NA|    NA|
|x|          2|         32|          3|     9.640424094|         64|00:00:20|+0.72|0.86|0.8651|
|x|          3|         32|         10|     8.365200573|         96|00:00:20|+0.57|0.71|0.7616|
|x|          4|         32|          3|     30.85507480|        128|00:00:20|+0.59|0.69|0.7065|
|-|          5|          9|         16|     46.10831695|        160|00:00:21|+0.07|0.25|0.8357|
|=|          6|          9|          3|     210.1733503|        169|00:00:46|+0.05|0.20|0.8623|
|=|          7|          9|          3|     187.2166515|        178|00:00:19|+0.01|0.15|0.8692|
+-+-----------+-----------+-----------+----------------+-----------+--------+-----+----+------+
Best-so-far configuration:           3    mean value:      187.2166515
Description of the best-so-far configuration:
  .ID. particles topology modInfluence branching tSchedule phi1 phi2 inertia
3    3       156        5            0        NA         7 0.85 1.96    0.45
  .PARENT.
3       NA

# 2025-08-30 21:32:02 -04: Elite configurations (first number is the configuration ID; listed from best to worst according to the sum of ranks):
   particles topology modInfluence branching tSchedule phi1 phi2 inertia
3        156        5            0        NA         7 0.85 1.96    0.45
12        69        5            0        NA         8 2.26 1.49    0.29
16        38        4            2        NA        NA 0.62 1.10    0.37
10        44        5            1        NA         9 1.94 2.43    0.62
17       137        0            1        NA        NA 1.87 2.35    0.82
# 2025-08-30 21:32:02 -04: Iteration 2 of 5
# experimentsUsed: 178
# remainingBudget: 3822
# currentBudget: 955
# nbConfigurations: 32
# Markers:
     x No test is performed.
     c Configurations are discarded only due to capping.
     - The test is performed and some configurations are discarded.
     = The test is performed but no configuration is discarded.
     ! The test is performed and configurations could be discarded but elite configurations are preserved.
     . All alive configurations are elite and nothing is discarded.

+-+-----------+-----------+-----------+----------------+-----------+--------+-----+----+------+
| |   Instance|      Alive|       Best|       Mean best| Exp so far|  W time|  rho|KenW|  Qvar|
+-+-----------+-----------+-----------+----------------+-----------+--------+-----+----+------+
|x|          8|         32|         40|     8.202780019|         32|00:00:28|   NA|  NA|    NA|
|x|          6|         32|         46|     460.7656989|         59|00:01:35|+0.68|0.84|0.3654|
|x|          2|         32|          3|     310.7890848|         86|00:00:25|+0.57|0.71|0.2656|
|x|          1|         32|          3|     236.4017707|        113|00:00:25|+0.56|0.67|0.2494|
|-|          7|         14|          3|     199.0167084|        140|00:00:26|+0.02|0.21|0.9759|
|=|          3|         14|          3|     166.5576857|        149|00:00:01|-0.04|0.13|1.0102|
|=|          5|         14|         43|     171.5682152|        158|00:00:01|-0.07|0.09|1.0258|
|=|          4|         14|          3|     165.9321766|        167|00:00:01|-0.06|0.07|1.0191|
|=|          9|         14|          3|     248.5050342|        181|00:00:58|-0.04|0.07|0.9986|
+-+-----------+-----------+-----------+----------------+-----------+--------+-----+----+------+
Best-so-far configuration:           3    mean value:      248.5050342
Description of the best-so-far configuration:
  .ID. particles topology modInfluence branching tSchedule phi1 phi2 inertia
3    3       156        5            0        NA         7 0.85 1.96    0.45
  .PARENT.
3       NA

# 2025-08-30 21:36:27 -04: Elite configurations (first number is the configuration ID; listed from best to worst according to the sum of ranks):
   particles topology modInfluence branching tSchedule phi1 phi2 inertia
3        156        5            0        NA         7 0.85 1.96    0.45
46        77        4            2        NA        NA 1.31 2.37    0.84
43        25        1            0        NA        NA 0.69 2.33    0.19
51        33        1            2        NA        NA 0.48 2.23    0.24
50       153        4            0        NA        NA 1.86 1.83    0.09
# 2025-08-30 21:36:27 -04: Iteration 3 of 5
# experimentsUsed: 359
# remainingBudget: 3641
# currentBudget: 1213
# nbConfigurations: 32
# Markers:
     x No test is performed.
     c Configurations are discarded only due to capping.
     - The test is performed and some configurations are discarded.
     = The test is performed but no configuration is discarded.
     ! The test is performed and configurations could be discarded but elite configurations are preserved.
     . All alive configurations are elite and nothing is discarded.

+-+-----------+-----------+-----------+----------------+-----------+--------+-----+----+------+
| |   Instance|      Alive|       Best|       Mean best| Exp so far|  W time|  rho|KenW|  Qvar|
+-+-----------+-----------+-----------+----------------+-----------+--------+-----+----+------+
|x|         10|         32|         46|     211.8702943|         32|00:02:05|   NA|  NA|    NA|
|x|          5|         32|         46|     193.9333147|         59|00:00:17|+0.16|0.58|0.9342|
|x|          6|         32|         46|     432.3640302|         86|00:01:40|+0.24|0.49|0.8631|
|x|          8|         32|         46|     327.3495068|        113|00:00:18|+0.33|0.50|0.7154|
|-|          2|         23|         46|     263.7128256|        140|00:00:15|-0.07|0.15|1.0615|
|=|          1|         23|          3|     236.4874342|        158|00:00:14|+0.00|0.17|0.9765|
|=|          9|         23|          3|     332.5732143|        176|00:01:10|+0.02|0.16|0.9617|
|=|          4|         23|         46|     287.2020512|        194|00:00:14|+0.03|0.15|0.9409|
|=|          3|         23|          3|     270.2391057|        212|00:00:14|+0.01|0.12|0.9491|
|=|          7|         23|          3|     248.1628410|        230|00:00:15|+0.04|0.14|0.9097|
|-|         11|         16|          3|     278.5843988|        253|00:01:04|-0.01|0.08|0.9325|
|=|         12|         16|          3|     267.4922299|        269|00:00:02|+0.02|0.10|0.9363|
|=|         13|         16|         46|     231.2828311|        285|00:00:26|+0.02|0.10|0.9344|
+-+-----------+-----------+-----------+----------------+-----------+--------+-----+----+------+
Best-so-far configuration:          46    mean value:      231.2828311
Description of the best-so-far configuration:
   .ID. particles topology modInfluence branching tSchedule phi1 phi2 inertia
46   46        77        4            2        NA        NA 1.31 2.37    0.84
   .PARENT.
46       16

# 2025-08-30 21:44:49 -04: Elite configurations (first number is the configuration ID; listed from best to worst according to the sum of ranks):
   particles topology modInfluence branching tSchedule phi1 phi2 inertia
46        77        4            2        NA        NA 1.31 2.37    0.84
66        87        4            2        NA        NA 1.65 2.29    0.83
3        156        5            0        NA         7 0.85 1.96    0.45
51        33        1            2        NA        NA 0.48 2.23    0.24
63        93        4            2        NA        NA 0.83 2.18    0.67
# 2025-08-30 21:44:49 -04: Iteration 4 of 5
# experimentsUsed: 644
# remainingBudget: 3356
# currentBudget: 1678
# nbConfigurations: 32
# Markers:
     x No test is performed.
     c Configurations are discarded only due to capping.
     - The test is performed and some configurations are discarded.
     = The test is performed but no configuration is discarded.
     ! The test is performed and configurations could be discarded but elite configurations are preserved.
     . All alive configurations are elite and nothing is discarded.

+-+-----------+-----------+-----------+----------------+-----------+--------+-----+----+------+
| |   Instance|      Alive|       Best|       Mean best| Exp so far|  W time|  rho|KenW|  Qvar|
+-+-----------+-----------+-----------+----------------+-----------+--------+-----+----+------+
|x|         14|         32|        111|     7168.905507|         32|00:00:15|   NA|  NA|    NA|
|x|          9|         32|         46|     4054.406995|         59|00:01:32|+0.63|0.82|0.6631|
|x|         12|         32|         99|     2779.528611|         86|00:00:14|+0.08|0.38|0.5061|
|x|          5|         32|         99|     2129.787697|        113|00:00:15|+0.05|0.29|0.6964|
|-|          7|         21|         99|     1713.154559|        140|00:00:15|-0.07|0.15|0.9826|
|=|          6|         21|         46|     1576.380012|        156|00:00:58|+0.00|0.17|0.9661|
|=|         13|         21|         46|     1355.542811|        172|00:00:26|+0.02|0.16|0.9399|
|=|          3|         21|         46|     1186.723197|        188|00:00:02|-0.01|0.12|0.9253|
|=|          1|         21|         98|     1078.308396|        204|00:00:02|+0.01|0.12|0.9054|
|=|         11|         21|         98|     1003.919029|        220|00:00:35|+0.04|0.14|0.8638|
|=|          8|         21|         98|     915.5296056|        236|00:00:04|+0.04|0.13|0.8557|
|=|          2|         21|         98|     839.8401129|        252|00:00:02|+0.01|0.10|0.8646|
|=|         10|         21|         46|     781.1353156|        268|00:00:57|+0.00|0.08|0.8865|
|=|          4|         21|         46|     729.0184742|        284|00:00:03|+0.01|0.09|0.8889|
|=|         15|         21|         46|     712.6390951|        305|00:01:22|+0.01|0.07|0.8804|
+-+-----------+-----------+-----------+----------------+-----------+--------+-----+----+------+
Best-so-far configuration:          46    mean value:      712.6390951
Description of the best-so-far configuration:
   .ID. particles topology modInfluence branching tSchedule phi1 phi2 inertia
46   46        77        4            2        NA        NA 1.31 2.37    0.84
   .PARENT.
46       16

# 2025-08-30 21:52:01 -04: Elite configurations (first number is the configuration ID; listed from best to worst according to the sum of ranks):
   particles topology modInfluence branching tSchedule phi1 phi2 inertia
46        77        4            2        NA        NA 1.31 2.37    0.84
98        67        4            2        NA        NA 1.26 2.38    0.77
99        57        4            2        NA        NA 1.48 2.28    0.73
3        156        5            0        NA         7 0.85 1.96    0.45
97        56        4            2        NA        NA 1.22 2.30    0.78
# 2025-08-30 21:52:01 -04: Iteration 5 of 5
# experimentsUsed: 949
# remainingBudget: 3051
# currentBudget: 3051
# nbConfigurations: 32
# Markers:
     x No test is performed.
     c Configurations are discarded only due to capping.
     - The test is performed and some configurations are discarded.
     = The test is performed but no configuration is discarded.
     ! The test is performed and configurations could be discarded but elite configurations are preserved.
     . All alive configurations are elite and nothing is discarded.

+-+-----------+-----------+-----------+----------------+-----------+--------+-----+----+------+
| |   Instance|      Alive|       Best|       Mean best| Exp so far|  W time|  rho|KenW|  Qvar|
+-+-----------+-----------+-----------+----------------+-----------+--------+-----+----+------+
|x|         16|         32|        115|     232.3288945|         32|00:01:09|   NA|  NA|    NA|
|x|          9|         32|          3|     604.1750300|         59|00:01:29|+0.11|0.55|0.9811|
|x|          4|         32|         46|     420.7717254|         86|00:00:04|+0.18|0.46|0.8669|
|x|          5|         32|         46|     359.5778778|        113|00:00:05|+0.14|0.36|0.8542|
|-|          6|         18|         46|     469.5073945|        140|00:01:28|-0.06|0.15|1.0269|
|=|         12|         18|         46|     427.9542593|        153|00:00:02|-0.08|0.10|1.0286|
|=|          2|         18|        126|     390.0674045|        166|00:00:02|-0.04|0.11|1.0306|
|=|          7|         18|        126|     347.0723439|        179|00:00:03|-0.05|0.08|1.0087|
|=|          3|         18|        126|     308.9937368|        192|00:00:02|-0.05|0.06|1.0115|
|=|         15|         18|        126|     325.9913702|        205|00:00:55|-0.03|0.07|0.9914|
|=|         13|         18|        126|     299.3245779|        218|00:00:26|-0.02|0.08|0.9803|
|=|          8|         18|        126|     276.1465183|        231|00:00:04|-0.03|0.06|0.9751|
|=|         11|         18|        126|     280.0787199|        244|00:00:34|-0.01|0.07|0.9564|
|=|         10|         18|         46|     269.5191062|        257|00:00:56|-0.02|0.05|0.9640|
|=|         14|         18|         46|     731.5232881|        270|00:00:03|-0.01|0.06|0.9546|
|=|          1|         18|         46|     686.9481194|        283|00:00:02|+0.00|0.06|0.9538|
|=|         17|         18|        136|     682.9864370|        301|00:00:02|+0.01|0.07|0.9433|
+-+-----------+-----------+-----------+----------------+-----------+--------+-----+----+------+
Best-so-far configuration:         136    mean value:      682.9864370
Description of the best-so-far configuration:
    .ID. particles topology modInfluence branching tSchedule phi1 phi2 inertia
136  136       105        4            2        NA        NA 0.69 2.45    0.74
    .PARENT.
136       46

# 2025-08-30 21:59:36 -04: Elite configurations (first number is the configuration ID; listed from best to worst according to the sum of ranks):
    particles topology modInfluence branching tSchedule phi1 phi2 inertia
136       105        4            2        NA        NA 0.69 2.45    0.74
46         77        4            2        NA        NA 1.31 2.37    0.84
126        64        4            2        NA        NA 1.06 2.43    0.75
131       118        4            2        NA        NA 1.53 2.37    0.70
130        85        4            2        NA        NA 1.03 2.30    0.72
# 2025-08-30 21:59:36 -04: Iteration 6 of 6
# experimentsUsed: 1250
# remainingBudget: 2750
# currentBudget: 2750
# nbConfigurations: 32
# Markers:
     x No test is performed.
     c Configurations are discarded only due to capping.
     - The test is performed and some configurations are discarded.
     = The test is performed but no configuration is discarded.
     ! The test is performed and configurations could be discarded but elite configurations are preserved.
     . All alive configurations are elite and nothing is discarded.

+-+-----------+-----------+-----------+----------------+-----------+--------+-----+----+------+
| |   Instance|      Alive|       Best|       Mean best| Exp so far|  W time|  rho|KenW|  Qvar|
+-+-----------+-----------+-----------+----------------+-----------+--------+-----+----+------+
|x|         18|         32|        152|     898.9623922|         32|00:02:05|   NA|  NA|    NA|
|x|          4|         32|        152|     455.8679274|         59|00:00:04|+0.52|0.76|0.5639|
|x|         12|         32|        152|     364.2466834|         86|00:00:04|-0.08|0.28|0.6539|
|x|         13|         32|        164|     277.7958792|        113|00:00:39|+0.00|0.25|0.6524|
|=|          2|         32|        152|     226.3094206|        140|00:00:04|+0.01|0.21|0.6988|
|=|         11|         32|        165|     243.5015751|        167|00:00:52|+0.07|0.22|0.6758|
|=|          8|         32|        165|     214.5526623|        194|00:00:06|+0.01|0.15|0.7011|
|=|          3|         32|        165|     188.2589796|        221|00:00:04|+0.05|0.17|0.6496|
|=|          7|         32|        162|     179.1072019|        248|00:00:05|+0.05|0.16|0.6952|
|-|          5|         26|        162|     176.3911474|        275|00:00:05|-0.05|0.06|0.9855|
|=|          1|         26|        162|     161.7509460|        296|00:00:04|-0.03|0.07|0.9628|
|=|          6|         26|        162|     224.0642349|        317|00:01:25|-0.02|0.06|0.9560|
|=|          9|         26|        162|     276.7806135|        338|00:01:25|-0.01|0.07|0.9483|
|=|         15|         26|        126|     290.6175678|        359|00:01:23|-0.00|0.07|0.9495|
|=|         16|         26|        126|     304.9229149|        380|00:00:51|-0.01|0.06|0.9534|
|=|         14|         26|        126|     753.5443156|        401|00:00:04|-0.01|0.05|0.9592|
|=|         17|         26|        126|     712.3606738|        422|00:00:04|-0.02|0.04|0.9575|
|=|         10|         26|        126|     696.9813506|        443|00:01:23|-0.02|0.04|0.9598|
|=|         19|         26|        126|     690.9217148|        469|00:01:26|-0.02|0.04|0.9615|
+-+-----------+-----------+-----------+----------------+-----------+--------+-----+----+------+
Best-so-far configuration:         126    mean value:      690.9217148
Description of the best-so-far configuration:
    .ID. particles topology modInfluence branching tSchedule phi1 phi2 inertia
126  126        64        4            2        NA        NA 1.06 2.43    0.75
    .PARENT.
126       98

# 2025-08-30 22:11:58 -04: Elite configurations (first number is the configuration ID; listed from best to worst according to the sum of ranks):
    particles topology modInfluence branching tSchedule phi1 phi2 inertia
126        64        4            2        NA        NA 1.06 2.43    0.75
165        79        4            2        NA        NA 1.21 2.32    0.71
145        99        4            2        NA        NA 0.83 2.50    0.75
162        71        4            2        NA        NA 1.14 2.28    0.70
136       105        4            2        NA        NA 0.69 2.45    0.74
# 2025-08-30 22:11:58 -04: Iteration 7 of 7
# experimentsUsed: 1719
# remainingBudget: 2281
# currentBudget: 2281
# nbConfigurations: 32
# Markers:
     x No test is performed.
     c Configurations are discarded only due to capping.
     - The test is performed and some configurations are discarded.
     = The test is performed but no configuration is discarded.
     ! The test is performed and configurations could be discarded but elite configurations are preserved.
     . All alive configurations are elite and nothing is discarded.

+-+-----------+-----------+-----------+----------------+-----------+--------+-----+----+------+
| |   Instance|      Alive|       Best|       Mean best| Exp so far|  W time|  rho|KenW|  Qvar|
+-+-----------+-----------+-----------+----------------+-----------+--------+-----+----+------+
|x|         20|         32|        194|     73610.43639|         32|00:00:05|   NA|  NA|    NA|
|x|         17|         32|        145|     52745.59178|         59|00:00:04|+0.00|0.50|1.0020|
|x|         15|         32|        187|     41301.18912|         86|00:01:25|+0.14|0.43|0.9211|
|x|          5|         32|        145|     26534.04625|        113|00:00:05|+0.10|0.32|0.9431|
|=|         14|         32|        145|     22724.70934|        140|00:00:04|+0.04|0.23|0.9686|
|=|         11|         32|        175|     26871.95286|        167|00:00:52|+0.03|0.19|0.9767|
|=|          4|         32|        188|     20538.06241|        194|00:00:04|+0.01|0.15|0.9844|
|=|         19|         32|        188|     18041.81076|        221|00:01:26|+0.02|0.14|0.9707|
|=|          1|         32|        188|     16038.79286|        248|00:00:04|+0.05|0.15|0.9423|
|-|         12|         18|        188|     14446.70790|        275|00:00:04|-0.03|0.07|1.0058|
|=|          6|         18|        188|     13216.06812|        288|00:00:57|-0.04|0.05|1.0009|
|=|          3|         18|        178|     11189.46121|        301|00:00:02|-0.04|0.05|0.9988|
|=|         13|         18|        162|     9319.515170|        314|00:00:26|-0.03|0.05|0.9796|
|=|         10|         18|        162|     8680.681072|        327|00:00:56|-0.02|0.05|0.9712|
|=|          9|         18|        162|     8162.594144|        340|00:00:57|-0.02|0.05|0.9612|
|=|         16|         18|        162|     7701.380633|        353|00:00:34|-0.01|0.06|0.9487|
|=|         18|         18|        165|     7024.208422|        366|00:01:03|-0.01|0.05|0.9455|
|=|          2|         18|        162|     6898.159600|        379|00:00:02|-0.01|0.04|0.9552|
|=|          8|         18|        165|     6287.317649|        392|00:00:04|-0.01|0.05|0.9400|
|=|          7|         18|        165|     5975.331245|        405|00:00:03|-0.00|0.05|0.9280|
|=|         21|         18|        165|     5716.751478|        423|00:00:57|-0.00|0.05|0.9255|
+-+-----------+-----------+-----------+----------------+-----------+--------+-----+----+------+
Best-so-far configuration:         165    mean value:      5716.751478
Description of the best-so-far configuration:
    .ID. particles topology modInfluence branching tSchedule phi1 phi2 inertia
165  165        79        4            2        NA        NA 1.21 2.32    0.71
    .PARENT.
165      126

# 2025-08-30 22:22:23 -04: Elite configurations (first number is the configuration ID; listed from best to worst according to the sum of ranks):
    particles topology modInfluence branching tSchedule phi1 phi2 inertia
165        79        4            2        NA        NA 1.21 2.32    0.71
162        71        4            2        NA        NA 1.14 2.28    0.70
175       111        4            2        NA        NA 0.54 2.49    0.74
145        99        4            2        NA        NA 0.83 2.50    0.75
178        63        4            2        NA        NA 1.04 2.50    0.69
# 2025-08-30 22:22:23 -04: Iteration 8 of 8
# experimentsUsed: 2142
# remainingBudget: 1858
# currentBudget: 1858
# nbConfigurations: 32
# Markers:
     x No test is performed.
     c Configurations are discarded only due to capping.
     - The test is performed and some configurations are discarded.
     = The test is performed but no configuration is discarded.
     ! The test is performed and configurations could be discarded but elite configurations are preserved.
     . All alive configurations are elite and nothing is discarded.

+-+-----------+-----------+-----------+----------------+-----------+--------+-----+----+------+
| |   Instance|      Alive|       Best|       Mean best| Exp so far|  W time|  rho|KenW|  Qvar|
+-+-----------+-----------+-----------+----------------+-----------+--------+-----+----+------+
|x|         22|         32|        212|     831.6078034|         32|00:01:55|   NA|  NA|    NA|
|x|          7|         32|        198|     476.3864678|         59|00:00:05|-0.34|0.33|1.2169|
|x|         20|         32|        211|     35351.42459|         86|00:00:04|-0.20|0.20|1.1381|
|x|         17|         32|        211|     26521.03883|        113|00:00:04|-0.08|0.19|1.0794|
|=|         19|         32|        211|     21333.61889|        140|00:01:26|-0.10|0.12|1.0563|
|=|         13|         32|        221|     15552.56083|        167|00:00:39|-0.05|0.12|1.0276|
|=|          4|         32|        221|     13340.53108|        194|00:00:04|-0.01|0.13|0.9742|
|=|          8|         32|        221|     11677.08522|        221|00:00:06|-0.01|0.12|0.9564|
|=|         14|         32|        221|     11186.71366|        248|00:00:04|+0.02|0.13|0.9325|
|=|         11|         32|        221|     10099.70285|        275|00:00:53|-0.02|0.09|0.9743|
|=|          1|         32|        221|     9182.698899|        302|00:00:04|-0.01|0.08|0.9771|
|=|         16|         32|        221|     8458.490620|        329|00:00:53|+0.00|0.09|0.9626|
|=|         10|         32|        221|     7828.988719|        356|00:01:26|+0.01|0.08|0.9607|
|=|         15|         32|        221|     7305.829837|        383|00:01:25|-0.00|0.07|0.9564|
|=|          6|         32|        221|     6879.338245|        410|00:01:28|+0.01|0.07|0.9503|
|=|         21|         32|        221|     6484.821540|        437|00:01:26|+0.00|0.06|0.9628|
|=|          5|         32|        221|     6115.087388|        464|00:00:05|+0.01|0.06|0.9549|
|=|          2|         32|        221|     5775.704097|        491|00:00:04|+0.00|0.06|0.9621|
|=|         18|         32|        221|     5520.096790|        518|00:01:36|+0.00|0.06|0.9565|
|=|         12|         32|        221|     5251.840110|        545|00:00:04|+0.01|0.06|0.9538|
|=|          3|         32|        221|     5001.954574|        572|00:00:04|+0.01|0.06|0.9549|
|=|          9|         32|        221|     4815.911391|        599|00:01:29|+0.01|0.05|0.9659|
|=|         23|         32|        221|     8819.625281|        631|00:00:05|+0.00|0.05|0.9686|
+-+-----------+-----------+-----------+----------------+-----------+--------+-----+----+------+
Best-so-far configuration:         221    mean value:      8819.625281
Description of the best-so-far configuration:
    .ID. particles topology modInfluence branching tSchedule phi1 phi2 inertia
221  221        60        4            2        NA        NA 1.07 2.49    0.74
    .PARENT.
221      178

# 2025-08-30 22:38:02 -04: Elite configurations (first number is the configuration ID; listed from best to worst according to the sum of ranks):
    particles topology modInfluence branching tSchedule phi1 phi2 inertia
221        60        4            2        NA        NA 1.07 2.49    0.74
165        79        4            2        NA        NA 1.21 2.32    0.71
200       111        4            2        NA        NA 0.46 2.49    0.70
206       106        4            2        NA        NA 0.55 2.46    0.73
199        85        4            2        NA        NA 1.23 2.33    0.68
# 2025-08-30 22:38:02 -04: Iteration 9 of 9
# experimentsUsed: 2773
# remainingBudget: 1227
# currentBudget: 1227
# nbConfigurations: 32
# Markers:
     x No test is performed.
     c Configurations are discarded only due to capping.
     - The test is performed and some configurations are discarded.
     = The test is performed but no configuration is discarded.
     ! The test is performed and configurations could be discarded but elite configurations are preserved.
     . All alive configurations are elite and nothing is discarded.

+-+-----------+-----------+-----------+----------------+-----------+--------+-----+----+------+
| |   Instance|      Alive|       Best|       Mean best| Exp so far|  W time|  rho|KenW|  Qvar|
+-+-----------+-----------+-----------+----------------+-----------+--------+-----+----+------+
|x|         24|         32|        231|     127.1283667|         32|00:00:05|   NA|  NA|    NA|
|x|          7|         32|        226|     88.58890254|         59|00:00:05|+0.04|0.52|0.9478|
|x|         12|         32|        206|     107.6234115|         86|00:00:04|-0.03|0.31|0.9643|
|x|          5|         32|        206|     123.3854705|        113|00:00:05|-0.01|0.24|0.9975|
|=|         15|         32|        206|     194.8523671|        140|00:01:25|-0.06|0.15|0.9736|
|=|         19|         32|        222|     259.6868153|        167|00:01:26|-0.08|0.10|0.9948|
|=|          8|         32|        206|     225.7013262|        194|00:00:06|-0.05|0.10|0.9477|
|=|         20|         32|        200|     15225.90888|        221|00:00:04|-0.04|0.09|0.9547|
|=|         14|         32|        234|     11452.85455|        248|00:00:04|-0.00|0.11|0.9190|
|=|         23|         32|        226|     21087.81679|        275|00:00:04|+0.01|0.11|0.9259|
|=|         10|         32|        226|     19192.41299|        302|00:01:25|+0.00|0.09|0.9365|
|=|         21|         32|        234|     18393.24385|        329|00:01:26|-0.02|0.07|0.9690|
|=|          2|         32|        234|     16978.85440|        356|00:00:04|-0.02|0.06|0.9859|
|=|          4|         32|        234|     15772.40759|        383|00:00:04|-0.01|0.07|0.9673|
|=|         11|         32|        200|     15638.57257|        410|00:00:52|-0.01|0.06|0.9831|
|=|          6|         32|        221|     12479.53118|        437|00:01:28|-0.01|0.05|0.9888|
|=|          3|         32|        232|     13406.38821|        464|00:00:04|-0.01|0.05|0.9898|
|=|         22|         32|        232|     12712.06506|        491|00:01:27|-0.01|0.05|0.9902|
|=|          9|         32|        232|     12090.87618|        518|00:01:28|-0.00|0.05|0.9846|
|=|         16|         32|        221|     10099.33996|        545|00:00:53|-0.00|0.05|0.9825|
|=|         13|         32|        221|     9619.913095|        572|00:00:39|-0.00|0.05|0.9820|
|=|          1|         32|        221|     9183.219744|        599|00:00:04|+0.01|0.05|0.9781|
|=|         18|         32|        221|     8823.913027|        626|00:01:36|+0.01|0.06|0.9740|
|=|         17|         32|        221|     8457.966772|        653|00:00:04|+0.01|0.05|0.9704|
|=|         25|         32|        221|     8131.259952|        685|00:01:52|+0.02|0.06|0.9669|
+-+-----------+-----------+-----------+----------------+-----------+--------+-----+----+------+
Best-so-far configuration:         221    mean value:      8131.259952
Description of the best-so-far configuration:
    .ID. particles topology modInfluence branching tSchedule phi1 phi2 inertia
221  221        60        4            2        NA        NA 1.07 2.49    0.74
    .PARENT.
221      178

# 2025-08-30 22:55:08 -04: Elite configurations (first number is the configuration ID; listed from best to worst according to the sum of ranks):
    particles topology modInfluence branching tSchedule phi1 phi2 inertia
221        60        4            2        NA        NA 1.07 2.49    0.74
232        57        4            2        NA        NA 1.11 2.48    0.72
200       111        4            2        NA        NA 0.46 2.49    0.70
165        79        4            2        NA        NA 1.21 2.32    0.71
222        62        4            2        NA        NA 1.09 2.46    0.73
# 2025-08-30 22:55:08 -04: Stopped because there is not enough budget to enforce the value of nbConfigurations.
# Iteration: 10
# nbIterations: 10
# experimentsUsed: 3458
# timeUsed: 0
# remainingBudget: 542
# currentBudget: 542
# number of elites: 5
# nbConfigurations: 25
# Total CPU user time: 40580.49, CPU sys time: 161.973, Wall-clock time: 5157.218
# 2025-08-30 22:55:08 -04: Starting post-selection:
# Configurations selected: 221, 232, 200, 165, 222, 206, 199, 162, 175, 145, 178, 126, 136, 46, 131, 130.
# Pending instances: 1, 1, 1, 1, 1, 1, 1, 3, 3, 3, 3, 5, 5, 7, 7, 7.
# 2025-08-30 22:55:08 -04: seed: 839201
# Configurations: 16
# Available experiments: 542
# minSurvival: 1
# Markers:
     x No test is performed.
     c Configurations are discarded only due to capping.
     - The test is performed and some configurations are discarded.
     = The test is performed but no configuration is discarded.
     ! The test is performed and configurations could be discarded but elite configurations are preserved.
     . All alive configurations are elite and nothing is discarded.

+-+-----------+-----------+-----------+----------------+-----------+--------+-----+----+------+
| |   Instance|      Alive|       Best|       Mean best| Exp so far|  W time|  rho|KenW|  Qvar|
+-+-----------+-----------+-----------+----------------+-----------+--------+-----+----+------+
|.|         11|         16|        178|     285.7202787|          0|00:00:00|   NA|  NA|    NA|
|x|         22|         16|        232|     609.7065527|          5|00:00:28|-0.22|0.39|1.0225|
|.|         16|         16|        232|     588.4606032|          5|00:00:00|-0.13|0.25|1.0048|
|.|          6|         16|        232|     668.6097769|          5|00:00:00|-0.09|0.18|1.0203|
|.|         15|         16|        232|     630.5456047|          5|00:00:00|-0.05|0.16|0.9366|
|.|         18|         16|        232|     679.6539019|          5|00:00:00|+0.01|0.18|0.9015|
|.|          7|         16|        232|     588.7055407|          5|00:00:00|+0.05|0.19|0.8718|
|.|          8|         16|        232|     519.9392207|          5|00:00:00|+0.09|0.21|0.8338|
|.|          9|         16|        232|     563.2211146|          5|00:00:00|+0.11|0.21|0.8052|
|.|         14|         16|        232|     1254.771194|          5|00:00:00|+0.08|0.17|0.8483|
|.|          1|         16|        232|     1141.845462|          5|00:00:00|+0.07|0.15|0.8742|
|.|          3|         16|        232|     1047.025337|          5|00:00:00|+0.02|0.10|0.9022|
|x|         25|         16|        221|     970.1803710|         14|00:00:28|+0.02|0.09|0.8964|
|.|          2|         16|        221|     901.3237842|         14|00:00:00|+0.01|0.08|0.9023|
|x|         21|         16|        232|     896.6399454|         17|00:00:28|-0.00|0.06|0.9085|
|x|         23|         16|        232|     7221.732184|         22|00:00:01|+0.01|0.07|0.8944|
|.|         12|         16|        232|     6805.837367|         22|00:00:00|+0.00|0.06|0.8979|
|x|         24|         16|        232|     6435.972520|         31|00:00:01|+0.01|0.06|0.8883|
|.|         13|         16|        232|     6098.919720|         31|00:00:00|+0.01|0.06|0.9010|
|.|          4|         16|        232|     5799.174056|         31|00:00:00|+0.01|0.06|0.9017|
|.|          5|         16|        232|     5533.906900|         31|00:00:00|-0.01|0.04|0.9217|
|.|         10|         16|        232|     5294.501724|         31|00:00:00|-0.01|0.04|0.9274|
|.|         19|         16|        232|     5088.970870|         31|00:00:00|-0.01|0.03|0.9256|
|x|         20|         16|        221|     8468.345662|         34|00:00:01|-0.01|0.03|0.9191|
|.|         17|         16|        221|     8131.259952|         34|00:00:00|-0.01|0.03|0.9156|
|=|         26|         16|        221|     7825.992644|         50|00:00:56|-0.01|0.03|0.9118|
|=|         27|         16|        221|     7537.360715|         66|00:00:04|-0.01|0.03|0.9106|
|=|         28|         16|        221|     7300.662270|         82|00:00:58|-0.01|0.03|0.9141|
|=|         29|         16|        221|     7049.433678|         98|00:00:02|-0.01|0.03|0.9136|
|=|         30|         16|        221|     6818.121657|        114|00:00:03|-0.01|0.02|0.9186|
|=|         31|         16|        221|     6603.844243|        130|00:00:02|-0.01|0.02|0.9163|
|=|         32|         16|        232|     7282.670636|        146|00:00:02|-0.01|0.02|0.9176|
|=|         33|         16|        232|     7089.574772|        162|00:00:57|-0.01|0.02|0.9178|
|=|         34|         16|        232|     10391.32022|        178|00:00:02|-0.01|0.02|0.9147|
|=|         35|         16|        232|     10130.82687|        194|00:00:34|-0.01|0.02|0.9219|
|=|         36|         16|        221|     9145.931298|        210|00:01:03|-0.01|0.01|0.9232|
|=|         37|         16|        221|     8911.681166|        226|00:00:56|-0.01|0.01|0.9209|
|=|         38|         16|        232|     9383.814778|        242|00:00:57|-0.01|0.01|0.9254|
|=|         39|         16|        232|     9147.196509|        258|00:00:03|-0.01|0.01|0.9250|
|=|         40|         16|        232|     8941.299317|        274|00:00:57|-0.01|0.01|0.9215|
|=|         41|         16|        232|     8910.204538|        290|00:00:03|-0.01|0.01|0.9219|
|=|         42|         16|        221|     8085.939399|        306|00:00:35|-0.01|0.01|0.9200|
|=|         43|         16|        221|     10456.62961|        322|00:00:02|-0.01|0.01|0.9179|
|=|         44|         16|        221|     10231.99503|        338|00:00:58|-0.01|0.01|0.9187|
|=|         45|         16|        221|     10007.73816|        354|00:00:03|-0.01|0.01|0.9164|
|=|         46|         16|        221|     9790.913128|        370|00:00:26|-0.01|0.01|0.9146|
|=|         47|         16|        221|     9587.267087|        386|00:00:57|-0.01|0.01|0.9154|
|=|         48|         16|        221|     9388.318983|        402|00:00:02|-0.01|0.01|0.9164|
|=|         49|         16|        221|     9196.808573|        418|00:00:02|-0.01|0.01|0.9163|
|=|         50|         16|        221|     9013.813105|        434|00:00:03|-0.01|0.01|0.9178|
|=|         51|         16|        221|     8841.168638|        450|00:00:57|-0.00|0.02|0.9149|
|=|         52|         16|        221|     8672.065701|        466|00:00:03|-0.00|0.01|0.9166|
|=|         53|         16|        221|     8512.643482|        482|00:00:56|-0.00|0.02|0.9154|
|=|         54|         16|        221|     8372.307012|        498|00:01:03|-0.00|0.02|0.9176|
|=|         55|         16|        200|     10568.27087|        514|00:00:02|-0.00|0.01|0.9177|
|=|         56|         16|        221|     10550.63939|        530|00:00:03|-0.00|0.01|0.9183|
+-+-----------+-----------+-----------+----------------+-----------+--------+-----+----+------+
Best-so-far configuration:         221    mean value:      10550.63939
Description of the best-so-far configuration:
    .ID. particles topology modInfluence branching tSchedule phi1 phi2 inertia
221  221        60        4            2        NA        NA 1.07 2.49    0.74
    .PARENT.
221      178

# 2025-08-30 23:10:46 -04: Elite configurations (first number is the configuration ID; listed from best to worst according to the sum of ranks):
    particles topology modInfluence branching tSchedule phi1 phi2 inertia
221        60        4            2        NA        NA 1.07 2.49    0.74
200       111        4            2        NA        NA 0.46 2.49    0.70
145        99        4            2        NA        NA 0.83 2.50    0.75
206       106        4            2        NA        NA 0.55 2.46    0.73
165        79        4            2        NA        NA 1.21 2.32    0.71
# Total CPU user time: 47822.6, CPU sys time: 189.146, Wall-clock time: 6095.419
    .ID. particles topology modInfluence branching tSchedule phi1 phi2 inertia
221  221        60        4            2        NA        NA 1.07 2.49    0.74
200  200       111        4            2        NA        NA 0.46 2.49    0.70
145  145        99        4            2        NA        NA 0.83 2.50    0.75
206  206       106        4            2        NA        NA 0.55 2.46    0.73
165  165        79        4            2        NA        NA 1.21 2.32    0.71
    .PARENT. .RANK.   .WEIGHT.
221      178    420 0.33333333
200      175    424 0.26666667
145      136    437 0.20000000
206      175    444 0.13333333
165      126    459 0.06666667
