# 2025-09-01 19:55:29 -04: Reading parameter file '/home/pestobar/Activities/irace-test-executions/ACOTSP-raceData/Scenarios/BL-22/Runs/BL-22_seed_9876543210/parameters.txt'.
# 2025-09-01 19:55:29 -04: 1 expression(s) specifying forbidden configurations read.
# 2025-09-01 19:55:29 -04: Initialization
# Elitist race
# Elitist new instances: 1
# Elitist limit: 2
# nbIterations: 5
# minNbSurvival: 5
# nbParameters: 11
# seed: 1969888171
# confidence level: 0.95
# budget: 2750
# mu: 5
# deterministic: FALSE

# 2025-09-01 19:55:29 -04: Iteration 1 of 5
# experimentsUsed: 0
# remainingBudget: 2750
# currentBudget: 550
# nbConfigurations: 22
# Markers:
     x No test is performed.
     c Configurations are discarded only due to capping.
     - The test is performed and some configurations are discarded.
     = The test is performed but no configuration is discarded.
     ! The test is performed and configurations could be discarded but elite configurations are preserved.
     . All alive configurations are elite and nothing is discarded.

+-+-----------+-----------+-----------+----------------+-----------+--------+-----+----+------+
| |   Instance|      Alive|       Best|       Mean best| Exp so far|  W time|  rho|KenW|  Qvar|
+-+-----------+-----------+-----------+----------------+-----------+--------+-----+----+------+
|x|          1|         22|          4|     32660880.00|         22|00:00:44|   NA|  NA|    NA|
|x|          2|         22|          4|     32607086.00|         44|00:00:44|+0.97|0.99|0.0037|
|x|          3|         22|          4|     32665177.67|         66|00:00:45|+0.94|0.96|0.0040|
|x|          4|         22|          4|     32661139.00|         88|00:00:46|+0.96|0.97|0.0039|
|-|          5|          3|          4|     32606803.40|        110|00:00:45|+0.40|0.52|0.4905|
+-+-----------+-----------+-----------+----------------+-----------+--------+-----+----+------+
Best-so-far configuration:           4    mean value:      32606803.40
Description of the best-so-far configuration:
  .ID. algorithm localsearch alpha beta  rho ants q0 rasrank elitistants nnls
4    4       eas           3  3.68 7.41 0.52   50 NA      NA         645   25
  dlb .PARENT.
4   1       NA

# 2025-09-01 19:59:15 -04: Elite configurations (first number is the configuration ID; listed from best to worst according to the sum of ranks):
   algorithm localsearch alpha beta  rho ants q0 rasrank elitistants nnls dlb
4        eas           3  3.68 7.41 0.52   50 NA      NA         645   25   1
1       mmas           2  4.93 9.91 0.28   74 NA      NA          NA   37   0
22        as           3  4.15 7.73 0.99   23 NA      NA          NA   24   0
# 2025-09-01 19:59:15 -04: Iteration 2 of 5
# experimentsUsed: 110
# remainingBudget: 2640
# currentBudget: 660
# nbConfigurations: 22
# Markers:
     x No test is performed.
     c Configurations are discarded only due to capping.
     - The test is performed and some configurations are discarded.
     = The test is performed but no configuration is discarded.
     ! The test is performed and configurations could be discarded but elite configurations are preserved.
     . All alive configurations are elite and nothing is discarded.

+-+-----------+-----------+-----------+----------------+-----------+--------+-----+----+------+
| |   Instance|      Alive|       Best|       Mean best| Exp so far|  W time|  rho|KenW|  Qvar|
+-+-----------+-----------+-----------+----------------+-----------+--------+-----+----+------+
|x|          6|         22|         30|     32707090.00|         22|00:00:45|   NA|  NA|    NA|
|x|          5|         22|         30|     32519466.50|         41|00:00:42|+0.94|0.97|0.0011|
|x|          3|         22|         30|     32522946.33|         60|00:00:39|+0.94|0.96|0.0011|
|x|          1|         22|         30|     32557480.75|         79|00:00:39|+0.96|0.97|0.0018|
|-|          4|          4|         30|     32565043.60|         98|00:00:39|+0.64|0.71|0.2789|
+-+-----------+-----------+-----------+----------------+-----------+--------+-----+----+------+
Best configuration for the instances in this race: 30
Best-so-far configuration:           4    mean value:      32633323.17
Description of the best-so-far configuration:
  .ID. algorithm localsearch alpha beta  rho ants q0 rasrank elitistants nnls
4    4       eas           3  3.68 7.41 0.52   50 NA      NA         645   25
  dlb .PARENT.
4   1       NA

# 2025-09-01 20:02:41 -04: Elite configurations (first number is the configuration ID; listed from best to worst according to the sum of ranks):
   algorithm localsearch alpha beta  rho ants q0 rasrank elitistants nnls dlb
4        eas           3  3.68 7.41 0.52   50 NA      NA         645   25   1
1       mmas           2  4.93 9.91 0.28   74 NA      NA          NA   37   0
22        as           3  4.15 7.73 0.99   23 NA      NA          NA   24   0
30       ras           3  4.24 5.34 0.74   49 NA      19          NA   47   0
# 2025-09-01 20:02:41 -04: Iteration 3 of 5
# experimentsUsed: 208
# remainingBudget: 2542
# currentBudget: 847
# nbConfigurations: 22
# Markers:
     x No test is performed.
     c Configurations are discarded only due to capping.
     - The test is performed and some configurations are discarded.
     = The test is performed but no configuration is discarded.
     ! The test is performed and configurations could be discarded but elite configurations are preserved.
     . All alive configurations are elite and nothing is discarded.

+-+-----------+-----------+-----------+----------------+-----------+--------+-----+----+------+
| |   Instance|      Alive|       Best|       Mean best| Exp so far|  W time|  rho|KenW|  Qvar|
+-+-----------+-----------+-----------+----------------+-----------+--------+-----+----+------+
|x|          7|         22|         55|     32419575.00|         22|00:00:45|   NA|  NA|    NA|
|x|          4|         22|         58|     32505992.00|         40|00:00:37|+0.90|0.95|0.0032|
|x|          3|         22|         30|     32533787.33|         58|00:00:30|+0.83|0.89|0.0055|
|x|          5|         22|         30|     32483301.25|         76|00:00:34|+0.83|0.87|0.0046|
|-|          6|          7|         30|     32528059.00|         94|00:00:36|+0.49|0.59|0.6142|
|-|          1|          6|         30|     32550229.83|         97|00:00:22|+0.45|0.54|0.5563|
|-|          2|          3|         30|     32539616.00|        100|00:00:20|-0.10|0.06|0.7610|
+-+-----------+-----------+-----------+----------------+-----------+--------+-----+----+------+
Best-so-far configuration:          30    mean value:      32539616.00
Description of the best-so-far configuration:
   .ID. algorithm localsearch alpha beta  rho ants q0 rasrank elitistants nnls
30   30       ras           3  4.24 5.34 0.74   49 NA      19          NA   47
   dlb .PARENT.
30   0       22

# 2025-09-01 20:06:28 -04: Elite configurations (first number is the configuration ID; listed from best to worst according to the sum of ranks):
   algorithm localsearch alpha beta  rho ants   q0 rasrank elitistants nnls dlb
30       ras           3  4.24 5.34 0.74   49   NA      19          NA   47   0
55       ras           3  4.68 6.05 0.66   66   NA      17          NA   29   0
58       acs           3  4.34 0.75 0.78   10 0.68      NA          NA   38   0
# 2025-09-01 20:06:28 -04: Iteration 4 of 5
# experimentsUsed: 308
# remainingBudget: 2442
# currentBudget: 1221
# nbConfigurations: 22
# Markers:
     x No test is performed.
     c Configurations are discarded only due to capping.
     - The test is performed and some configurations are discarded.
     = The test is performed but no configuration is discarded.
     ! The test is performed and configurations could be discarded but elite configurations are preserved.
     . All alive configurations are elite and nothing is discarded.

+-+-----------+-----------+-----------+----------------+-----------+--------+-----+----+------+
| |   Instance|      Alive|       Best|       Mean best| Exp so far|  W time|  rho|KenW|  Qvar|
+-+-----------+-----------+-----------+----------------+-----------+--------+-----+----+------+
|x|          8|         22|         58|     33035279.00|         22|00:01:20|   NA|  NA|    NA|
|x|          7|         22|         76|     32752290.00|         41|00:01:11|+0.90|0.95|0.0016|
|x|          5|         22|         58|     32604821.00|         60|00:01:10|+0.92|0.95|0.0014|
|x|          1|         22|         75|     32611715.00|         79|00:01:14|+0.93|0.95|0.0013|
|-|          2|          7|         75|     32584227.00|         98|00:01:16|-0.08|0.13|0.9035|
|=|          4|          7|         58|     32759085.00|        102|00:00:31|-0.11|0.07|0.9486|
|=|          3|          7|         75|     32584239.43|        106|00:00:29|-0.08|0.07|0.9458|
|=|          6|          7|         75|     32594498.88|        110|00:00:29|-0.05|0.08|0.8966|
|=|          9|          7|         75|     32596185.22|        117|00:00:37|-0.02|0.10|0.8949|
+-+-----------+-----------+-----------+----------------+-----------+--------+-----+----+------+
Best-so-far configuration:          75    mean value:      32596185.22
Description of the best-so-far configuration:
   .ID. algorithm localsearch alpha beta  rho ants q0 rasrank elitistants nnls
75   75       ras           3   4.4 5.85 0.95   43 NA      11          NA   18
   dlb .PARENT.
75   0       55

# 2025-09-01 20:14:50 -04: Elite configurations (first number is the configuration ID; listed from best to worst according to the sum of ranks):
   algorithm localsearch alpha beta  rho ants   q0 rasrank elitistants nnls dlb
75       ras           3  4.40 5.85 0.95   43   NA      11          NA   18   0
58       acs           3  4.34 0.75 0.78   10 0.68      NA          NA   38   0
63       ras           3  3.56 5.91 0.73   55   NA      20          NA   36   0
67       ras           3  3.13 5.91 0.68   54   NA      12          NA   36   0
30       ras           3  4.24 5.34 0.74   49   NA      19          NA   47   0
# 2025-09-01 20:14:50 -04: Iteration 5 of 5
# experimentsUsed: 425
# remainingBudget: 2325
# currentBudget: 2325
# nbConfigurations: 22
# Markers:
     x No test is performed.
     c Configurations are discarded only due to capping.
     - The test is performed and some configurations are discarded.
     = The test is performed but no configuration is discarded.
     ! The test is performed and configurations could be discarded but elite configurations are preserved.
     . All alive configurations are elite and nothing is discarded.

+-+-----------+-----------+-----------+----------------+-----------+--------+-----+----+------+
| |   Instance|      Alive|       Best|       Mean best| Exp so far|  W time|  rho|KenW|  Qvar|
+-+-----------+-----------+-----------+----------------+-----------+--------+-----+----+------+
|x|         10|         22|         67|     32571601.00|         22|00:01:22|   NA|  NA|    NA|
|x|          1|         22|         88|     32617442.00|         39|00:00:59|+0.39|0.70|0.4920|
|x|          3|         22|         95|     32601123.67|         56|00:01:14|+0.38|0.58|0.4552|
|x|          5|         22|         95|     32524615.00|         73|00:01:06|+0.39|0.54|0.4534|
|-|          4|         13|         88|     32534436.40|         90|00:01:02|-0.08|0.14|0.9958|
|=|          8|         13|         58|     32748266.17|         98|00:00:30|-0.13|0.06|1.0388|
|=|          9|         13|         58|     32724403.71|        106|00:00:24|-0.08|0.08|0.9915|
|=|          2|         13|         58|     32824643.25|        114|00:00:20|-0.08|0.06|0.9959|
|=|          7|         13|         75|     32596901.89|        122|00:00:37|-0.06|0.06|0.9583|
|=|          6|         13|         75|     32603843.20|        130|00:00:41|-0.02|0.08|0.9181|
|=|         11|         13|         88|     32585786.64|        143|00:00:38|-0.05|0.05|0.9076|
+-+-----------+-----------+-----------+----------------+-----------+--------+-----+----+------+
Best-so-far configuration:          88    mean value:      32585786.64
Description of the best-so-far configuration:
   .ID. algorithm localsearch alpha beta  rho ants q0 rasrank elitistants nnls
88   88       ras           3  4.16  7.3 0.91   33 NA       8          NA   16
   dlb .PARENT.
88   0       75

# 2025-09-01 20:23:48 -04: Elite configurations (first number is the configuration ID; listed from best to worst according to the sum of ranks):
   algorithm localsearch alpha beta  rho ants q0 rasrank elitistants nnls dlb
88       ras           3  4.16 7.30 0.91   33 NA       8          NA   16   0
75       ras           3  4.40 5.85 0.95   43 NA      11          NA   18   0
95       ras           3  3.68 1.56 1.00   40 NA      19          NA   30   0
67       ras           3  3.13 5.91 0.68   54 NA      12          NA   36   0
30       ras           3  4.24 5.34 0.74   49 NA      19          NA   47   0
# 2025-09-01 20:23:48 -04: Iteration 6 of 6
# experimentsUsed: 568
# remainingBudget: 2182
# currentBudget: 2182
# nbConfigurations: 22
# Markers:
     x No test is performed.
     c Configurations are discarded only due to capping.
     - The test is performed and some configurations are discarded.
     = The test is performed but no configuration is discarded.
     ! The test is performed and configurations could be discarded but elite configurations are preserved.
     . All alive configurations are elite and nothing is discarded.

+-+-----------+-----------+-----------+----------------+-----------+--------+-----+----+------+
| |   Instance|      Alive|       Best|       Mean best| Exp so far|  W time|  rho|KenW|  Qvar|
+-+-----------+-----------+-----------+----------------+-----------+--------+-----+----+------+
|x|         12|         22|         97|     32444226.00|         22|00:01:10|   NA|  NA|    NA|
|x|          4|         22|        111|     32502094.50|         39|00:00:57|+0.60|0.80|0.1717|
|x|          8|         22|        111|     32708911.67|         56|00:00:49|+0.58|0.72|0.1260|
|x|          2|         22|         98|     32645200.75|         73|00:00:58|+0.62|0.71|0.1143|
|-|         10|         12|         98|     32646546.00|         90|00:01:05|-0.04|0.17|0.9266|
|=|          7|         12|         98|     32607121.17|         97|00:00:21|-0.12|0.07|1.0030|
|=|          9|         12|         98|     32608150.14|        104|00:00:32|-0.05|0.10|0.9450|
|=|         11|         12|         98|     32579788.75|        111|00:00:22|-0.04|0.09|0.9186|
|=|          3|         12|         98|     32575012.00|        118|00:00:26|-0.05|0.06|0.9526|
|=|          1|         12|         98|     32583386.30|        125|00:00:35|-0.06|0.05|0.9587|
|=|          6|         12|         98|     32589999.18|        132|00:00:27|-0.03|0.06|0.9358|
|=|          5|         12|         98|     32568194.92|        139|00:00:35|-0.02|0.06|0.9356|
|=|         13|         12|        111|     32563925.62|        151|00:00:47|+0.01|0.08|0.9076|
+-+-----------+-----------+-----------+----------------+-----------+--------+-----+----+------+
Best-so-far configuration:         111    mean value:      32563925.62
Description of the best-so-far configuration:
    .ID. algorithm localsearch alpha beta  rho ants q0 rasrank elitistants nnls
111  111       ras           3  2.98 6.16 0.81   38 NA       7          NA   23
    dlb .PARENT.
111   0       88

# 2025-09-01 20:32:59 -04: Elite configurations (first number is the configuration ID; listed from best to worst according to the sum of ranks):
    algorithm localsearch alpha beta  rho ants q0 rasrank elitistants nnls dlb
111       ras           3  2.98 6.16 0.81   38 NA       7          NA   23   0
98        ras           3  4.04 8.80 0.85   43 NA      12          NA   23   0
108       ras           3  4.18 5.80 0.96   40 NA      12          NA   25   0
88        ras           3  4.16 7.30 0.91   33 NA       8          NA   16   0
95        ras           3  3.68 1.56 1.00   40 NA      19          NA   30   0
# 2025-09-01 20:32:59 -04: Iteration 7 of 7
# experimentsUsed: 719
# remainingBudget: 2031
# currentBudget: 2031
# nbConfigurations: 22
# Markers:
     x No test is performed.
     c Configurations are discarded only due to capping.
     - The test is performed and some configurations are discarded.
     = The test is performed but no configuration is discarded.
     ! The test is performed and configurations could be discarded but elite configurations are preserved.
     . All alive configurations are elite and nothing is discarded.

+-+-----------+-----------+-----------+----------------+-----------+--------+-----+----+------+
| |   Instance|      Alive|       Best|       Mean best| Exp so far|  W time|  rho|KenW|  Qvar|
+-+-----------+-----------+-----------+----------------+-----------+--------+-----+----+------+
|x|         14|         22|        111|     32497468.00|         22|00:01:01|   NA|  NA|    NA|
|x|          7|         22|        119|     32454225.50|         39|00:00:45|+0.22|0.61|0.7575|
|x|         10|         22|         98|     32536373.67|         56|00:00:47|+0.33|0.55|0.6201|
|x|          5|         22|         88|     32474958.00|         73|00:00:48|+0.44|0.58|0.5048|
|-|         13|          8|         88|     32462418.20|         90|00:00:46|-0.04|0.17|0.8868|
|=|          4|          8|        111|     32480360.00|         93|00:00:20|+0.05|0.21|0.8231|
|=|          3|          8|        128|     32490719.57|         96|00:00:17|+0.04|0.18|0.8132|
|=|          1|          8|        128|     32512295.25|         99|00:00:15|+0.09|0.20|0.7498|
|=|          2|          8|        128|     32504854.44|        102|00:00:13|+0.09|0.19|0.7589|
|-|         12|          6|        128|     32502295.10|        105|00:00:12|-0.04|0.07|0.8650|
|=|          8|          6|        128|     32553600.64|        106|00:00:12|-0.03|0.06|0.8660|
|=|          6|          6|        111|     32566122.67|        107|00:00:10|-0.02|0.06|0.8743|
|=|          9|          6|        128|     32563719.00|        108|00:00:10|+0.01|0.09|0.8480|
|=|         11|          6|        128|     32552755.14|        109|00:00:10|+0.00|0.07|0.8471|
|=|         15|          6|        128|     32585519.47|        115|00:00:22|-0.03|0.04|0.8708|
+-+-----------+-----------+-----------+----------------+-----------+--------+-----+----+------+
Best-so-far configuration:         128    mean value:      32585519.47
Description of the best-so-far configuration:
    .ID. algorithm localsearch alpha beta  rho ants q0 rasrank elitistants nnls
128  128       ras           3  3.97 6.28 0.96   44 NA       9          NA   21
    dlb .PARENT.
128   0      108

# 2025-09-01 20:39:34 -04: Elite configurations (first number is the configuration ID; listed from best to worst according to the sum of ranks):
    algorithm localsearch alpha beta  rho ants q0 rasrank elitistants nnls dlb
128       ras           3  3.97 6.28 0.96   44 NA       9          NA   21   0
111       ras           3  2.98 6.16 0.81   38 NA       7          NA   23   0
98        ras           3  4.04 8.80 0.85   43 NA      12          NA   23   0
108       ras           3  4.18 5.80 0.96   40 NA      12          NA   25   0
88        ras           3  4.16 7.30 0.91   33 NA       8          NA   16   0
# 2025-09-01 20:39:34 -04: Iteration 8 of 8
# experimentsUsed: 834
# remainingBudget: 1916
# currentBudget: 1916
# nbConfigurations: 22
# Markers:
     x No test is performed.
     c Configurations are discarded only due to capping.
     - The test is performed and some configurations are discarded.
     = The test is performed but no configuration is discarded.
     ! The test is performed and configurations could be discarded but elite configurations are preserved.
     . All alive configurations are elite and nothing is discarded.

+-+-----------+-----------+-----------+----------------+-----------+--------+-----+----+------+
| |   Instance|      Alive|       Best|       Mean best| Exp so far|  W time|  rho|KenW|  Qvar|
+-+-----------+-----------+-----------+----------------+-----------+--------+-----+----+------+
|x|         16|         22|        111|     32481104.00|         22|00:00:53|   NA|  NA|    NA|
|x|          4|         22|        111|     32503917.50|         39|00:00:49|+0.39|0.69|0.3044|
|x|         11|         22|        132|     32494307.67|         56|00:00:47|+0.38|0.59|0.4284|
|x|         10|         22|        132|     32529255.25|         73|00:00:41|+0.43|0.57|0.3680|
|-|          7|         13|        132|     32498984.60|         90|00:00:53|-0.10|0.12|1.0360|
|=|          1|         13|        145|     32513513.67|         98|00:00:20|-0.08|0.10|0.9876|
|=|          2|         13|        145|     32503847.43|        106|00:00:27|-0.08|0.08|0.9966|
|=|         14|         13|        132|     32522421.38|        114|00:00:26|-0.09|0.05|0.9977|
|=|         12|         13|        111|     32521068.67|        122|00:00:24|-0.09|0.03|1.0108|
|=|         13|         13|        111|     32509349.80|        130|00:00:29|-0.08|0.03|1.0033|
|=|          9|         13|        111|     32517054.00|        138|00:00:24|-0.05|0.04|0.9839|
|=|          6|         13|        111|     32526140.17|        146|00:00:26|-0.04|0.05|0.9746|
|=|          5|         13|        111|     32510761.23|        154|00:00:30|-0.03|0.05|0.9621|
|=|         15|         13|        111|     32544992.50|        162|00:00:32|-0.03|0.04|0.9531|
|=|          3|         13|        111|     32545137.20|        170|00:00:27|-0.02|0.05|0.9436|
|=|          8|         13|        111|     32581225.25|        178|00:00:32|-0.02|0.04|0.9397|
|=|         17|         13|        111|     32595695.06|        191|00:00:36|-0.01|0.05|0.9312|
+-+-----------+-----------+-----------+----------------+-----------+--------+-----+----+------+
Best-so-far configuration:         111    mean value:      32595695.06
Description of the best-so-far configuration:
    .ID. algorithm localsearch alpha beta  rho ants q0 rasrank elitistants nnls
111  111       ras           3  2.98 6.16 0.81   38 NA       7          NA   23
    dlb .PARENT.
111   0       88

# 2025-09-01 20:49:19 -04: Elite configurations (first number is the configuration ID; listed from best to worst according to the sum of ranks):
    algorithm localsearch alpha beta  rho ants q0 rasrank elitistants nnls dlb
111       ras           3  2.98 6.16 0.81   38 NA       7          NA   23   0
128       ras           3  3.97 6.28 0.96   44 NA       9          NA   21   0
136       ras           3  4.11 7.18 0.97   51 NA      11          NA   19   0
98        ras           3  4.04 8.80 0.85   43 NA      12          NA   23   0
137       ras           3  3.67 8.00 0.89   50 NA       8          NA   20   0
# 2025-09-01 20:49:19 -04: Iteration 9 of 9
# experimentsUsed: 1025
# remainingBudget: 1725
# currentBudget: 1725
# nbConfigurations: 22
# Markers:
     x No test is performed.
     c Configurations are discarded only due to capping.
     - The test is performed and some configurations are discarded.
     = The test is performed but no configuration is discarded.
     ! The test is performed and configurations could be discarded but elite configurations are preserved.
     . All alive configurations are elite and nothing is discarded.

+-+-----------+-----------+-----------+----------------+-----------+--------+-----+----+------+
| |   Instance|      Alive|       Best|       Mean best| Exp so far|  W time|  rho|KenW|  Qvar|
+-+-----------+-----------+-----------+----------------+-----------+--------+-----+----+------+
|x|         18|         22|        149|     32492888.00|         22|00:00:49|   NA|  NA|    NA|
|x|          6|         22|        147|     32574418.50|         39|00:00:42|+0.50|0.75|0.1248|
|x|          7|         22|        148|     32502417.67|         56|00:00:39|+0.47|0.65|0.1466|
|x|         17|         22|        136|     32580979.75|         73|00:00:42|+0.50|0.62|0.1306|
|-|          8|         14|        136|     32683805.80|         90|00:00:40|-0.16|0.07|1.0315|
|=|         10|         14|        155|     32701805.50|         99|00:00:22|-0.09|0.09|0.9759|
|=|          1|         14|        155|     32692337.29|        108|00:00:23|-0.03|0.11|0.9102|
|=|          5|         14|        136|     32623852.38|        117|00:00:32|-0.00|0.12|0.8520|
|=|          9|         14|        128|     32628184.78|        126|00:00:28|+0.02|0.13|0.8000|
|=|         12|         14|        128|     32613292.40|        135|00:00:28|+0.05|0.15|0.7888|
|=|         16|         14|        136|     32608465.00|        144|00:00:24|+0.06|0.15|0.7915|
|=|         14|         14|        111|     32603058.83|        153|00:00:25|+0.06|0.14|0.8096|
|-|          3|         12|        147|     32599749.15|        162|00:00:25|-0.01|0.06|0.9047|
|=|         13|         12|        111|     32584839.21|        169|00:00:22|-0.00|0.07|0.8993|
|=|         15|         12|        111|     32611849.87|        176|00:00:27|+0.01|0.07|0.8848|
|=|          2|         12|        147|     32604749.94|        183|00:00:17|+0.01|0.07|0.8887|
|=|         11|         12|        147|     32591974.18|        190|00:00:17|+0.00|0.06|0.8970|
|=|          4|         12|        147|     32589093.67|        197|00:00:20|+0.02|0.08|0.8767|
|=|         19|         12|        147|     32603765.37|        209|00:00:29|+0.04|0.09|0.8648|
+-+-----------+-----------+-----------+----------------+-----------+--------+-----+----+------+
Best-so-far configuration:         147    mean value:      32603765.37
Description of the best-so-far configuration:
    .ID. algorithm localsearch alpha beta  rho ants q0 rasrank elitistants nnls
147  147       ras           3  3.54 7.03 0.97   45 NA      14          NA   16
    dlb .PARENT.
147   0      128

# 2025-09-01 20:58:40 -04: Elite configurations (first number is the configuration ID; listed from best to worst according to the sum of ranks):
    algorithm localsearch alpha beta  rho ants q0 rasrank elitistants nnls dlb
147       ras           3  3.54 7.03 0.97   45 NA      14          NA   16   0
111       ras           3  2.98 6.16 0.81   38 NA       7          NA   23   0
155       ras           3  3.67 7.37 0.89   50 NA      11          NA   18   0
156       ras           3  3.07 6.28 0.87   53 NA       8          NA   27   0
148       ras           3  3.70 6.74 0.89   46 NA      14          NA   17   0
# 2025-09-01 20:58:40 -04: Iteration 10 of 10
# experimentsUsed: 1234
# remainingBudget: 1516
# currentBudget: 1516
# nbConfigurations: 22
# Markers:
     x No test is performed.
     c Configurations are discarded only due to capping.
     - The test is performed and some configurations are discarded.
     = The test is performed but no configuration is discarded.
     ! The test is performed and configurations could be discarded but elite configurations are preserved.
     . All alive configurations are elite and nothing is discarded.

+-+-----------+-----------+-----------+----------------+-----------+--------+-----+----+------+
| |   Instance|      Alive|       Best|       Mean best| Exp so far|  W time|  rho|KenW|  Qvar|
+-+-----------+-----------+-----------+----------------+-----------+--------+-----+----+------+
|x|         20|         22|        171|     32443510.00|         22|00:01:03|   NA|  NA|    NA|
|x|          9|         22|        147|     32541807.50|         39|00:00:51|-0.12|0.44|0.1667|
|x|          5|         22|        147|     32466438.33|         56|00:01:00|+0.23|0.49|0.1403|
|x|         19|         22|        147|     32566792.75|         73|00:00:43|+0.29|0.47|0.1223|
|-|          3|         11|        147|     32553991.40|         90|00:00:56|-0.07|0.14|0.9658|
|=|          2|         11|        147|     32539533.50|         96|00:00:24|-0.08|0.10|0.9751|
|=|          8|         11|        147|     32620966.57|        102|00:00:25|-0.04|0.11|0.9420|
|=|          4|         11|        147|     32610861.38|        108|00:00:23|-0.02|0.11|0.9118|
|=|         16|         11|        147|     32602848.11|        114|00:00:23|-0.01|0.10|0.8976|
|=|          6|         11|        147|     32607298.30|        120|00:00:21|-0.01|0.09|0.9061|
|=|         14|         11|        147|     32598433.27|        126|00:00:23|+0.02|0.11|0.8884|
|=|         15|         11|        147|     32626800.33|        132|00:00:24|+0.04|0.12|0.8595|
|=|         13|         11|        147|     32614983.23|        138|00:00:26|+0.05|0.13|0.8507|
|=|         12|         11|        147|     32606812.93|        144|00:00:21|+0.05|0.12|0.8576|
|=|          7|         11|        147|     32598697.60|        150|00:00:21|+0.05|0.11|0.8690|
|=|         17|         11|        147|     32614169.06|        156|00:00:21|+0.04|0.10|0.8785|
|=|         10|         11|        147|     32613534.76|        162|00:00:25|+0.03|0.09|0.8856|
|=|          1|         11|        147|     32615108.00|        168|00:00:22|+0.04|0.09|0.8765|
|=|         11|         11|        147|     32603131.89|        174|00:00:20|+0.04|0.09|0.8745|
|=|         18|         11|        147|     32598049.65|        180|00:00:27|+0.03|0.08|0.8764|
|=|         21|         11|        147|     32593824.48|        191|00:00:33|+0.04|0.08|0.8758|
+-+-----------+-----------+-----------+----------------+-----------+--------+-----+----+------+
Best-so-far configuration:         147    mean value:      32593824.48
Description of the best-so-far configuration:
    .ID. algorithm localsearch alpha beta  rho ants q0 rasrank elitistants nnls
147  147       ras           3  3.54 7.03 0.97   45 NA      14          NA   16
    dlb .PARENT.
147   0      128

# 2025-09-01 21:09:41 -04: Elite configurations (first number is the configuration ID; listed from best to worst according to the sum of ranks):
    algorithm localsearch alpha beta  rho ants q0 rasrank elitistants nnls dlb
147       ras           3  3.54 7.03 0.97   45 NA      14          NA   16   0
155       ras           3  3.67 7.37 0.89   50 NA      11          NA   18   0
176       ras           3  4.20 7.70 0.95   53 NA      12          NA   14   0
156       ras           3  3.07 6.28 0.87   53 NA       8          NA   27   0
111       ras           3  2.98 6.16 0.81   38 NA       7          NA   23   0
# 2025-09-01 21:09:41 -04: Iteration 11 of 11
# experimentsUsed: 1425
# remainingBudget: 1325
# currentBudget: 1325
# nbConfigurations: 22
# Markers:
     x No test is performed.
     c Configurations are discarded only due to capping.
     - The test is performed and some configurations are discarded.
     = The test is performed but no configuration is discarded.
     ! The test is performed and configurations could be discarded but elite configurations are preserved.
     . All alive configurations are elite and nothing is discarded.

+-+-----------+-----------+-----------+----------------+-----------+--------+-----+----+------+
| |   Instance|      Alive|       Best|       Mean best| Exp so far|  W time|  rho|KenW|  Qvar|
+-+-----------+-----------+-----------+----------------+-----------+--------+-----+----+------+
|x|         22|         22|        181|     32421586.00|         22|00:00:42|   NA|  NA|    NA|
|x|          5|         22|        181|     32340252.00|         39|00:00:42|+0.42|0.71|0.4566|
|x|         20|         22|        191|     32404937.33|         56|00:00:34|+0.33|0.55|0.6524|
|x|          4|         22|        193|     32457010.25|         73|00:00:39|+0.24|0.43|0.7446|
|-|         12|         14|        156|     32463529.60|         90|00:00:30|-0.10|0.12|1.0036|
|=|         16|         14|        156|     32469349.17|         99|00:00:29|-0.07|0.11|0.9607|
|=|         19|         14|        156|     32531861.00|        108|00:00:28|-0.04|0.11|0.9441|
|=|         21|         14|        147|     32533730.25|        117|00:00:24|-0.04|0.09|0.9407|
|=|         11|         14|        147|     32517489.33|        126|00:00:21|-0.03|0.09|0.9165|
|=|          2|         14|        147|     32512464.80|        135|00:00:22|-0.00|0.10|0.9061|
|=|          6|         14|        147|     32524727.09|        144|00:00:30|-0.00|0.09|0.9233|
|=|         10|         14|        147|     32531282.00|        153|00:00:24|+0.03|0.11|0.8975|
|=|         17|         14|        147|     32555509.62|        162|00:00:29|+0.04|0.11|0.8837|
|=|          8|         14|        155|     32602373.43|        171|00:00:28|+0.03|0.10|0.8956|
|=|          1|         14|        155|     32604583.73|        180|00:00:29|+0.04|0.11|0.8883|
|=|          3|         14|        155|     32598010.19|        189|00:00:31|+0.04|0.10|0.8818|
|=|         18|         14|        155|     32592315.88|        198|00:00:20|+0.04|0.10|0.8912|
|=|         14|         14|        147|     32582616.61|        207|00:00:30|+0.04|0.09|0.8883|
|-|          7|         12|        155|     32580356.89|        216|00:00:30|-0.02|0.04|0.9306|
|=|         13|         12|        147|     32572268.00|        223|00:00:27|-0.02|0.03|0.9349|
|=|          9|         12|        147|     32573310.67|        230|00:00:27|-0.02|0.03|0.9377|
|=|         15|         12|        147|     32589925.55|        237|00:00:24|-0.02|0.03|0.9339|
|=|         23|         12|        147|     32590040.91|        249|00:00:28|-0.02|0.03|0.9366|
+-+-----------+-----------+-----------+----------------+-----------+--------+-----+----+------+
Best-so-far configuration:         147    mean value:      32590040.91
Description of the best-so-far configuration:
    .ID. algorithm localsearch alpha beta  rho ants q0 rasrank elitistants nnls
147  147       ras           3  3.54 7.03 0.97   45 NA      14          NA   16
    dlb .PARENT.
147   0      128

# 2025-09-01 21:21:00 -04: Elite configurations (first number is the configuration ID; listed from best to worst according to the sum of ranks):
    algorithm localsearch alpha beta  rho ants q0 rasrank elitistants nnls dlb
147       ras           3  3.54 7.03 0.97   45 NA      14          NA   16   0
155       ras           3  3.67 7.37 0.89   50 NA      11          NA   18   0
176       ras           3  4.20 7.70 0.95   53 NA      12          NA   14   0
182       ras           3  3.68 6.95 0.91   49 NA      12          NA   20   0
181       ras           3  3.24 6.18 0.87   56 NA      10          NA   27   0
# 2025-09-01 21:21:00 -04: Iteration 12 of 12
# experimentsUsed: 1674
# remainingBudget: 1076
# currentBudget: 1076
# nbConfigurations: 22
# Markers:
     x No test is performed.
     c Configurations are discarded only due to capping.
     - The test is performed and some configurations are discarded.
     = The test is performed but no configuration is discarded.
     ! The test is performed and configurations could be discarded but elite configurations are preserved.
     . All alive configurations are elite and nothing is discarded.

+-+-----------+-----------+-----------+----------------+-----------+--------+-----+----+------+
| |   Instance|      Alive|       Best|       Mean best| Exp so far|  W time|  rho|KenW|  Qvar|
+-+-----------+-----------+-----------+----------------+-----------+--------+-----+----+------+
|x|         24|         22|        210|     32404482.00|         22|00:01:04|   NA|  NA|    NA|
|x|         21|         22|        209|     32448075.00|         39|00:00:30|+0.58|0.79|0.5009|
|x|         17|         22|        155|     32573045.00|         56|00:00:41|+0.22|0.48|0.7192|
|x|          9|         22|        198|     32578625.50|         73|00:00:34|+0.14|0.36|0.7441|
|=|         13|         22|        198|     32567274.80|         90|00:00:45|+0.11|0.29|0.7455|
|-|          6|         16|        182|     32576692.50|        107|00:00:38|-0.08|0.10|0.9918|
|=|          7|         16|        198|     32552496.43|        118|00:00:25|-0.06|0.09|0.9681|
|=|         15|         16|        182|     32601735.75|        129|00:00:29|-0.04|0.09|0.9538|
|=|          4|         16|        182|     32599640.67|        140|00:00:23|-0.01|0.10|0.9250|
|=|         19|         16|        182|     32626704.90|        151|00:00:21|-0.01|0.09|0.9325|
|=|          1|         16|        198|     32644725.18|        162|00:00:23|-0.02|0.08|0.9359|
|=|          8|         16|        155|     32680484.33|        173|00:00:30|-0.01|0.07|0.9380|
|=|          3|         16|        155|     32666555.31|        184|00:00:25|-0.00|0.08|0.9277|
|=|         14|         16|        182|     32643361.64|        195|00:00:34|+0.02|0.09|0.9045|
|=|         12|         16|        198|     32650223.20|        206|00:00:23|+0.01|0.07|0.9233|
|=|         11|         16|        155|     32629623.19|        217|00:00:23|+0.02|0.08|0.9123|
|=|         18|         16|        198|     32623278.88|        228|00:00:24|+0.03|0.09|0.9062|
|=|         10|         16|        198|     32622844.11|        239|00:00:26|+0.03|0.09|0.9069|
|-|          5|         13|        198|     32607137.47|        250|00:00:27|-0.02|0.04|0.9422|
|=|         20|         13|        155|     32600250.60|        258|00:00:21|-0.01|0.04|0.9390|
|=|         22|         13|        155|     32596113.95|        266|00:00:20|-0.00|0.04|0.9363|
|=|          2|         13|        155|     32589607.86|        274|00:00:18|+0.00|0.05|0.9276|
|=|         23|         13|        155|     32589626.39|        282|00:00:19|+0.01|0.06|0.9185|
|=|         16|         13|        155|     32589404.92|        290|00:00:20|+0.02|0.06|0.9118|
|=|         25|         13|        198|     32593869.24|        303|00:00:36|+0.02|0.06|0.9092|
+-+-----------+-----------+-----------+----------------+-----------+--------+-----+----+------+
Best-so-far configuration:         198    mean value:      32593869.24
Description of the best-so-far configuration:
    .ID. algorithm localsearch alpha beta  rho ants q0 rasrank elitistants nnls
198  198       ras           3  3.48 7.41 0.88   54 NA      12          NA   18
    dlb .PARENT.
198   0      155

# 2025-09-01 21:33:10 -04: Elite configurations (first number is the configuration ID; listed from best to worst according to the sum of ranks):
    algorithm localsearch alpha beta  rho ants q0 rasrank elitistants nnls dlb
198       ras           3  3.48 7.41 0.88   54 NA      12          NA   18   0
205       ras           3  3.66 6.59 0.89   51 NA      11          NA   20   0
155       ras           3  3.67 7.37 0.89   50 NA      11          NA   18   0
147       ras           3  3.54 7.03 0.97   45 NA      14          NA   16   0
202       ras           3  3.73 7.35 0.89   51 NA      11          NA   18   0
# 2025-09-01 21:33:10 -04: Iteration 13 of 13
# experimentsUsed: 1977
# remainingBudget: 773
# currentBudget: 773
# nbConfigurations: 22
# Markers:
     x No test is performed.
     c Configurations are discarded only due to capping.
     - The test is performed and some configurations are discarded.
     = The test is performed but no configuration is discarded.
     ! The test is performed and configurations could be discarded but elite configurations are preserved.
     . All alive configurations are elite and nothing is discarded.

+-+-----------+-----------+-----------+----------------+-----------+--------+-----+----+------+
| |   Instance|      Alive|       Best|       Mean best| Exp so far|  W time|  rho|KenW|  Qvar|
+-+-----------+-----------+-----------+----------------+-----------+--------+-----+----+------+
|x|         26|         22|        220|     32873652.00|         22|00:00:42|   NA|  NA|    NA|
|x|         11|         22|        220|     32607039.50|         39|00:00:34|+0.25|0.63|0.7132|
|x|          1|         22|        205|     32625778.00|         56|00:00:41|+0.15|0.43|0.7333|
|x|         21|         22|        231|     32584492.50|         73|00:00:38|+0.18|0.39|0.7410|
|=|         18|         22|        231|     32566829.00|         90|00:00:34|+0.07|0.25|0.8809|
|-|         20|         15|        231|     32553361.17|        107|00:00:40|-0.00|0.16|0.9595|
|=|         10|         15|        217|     32563541.86|        117|00:00:24|-0.03|0.11|0.9790|
|=|          9|         15|        217|     32567201.62|        127|00:00:20|-0.01|0.11|0.9559|
|=|          7|         15|        217|     32538312.78|        137|00:00:22|+0.02|0.13|0.9368|
|=|          3|         15|        217|     32537944.20|        147|00:00:20|+0.01|0.11|0.9423|
|=|         15|         15|        217|     32602321.00|        157|00:00:22|-0.00|0.09|0.9618|
|=|          5|         15|        231|     32561089.58|        167|00:00:25|-0.03|0.06|0.9724|
|=|          6|         15|        217|     32589506.15|        177|00:00:24|-0.02|0.05|0.9683|
|=|         19|         15|        231|     32597158.57|        187|00:00:19|-0.02|0.06|0.9552|
|=|         17|         15|        217|     32628855.80|        197|00:00:21|-0.03|0.04|0.9693|
|=|         23|         15|        217|     32622891.19|        207|00:00:21|-0.02|0.04|0.9548|
|=|         12|         15|        217|     32614704.53|        217|00:00:18|-0.01|0.05|0.9482|
|=|         22|         15|        217|     32611387.67|        227|00:00:17|-0.01|0.05|0.9463|
|=|          4|         15|        217|     32608284.21|        237|00:00:23|-0.00|0.05|0.9436|
|=|          2|         15|        217|     32602554.70|        247|00:00:20|-0.01|0.04|0.9457|
|=|         25|         15|        198|     32602006.48|        257|00:00:26|-0.00|0.05|0.9383|
|=|         24|         15|        155|     32592172.00|        267|00:00:27|+0.01|0.05|0.9333|
|=|         14|         15|        198|     32592367.83|        277|00:00:30|+0.01|0.06|0.9257|
|=|          8|         15|        198|     32613873.96|        287|00:00:27|+0.01|0.05|0.9218|
|=|         16|         15|        198|     32610594.44|        297|00:00:26|+0.01|0.05|0.9228|
|=|         13|         15|        147|     32604251.12|        307|00:00:23|+0.01|0.05|0.9222|
|=|         27|         15|        147|     32626264.44|        322|00:00:33|+0.01|0.05|0.9235|
+-+-----------+-----------+-----------+----------------+-----------+--------+-----+----+------+
Best-so-far configuration:         147    mean value:      32626264.44
Description of the best-so-far configuration:
    .ID. algorithm localsearch alpha beta  rho ants q0 rasrank elitistants nnls
147  147       ras           3  3.54 7.03 0.97   45 NA      14          NA   16
    dlb .PARENT.
147   0      128

# 2025-09-01 21:45:22 -04: Elite configurations (first number is the configuration ID; listed from best to worst according to the sum of ranks):
    algorithm localsearch alpha beta  rho ants q0 rasrank elitistants nnls dlb
147       ras           3  3.54 7.03 0.97   45 NA      14          NA   16   0
226       ras           3  3.48 7.13 0.91   53 NA      11          NA   16   0
198       ras           3  3.48 7.41 0.88   54 NA      12          NA   18   0
205       ras           3  3.66 6.59 0.89   51 NA      11          NA   20   0
224       ras           3  3.63 6.26 0.88   49 NA      14          NA   18   0
# 2025-09-01 21:45:22 -04: Stopped because there is not enough budget to enforce the value of nbConfigurations.
# Iteration: 14
# nbIterations: 14
# experimentsUsed: 2299
# timeUsed: 0
# remainingBudget: 451
# currentBudget: 451
# number of elites: 5
# nbConfigurations: 20
# Total CPU user time: 43518.18, CPU sys time: 165.024, Wall-clock time: 6592.793
# 2025-09-01 21:45:22 -04: Starting post-selection:
# Configurations selected: 147, 226, 198, 205, 224, 155, 202, 176, 182, 181, 156, 111, 148, 128, 136, 98.
# Pending instances: 1, 1, 1, 1, 1, 1, 1, 3, 3, 3, 5, 5, 7, 9, 9, 9.
# 2025-09-01 21:45:22 -04: seed: 1969888171
# Configurations: 16
# Available experiments: 451
# minSurvival: 1
# Markers:
     x No test is performed.
     c Configurations are discarded only due to capping.
     - The test is performed and some configurations are discarded.
     = The test is performed but no configuration is discarded.
     ! The test is performed and configurations could be discarded but elite configurations are preserved.
     . All alive configurations are elite and nothing is discarded.

+-+-----------+-----------+-----------+----------------+-----------+--------+-----+----+------+
| |   Instance|      Alive|       Best|       Mean best| Exp so far|  W time|  rho|KenW|  Qvar|
+-+-----------+-----------+-----------+----------------+-----------+--------+-----+----+------+
|.|          7|         16|        224|     32314797.00|          0|00:00:00|   NA|  NA|    NA|
|.|          5|         16|        224|     32338016.00|          0|00:00:00|-0.42|0.29|1.1797|
|.|         16|         16|        224|     32423737.33|          0|00:00:00|-0.25|0.16|1.1671|
|.|          3|         16|        224|     32438820.25|          0|00:00:00|-0.13|0.15|1.0935|
|x|         20|         16|        156|     32431260.80|          3|00:00:20|-0.11|0.11|1.0499|
|.|         12|         16|        156|     32434498.33|          3|00:00:00|-0.04|0.14|0.9895|
|x|         24|         16|        156|     32439801.86|          9|00:00:22|-0.05|0.10|0.9900|
|x|         26|         16|        156|     32500955.00|         18|00:00:25|-0.02|0.11|0.9578|
|.|         14|         16|        156|     32508046.78|         18|00:00:00|-0.06|0.06|0.9835|
|.|         11|         16|        156|     32498012.40|         18|00:00:00|-0.05|0.05|0.9648|
|.|          9|         16|        156|     32512372.27|         18|00:00:00|-0.05|0.04|0.9806|
|.|         13|         16|        156|     32509611.58|         18|00:00:00|-0.06|0.03|0.9882|
|.|         19|         16|        156|     32540174.69|         18|00:00:00|-0.04|0.04|0.9715|
|.|          6|         16|        156|     32553022.86|         18|00:00:00|-0.03|0.05|0.9621|
|.|          2|         16|        156|     32545158.87|         18|00:00:00|-0.02|0.04|0.9582|
|.|         10|         16|        156|     32549631.12|         18|00:00:00|-0.02|0.05|0.9488|
|x|         22|         16|        147|     32549286.41|         22|00:00:25|-0.00|0.05|0.9333|
|.|         15|         16|        147|     32570928.17|         22|00:00:00|-0.01|0.05|0.9403|
|.|         17|         16|        147|     32585418.32|         22|00:00:00|-0.02|0.04|0.9509|
|x|         27|         16|        147|     32616077.95|         31|00:00:24|-0.02|0.03|0.9473|
|.|         18|         16|        147|     32610621.24|         31|00:00:00|-0.01|0.04|0.9449|
|x|         21|         16|        147|     32606016.68|         34|00:00:21|-0.01|0.04|0.9385|
|.|          4|         16|        147|     32603151.83|         34|00:00:00|-0.00|0.04|0.9391|
|.|          8|         16|        147|     32624252.38|         34|00:00:00|-0.01|0.03|0.9451|
|.|          1|         16|        147|     32624956.40|         34|00:00:00|-0.01|0.03|0.9459|
|x|         23|         16|        147|     32623711.12|         38|00:00:22|-0.00|0.04|0.9393|
|=|         25|         16|        147|     32626264.44|         44|00:00:27|+0.00|0.04|0.9344|
|=|         28|         16|        226|     32636131.86|         60|00:00:34|-0.00|0.04|0.9355|
|=|         29|         16|        147|     32657944.66|         76|00:00:39|+0.00|0.04|0.9316|
|=|         30|         16|        147|     32654554.60|         92|00:00:25|+0.01|0.04|0.9292|
|=|         31|         16|        147|     32639017.94|        108|00:00:30|+0.02|0.05|0.9199|
|=|         32|         16|        224|     32628826.56|        124|00:00:46|+0.02|0.05|0.9188|
|=|         33|         16|        226|     32630968.55|        140|00:00:42|+0.01|0.04|0.9186|
|=|         34|         16|        224|     32632394.38|        156|00:00:45|+0.01|0.04|0.9213|
|=|         35|         16|        224|     32633264.40|        172|00:00:40|+0.01|0.04|0.9197|
|=|         36|         16|        224|     32632495.44|        188|00:00:36|+0.02|0.05|0.9189|
|=|         37|         16|        155|     32640710.38|        204|00:00:45|+0.02|0.04|0.9182|
|=|         38|         16|        155|     32634289.79|        220|00:00:34|+0.02|0.04|0.9198|
|-|         39|         10|        155|     32626732.92|        236|00:00:45|-0.02|0.01|0.9076|
|=|         40|         10|        155|     32626404.80|        246|00:00:27|-0.02|0.01|0.9067|
|=|         41|         10|        155|     32628712.71|        256|00:00:22|-0.02|0.01|0.9085|
|=|         42|         10|        155|     32629810.26|        266|00:00:35|-0.02|0.01|0.9072|
|=|         43|         10|        224|     32633650.23|        276|00:00:30|-0.02|0.01|0.9095|
|=|         44|         10|        224|     32635259.55|        286|00:00:26|-0.02|0.01|0.9088|
|=|         45|         10|        224|     32629725.33|        296|00:00:28|-0.02|0.01|0.9077|
|=|         46|         10|        224|     32624242.89|        306|00:00:29|-0.02|0.01|0.9097|
|=|         47|         10|        224|     32625067.28|        316|00:00:32|-0.02|0.00|0.9105|
|=|         48|         10|        224|     32624469.42|        326|00:00:25|-0.02|0.00|0.9113|
|=|         49|         10|        224|     32617243.80|        336|00:00:33|-0.02|0.00|0.9114|
|=|         50|         10|        224|     32617556.12|        346|00:00:33|-0.02|0.00|0.9122|
|=|         51|         10|        224|     32622644.94|        356|00:00:30|-0.01|0.01|0.9111|
|=|         52|         10|        147|     32627424.04|        366|00:00:31|-0.01|0.01|0.9128|
|=|         53|         10|        224|     32622731.94|        376|00:00:35|-0.01|0.01|0.9124|
|=|         54|         10|        147|     32621625.65|        386|00:00:25|-0.01|0.00|0.9130|
|=|         55|         10|        147|     32618469.38|        396|00:00:27|-0.01|0.00|0.9132|
|=|         56|         10|        147|     32617993.59|        406|00:00:29|-0.01|0.00|0.9124|
|=|         57|         10|        226|     32615493.96|        416|00:00:24|-0.01|0.01|0.9109|
|=|         58|         10|        156|     32617516.21|        426|00:00:28|-0.01|0.01|0.9099|
|=|         59|         10|        156|     32615016.05|        436|00:00:24|-0.01|0.01|0.9099|
|=|         60|         10|        156|     32616564.07|        446|00:00:23|-0.01|0.01|0.9092|
+-+-----------+-----------+-----------+----------------+-----------+--------+-----+----+------+
Best-so-far configuration:         156    mean value:      32616564.07
Description of the best-so-far configuration:
    .ID. algorithm localsearch alpha beta  rho ants q0 rasrank elitistants nnls
156  156       ras           3  3.07 6.28 0.87   53 NA       8          NA   27
    dlb .PARENT.
156   0      111

# 2025-09-01 22:06:24 -04: Elite configurations (first number is the configuration ID; listed from best to worst according to the sum of ranks):
    algorithm localsearch alpha beta  rho ants q0 rasrank elitistants nnls dlb
156       ras           3  3.07 6.28 0.87   53 NA       8          NA   27   0
226       ras           3  3.48 7.13 0.91   53 NA      11          NA   16   0
147       ras           3  3.54 7.03 0.97   45 NA      14          NA   16   0
224       ras           3  3.63 6.26 0.88   49 NA      14          NA   18   0
198       ras           3  3.48 7.41 0.88   54 NA      12          NA   18   0
# Total CPU user time: 52193.7, CPU sys time: 197.985, Wall-clock time: 7854.44
    .ID. algorithm localsearch alpha beta  rho ants q0 rasrank elitistants nnls
156  156       ras           3  3.07 6.28 0.87   53 NA       8          NA   27
226  226       ras           3  3.48 7.13 0.91   53 NA      11          NA   16
147  147       ras           3  3.54 7.03 0.97   45 NA      14          NA   16
224  224       ras           3  3.63 6.26 0.88   49 NA      14          NA   18
198  198       ras           3  3.48 7.41 0.88   54 NA      12          NA   18
    dlb .PARENT. .RANK.   .WEIGHT.
156   0      111    307 0.33333333
226   0      198    314 0.26666667
147   0      128    320 0.20000000
224   0      205    323 0.13333333
198   0      155    325 0.06666667
