# 2025-08-30 17:48:11 -04: Reading parameter file '/home/pestobar/Activities/irace-test-executions/ACOTSP/Scenarios/BH-45/Runs/BH-45_seed_9876543210/parameters.txt'.
# 2025-08-30 17:48:11 -04: 1 expression(s) specifying forbidden configurations read.
# 2025-08-30 17:48:11 -04: Initialization
# Elitist race
# Elitist new instances: 1
# Elitist limit: 2
# nbIterations: 5
# minNbSurvival: 5
# nbParameters: 11
# seed: 1269957984
# confidence level: 0.95
# budget: 5500
# mu: 5
# deterministic: FALSE

# 2025-08-30 17:48:11 -04: Iteration 1 of 5
# experimentsUsed: 0
# remainingBudget: 5500
# currentBudget: 1100
# nbConfigurations: 45
# Markers:
     x No test is performed.
     c Configurations are discarded only due to capping.
     - The test is performed and some configurations are discarded.
     = The test is performed but no configuration is discarded.
     ! The test is performed and configurations could be discarded but elite configurations are preserved.
     . All alive configurations are elite and nothing is discarded.

+-+-----------+-----------+-----------+----------------+-----------+--------+-----+----+------+
| |   Instance|      Alive|       Best|       Mean best| Exp so far|  W time|  rho|KenW|  Qvar|
+-+-----------+-----------+-----------+----------------+-----------+--------+-----+----+------+
|x|          1|         45|         15|     32510881.00|         45|00:01:27|   NA|  NA|    NA|
|x|          2|         45|         15|     32536538.00|         90|00:01:26|+0.98|0.99|0.0010|
|x|          3|         45|         15|     32506633.33|        135|00:01:28|+0.98|0.98|0.0008|
|x|          4|         45|         15|     32581211.00|        180|00:01:27|+0.98|0.98|0.0008|
|-|          5|          3|         15|     32625009.80|        225|00:01:25|+0.40|0.52|0.4714|
+-+-----------+-----------+-----------+----------------+-----------+--------+-----+----+------+
Best-so-far configuration:          15    mean value:      32625009.80
Description of the best-so-far configuration:
   .ID. algorithm localsearch alpha beta  rho ants q0 rasrank elitistants nnls
15   15      mmas           3  3.72    6 0.31   45 NA      NA          NA   13
   dlb .PARENT.
15   1       NA

# 2025-08-30 17:55:27 -04: Elite configurations (first number is the configuration ID; listed from best to worst according to the sum of ranks):
   algorithm localsearch alpha beta  rho ants   q0 rasrank elitistants nnls dlb
15      mmas           3  3.72 6.00 0.31   45   NA      NA          NA   13   1
9        acs           3  1.85 2.25 0.93   57 0.05      NA          NA   19   1
28       acs           3  4.19 8.82 0.21   18 0.96      NA          NA   12   0
# 2025-08-30 17:55:27 -04: Iteration 2 of 5
# experimentsUsed: 225
# remainingBudget: 5275
# currentBudget: 1318
# nbConfigurations: 45
# Markers:
     x No test is performed.
     c Configurations are discarded only due to capping.
     - The test is performed and some configurations are discarded.
     = The test is performed but no configuration is discarded.
     ! The test is performed and configurations could be discarded but elite configurations are preserved.
     . All alive configurations are elite and nothing is discarded.

+-+-----------+-----------+-----------+----------------+-----------+--------+-----+----+------+
| |   Instance|      Alive|       Best|       Mean best| Exp so far|  W time|  rho|KenW|  Qvar|
+-+-----------+-----------+-----------+----------------+-----------+--------+-----+----+------+
|x|          6|         45|         69|     32699946.00|         45|00:02:09|   NA|  NA|    NA|
|x|          4|         45|         69|     32724204.50|         87|00:02:08|+0.98|0.99|0.0024|
|x|          5|         45|         69|     32753173.67|        129|00:02:06|+0.98|0.98|0.0016|
|x|          2|         45|         69|     32675174.75|        171|00:02:09|+0.97|0.98|0.0012|
|-|          1|          5|         69|     32633479.00|        213|00:02:07|+0.75|0.80|0.3079|
+-+-----------+-----------+-----------+----------------+-----------+--------+-----+----+------+
Best configuration for the instances in this race: 69
Best-so-far configuration:          15    mean value:      32644654.17
Description of the best-so-far configuration:
   .ID. algorithm localsearch alpha beta  rho ants q0 rasrank elitistants nnls
15   15      mmas           3  3.72    6 0.31   45 NA      NA          NA   13
   dlb .PARENT.
15   1       NA

# 2025-08-30 18:06:09 -04: Elite configurations (first number is the configuration ID; listed from best to worst according to the sum of ranks):
   algorithm localsearch alpha beta  rho ants   q0 rasrank elitistants nnls dlb
15      mmas           3  3.72 6.00 0.31   45   NA      NA          NA   13   1
9        acs           3  1.85 2.25 0.93   57 0.05      NA          NA   19   1
28       acs           3  4.19 8.82 0.21   18 0.96      NA          NA   12   0
69       acs           3  3.69 4.06 0.97   26 0.03      NA          NA   25   1
46       acs           3  2.32 5.71 0.48   32 0.33      NA          NA   36   1
# 2025-08-30 18:06:09 -04: Iteration 3 of 5
# experimentsUsed: 438
# remainingBudget: 5062
# currentBudget: 1687
# nbConfigurations: 45
# Markers:
     x No test is performed.
     c Configurations are discarded only due to capping.
     - The test is performed and some configurations are discarded.
     = The test is performed but no configuration is discarded.
     ! The test is performed and configurations could be discarded but elite configurations are preserved.
     . All alive configurations are elite and nothing is discarded.

+-+-----------+-----------+-----------+----------------+-----------+--------+-----+----+------+
| |   Instance|      Alive|       Best|       Mean best| Exp so far|  W time|  rho|KenW|  Qvar|
+-+-----------+-----------+-----------+----------------+-----------+--------+-----+----+------+
|x|          7|         45|        107|     32324626.00|         45|00:01:00|   NA|  NA|    NA|
|x|          4|         45|        113|     32537838.00|         85|00:00:52|+0.92|0.96|0.0080|
|x|          3|         45|        113|     32502715.67|        127|00:00:56|+0.92|0.94|0.0090|
|x|          6|         45|        116|     32545499.75|        167|00:00:54|+0.93|0.94|0.0066|
|-|          5|          7|        116|     32588600.60|        207|00:00:55|+0.66|0.73|0.3514|
|!|          2|          7|        116|     32557577.17|        209|00:00:14|+0.70|0.75|0.3370|
|-|          1|          2|        116|     32539976.29|        211|00:00:15|-0.14|0.02|0.5714|
+-+-----------+-----------+-----------+----------------+-----------+--------+-----+----+------+
Best-so-far configuration:         116    mean value:      32539976.29
Description of the best-so-far configuration:
    .ID. algorithm localsearch alpha beta  rho ants   q0 rasrank elitistants
116  116       acs           3  2.63 5.42 0.83   40 0.34      NA          NA
    nnls dlb .PARENT.
116   18   1        9

# 2025-08-30 18:11:20 -04: Elite configurations (first number is the configuration ID; listed from best to worst according to the sum of ranks):
    algorithm localsearch alpha beta  rho ants   q0 rasrank elitistants nnls
116       acs           3  2.63 5.42 0.83   40 0.34      NA          NA   18
113       acs           3  2.47 6.84 0.45   44 0.46      NA          NA   17
    dlb
116   1
113   0
# 2025-08-30 18:11:20 -04: Iteration 4 of 5
# experimentsUsed: 649
# remainingBudget: 4851
# currentBudget: 2425
# nbConfigurations: 45
# Markers:
     x No test is performed.
     c Configurations are discarded only due to capping.
     - The test is performed and some configurations are discarded.
     = The test is performed but no configuration is discarded.
     ! The test is performed and configurations could be discarded but elite configurations are preserved.
     . All alive configurations are elite and nothing is discarded.

+-+-----------+-----------+-----------+----------------+-----------+--------+-----+----+------+
| |   Instance|      Alive|       Best|       Mean best| Exp so far|  W time|  rho|KenW|  Qvar|
+-+-----------+-----------+-----------+----------------+-----------+--------+-----+----+------+
|x|          8|         45|        134|     32704404.00|         45|00:01:09|   NA|  NA|    NA|
|x|          4|         45|        140|     32714563.50|         88|00:01:09|+0.78|0.89|0.0114|
|x|          5|         45|        140|     32716775.00|        131|00:01:08|+0.77|0.85|0.0088|
|x|          7|         45|        140|     32609689.25|        174|00:01:08|+0.79|0.84|0.0064|
|-|          2|          9|        140|     32578236.00|        217|00:01:08|+0.02|0.21|0.8628|
|=|          6|          9|        130|     32605416.67|        224|00:00:10|+0.01|0.18|0.8669|
|=|          3|          9|        130|     32567435.29|        231|00:00:10|+0.04|0.18|0.8647|
|=|          1|          9|        130|     32547736.12|        238|00:00:10|+0.10|0.21|0.8193|
|=|          9|          9|        130|     32516358.44|        247|00:00:14|-0.00|0.11|0.9060|
+-+-----------+-----------+-----------+----------------+-----------+--------+-----+----+------+
Best-so-far configuration:         130    mean value:      32516358.44
Description of the best-so-far configuration:
    .ID. algorithm localsearch alpha beta  rho ants   q0 rasrank elitistants
130  130       acs           3  2.15 5.38 0.82   55 0.47      NA          NA
    nnls dlb .PARENT.
130   13   1      116

# 2025-08-30 18:17:51 -04: Elite configurations (first number is the configuration ID; listed from best to worst according to the sum of ranks):
    algorithm localsearch alpha beta  rho ants   q0 rasrank elitistants nnls
130       acs           3  2.15 5.38 0.82   55 0.47      NA          NA   13
141       acs           3  2.33 3.32 0.86   56 0.29      NA          NA   14
116       acs           3  2.63 5.42 0.83   40 0.34      NA          NA   18
140       acs           3  1.67 4.66 0.82   40 0.20      NA          NA   11
157       acs           3  1.64 4.58 0.75   33 0.75      NA          NA   10
    dlb
130   1
141   1
116   1
140   1
157   1
# 2025-08-30 18:17:51 -04: Iteration 5 of 5
# experimentsUsed: 896
# remainingBudget: 4604
# currentBudget: 4604
# nbConfigurations: 45
# Markers:
     x No test is performed.
     c Configurations are discarded only due to capping.
     - The test is performed and some configurations are discarded.
     = The test is performed but no configuration is discarded.
     ! The test is performed and configurations could be discarded but elite configurations are preserved.
     . All alive configurations are elite and nothing is discarded.

+-+-----------+-----------+-----------+----------------+-----------+--------+-----+----+------+
| |   Instance|      Alive|       Best|       Mean best| Exp so far|  W time|  rho|KenW|  Qvar|
+-+-----------+-----------+-----------+----------------+-----------+--------+-----+----+------+
|x|         10|         45|        157|     32460333.00|         45|00:00:56|   NA|  NA|    NA|
|x|          3|         45|        157|     32409048.50|         85|00:00:52|+0.53|0.76|0.0739|
|x|          5|         45|        157|     32526467.67|        125|00:00:52|+0.53|0.69|0.0789|
|x|          4|         45|        157|     32573426.75|        165|00:00:53|+0.55|0.66|0.0861|
|-|          9|         17|        157|     32507350.80|        205|00:00:53|-0.10|0.12|1.0146|
|=|          2|         17|        157|     32492985.00|        217|00:00:20|-0.09|0.09|1.0147|
|=|          6|         17|        157|     32523127.14|        229|00:00:20|-0.08|0.07|1.0185|
|=|          8|         17|        157|     32560879.12|        241|00:00:20|-0.06|0.07|1.0041|
|=|          7|         17|        141|     32538994.89|        253|00:00:20|-0.03|0.08|0.9710|
|=|          1|         17|        141|     32525745.20|        265|00:00:20|-0.00|0.10|0.9418|
|=|         11|         17|        141|     32526742.45|        282|00:00:20|+0.00|0.09|0.9360|
+-+-----------+-----------+-----------+----------------+-----------+--------+-----+----+------+
Best-so-far configuration:         141    mean value:      32526742.45
Description of the best-so-far configuration:
    .ID. algorithm localsearch alpha beta  rho ants   q0 rasrank elitistants
141  141       acs           3  2.33 3.32 0.86   56 0.29      NA          NA
    nnls dlb .PARENT.
141   14   1      116

# 2025-08-30 18:24:24 -04: Elite configurations (first number is the configuration ID; listed from best to worst according to the sum of ranks):
    algorithm localsearch alpha beta  rho ants   q0 rasrank elitistants nnls
141       acs           3  2.33 3.32 0.86   56 0.29      NA          NA   14
196       acs           3  1.64 3.66 0.86   45 0.26      NA          NA   11
130       acs           3  2.15 5.38 0.82   55 0.47      NA          NA   13
184       acs           3  2.05 7.39 0.88   46 0.56      NA          NA   21
171       acs           3  2.01 5.40 0.67   48 0.45      NA          NA    9
    dlb
141   1
196   1
130   1
184   1
171   1
# 2025-08-30 18:24:24 -04: Iteration 6 of 6
# experimentsUsed: 1178
# remainingBudget: 4322
# currentBudget: 4322
# nbConfigurations: 45
# Markers:
     x No test is performed.
     c Configurations are discarded only due to capping.
     - The test is performed and some configurations are discarded.
     = The test is performed but no configuration is discarded.
     ! The test is performed and configurations could be discarded but elite configurations are preserved.
     . All alive configurations are elite and nothing is discarded.

+-+-----------+-----------+-----------+----------------+-----------+--------+-----+----+------+
| |   Instance|      Alive|       Best|       Mean best| Exp so far|  W time|  rho|KenW|  Qvar|
+-+-----------+-----------+-----------+----------------+-----------+--------+-----+----+------+
|x|         12|         45|        236|     32467368.00|         45|00:00:52|   NA|  NA|    NA|
|x|         11|         45|        220|     32507273.00|         85|00:00:41|+0.43|0.72|0.1054|
|x|         10|         45|        250|     32509807.33|        125|00:00:41|+0.58|0.72|0.0937|
|x|          1|         45|        235|     32495409.25|        165|00:00:41|+0.51|0.63|0.1081|
|-|          3|         26|        220|     32471874.00|        205|00:00:41|-0.08|0.14|1.0431|
|=|          2|         26|        141|     32457949.67|        226|00:00:31|-0.03|0.14|0.9913|
|=|          5|         26|        196|     32505045.71|        247|00:00:31|-0.00|0.14|0.9602|
|=|          7|         26|        196|     32479805.50|        268|00:00:31|+0.03|0.16|0.9126|
|=|          6|         26|        196|     32511158.33|        289|00:00:31|+0.03|0.14|0.9011|
|=|          8|         26|        196|     32532357.20|        310|00:00:31|+0.03|0.13|0.8882|
|-|          4|         22|        196|     32552277.27|        331|00:00:31|-0.05|0.05|0.9952|
|=|          9|         22|        196|     32523842.67|        348|00:00:20|-0.06|0.03|0.9995|
|=|         13|         22|        196|     32511147.46|        370|00:00:31|-0.04|0.04|0.9906|
+-+-----------+-----------+-----------+----------------+-----------+--------+-----+----+------+
Best-so-far configuration:         196    mean value:      32511147.46
Description of the best-so-far configuration:
    .ID. algorithm localsearch alpha beta  rho ants   q0 rasrank elitistants
196  196       acs           3  1.64 3.66 0.86   45 0.26      NA          NA
    nnls dlb .PARENT.
196   11   1      140

# 2025-08-30 18:32:02 -04: Elite configurations (first number is the configuration ID; listed from best to worst according to the sum of ranks):
    algorithm localsearch alpha beta  rho ants   q0 rasrank elitistants nnls
196       acs           3  1.64 3.66 0.86   45 0.26      NA          NA   11
130       acs           3  2.15 5.38 0.82   55 0.47      NA          NA   13
247       acs           3  2.31 3.53 0.84   50 0.16      NA          NA   12
219       acs           3  2.10 4.97 0.76   51 0.32      NA          NA   10
141       acs           3  2.33 3.32 0.86   56 0.29      NA          NA   14
    dlb
196   1
130   1
247   1
219   1
141   1
# 2025-08-30 18:32:02 -04: Iteration 7 of 7
# experimentsUsed: 1548
# remainingBudget: 3952
# currentBudget: 3952
# nbConfigurations: 45
# Markers:
     x No test is performed.
     c Configurations are discarded only due to capping.
     - The test is performed and some configurations are discarded.
     = The test is performed but no configuration is discarded.
     ! The test is performed and configurations could be discarded but elite configurations are preserved.
     . All alive configurations are elite and nothing is discarded.

+-+-----------+-----------+-----------+----------------+-----------+--------+-----+----+------+
| |   Instance|      Alive|       Best|       Mean best| Exp so far|  W time|  rho|KenW|  Qvar|
+-+-----------+-----------+-----------+----------------+-----------+--------+-----+----+------+
|x|         14|         45|        256|     32432424.00|         45|00:00:52|   NA|  NA|    NA|
|x|          3|         45|        277|     32403183.50|         85|00:00:41|+0.61|0.81|0.0811|
|x|          7|         45|        256|     32362146.33|        125|00:00:41|+0.62|0.75|0.1035|
|x|         10|         45|        256|     32385007.75|        165|00:00:41|+0.57|0.68|0.1116|
|-|          4|         22|        256|     32459694.20|        205|00:00:41|-0.13|0.10|1.0324|
|=|          5|         22|        256|     32511102.17|        222|00:00:20|-0.09|0.09|1.0140|
|=|          2|         22|        273|     32506709.14|        239|00:00:20|-0.05|0.10|0.9757|
|=|         11|         22|        273|     32503202.75|        256|00:00:20|-0.03|0.10|0.9599|
|=|          9|         22|        252|     32475027.11|        273|00:00:20|-0.01|0.11|0.9438|
|=|         12|         22|        273|     32470880.90|        290|00:00:20|+0.01|0.11|0.9308|
|=|          8|         22|        276|     32490811.82|        307|00:00:20|-0.01|0.08|0.9492|
|=|         13|         22|        276|     32478942.58|        324|00:00:20|-0.01|0.08|0.9492|
|=|          1|         22|        276|     32475990.38|        341|00:00:20|-0.02|0.06|0.9612|
|=|          6|         22|        276|     32492604.93|        358|00:00:20|-0.03|0.05|0.9670|
|=|         15|         22|        273|     32507797.93|        380|00:00:31|-0.03|0.04|0.9755|
+-+-----------+-----------+-----------+----------------+-----------+--------+-----+----+------+
Best-so-far configuration:         273    mean value:      32507797.93
Description of the best-so-far configuration:
    .ID. algorithm localsearch alpha beta  rho ants   q0 rasrank elitistants
273  273       acs           3  1.84 3.94 0.93   47 0.33      NA          NA
    nnls dlb .PARENT.
273   15   1      196

# 2025-08-30 18:39:21 -04: Elite configurations (first number is the configuration ID; listed from best to worst according to the sum of ranks):
    algorithm localsearch alpha beta  rho ants   q0 rasrank elitistants nnls
273       acs           3  1.84 3.94 0.93   47 0.33      NA          NA   15
276       acs           3  2.15 5.07 0.66   50 0.29      NA          NA    9
252       acs           3  2.27 3.54 0.87   48 0.18      NA          NA   11
283       acs           3  2.03 4.72 0.89   53 0.14      NA          NA   14
265       acs           3  2.10 4.89 0.81   53 0.44      NA          NA   14
    dlb
273   1
276   1
252   1
283   1
265   1
# 2025-08-30 18:39:21 -04: Iteration 8 of 8
# experimentsUsed: 1928
# remainingBudget: 3572
# currentBudget: 3572
# nbConfigurations: 45
# Markers:
     x No test is performed.
     c Configurations are discarded only due to capping.
     - The test is performed and some configurations are discarded.
     = The test is performed but no configuration is discarded.
     ! The test is performed and configurations could be discarded but elite configurations are preserved.
     . All alive configurations are elite and nothing is discarded.

+-+-----------+-----------+-----------+----------------+-----------+--------+-----+----+------+
| |   Instance|      Alive|       Best|       Mean best| Exp so far|  W time|  rho|KenW|  Qvar|
+-+-----------+-----------+-----------+----------------+-----------+--------+-----+----+------+
|x|         16|         45|        306|     32586164.00|         45|00:00:52|   NA|  NA|    NA|
|x|         10|         45|        324|     32552307.00|         85|00:00:41|+0.16|0.58|0.5884|
|x|         12|         45|        283|     32527322.00|        125|00:00:41|+0.30|0.53|0.5641|
|x|         11|         45|        283|     32512807.50|        165|00:00:41|+0.29|0.47|0.5726|
|-|         14|         24|        306|     32509495.00|        205|00:00:41|-0.12|0.11|1.0936|
|=|          9|         24|        283|     32467691.33|        224|00:00:20|-0.09|0.09|1.0610|
|=|          8|         24|        283|     32504947.14|        243|00:00:20|-0.06|0.09|1.0403|
|=|          2|         24|        330|     32484493.62|        262|00:00:20|-0.01|0.12|0.9839|
|=|          5|         24|        276|     32518273.67|        281|00:00:20|-0.01|0.10|0.9828|
|=|          1|         24|        265|     32507416.90|        300|00:00:20|-0.01|0.09|0.9690|
|=|          6|         24|        265|     32524995.27|        319|00:00:20|-0.02|0.08|0.9761|
|=|          3|         24|        273|     32507124.58|        338|00:00:20|-0.00|0.08|0.9550|
|=|          4|         24|        273|     32526437.54|        357|00:00:20|-0.01|0.07|0.9599|
|=|          7|         24|        273|     32509928.64|        376|00:00:20|+0.00|0.07|0.9505|
|=|         13|         24|        273|     32506707.80|        395|00:00:20|-0.00|0.06|0.9538|
|=|         15|         24|        273|     32517504.38|        414|00:00:20|-0.01|0.05|0.9603|
|=|         17|         24|        283|     32522926.94|        438|00:00:31|-0.01|0.05|0.9635|
+-+-----------+-----------+-----------+----------------+-----------+--------+-----+----+------+
Best-so-far configuration:         283    mean value:      32522926.94
Description of the best-so-far configuration:
    .ID. algorithm localsearch alpha beta  rho ants   q0 rasrank elitistants
283  283       acs           3  2.03 4.72 0.89   53 0.14      NA          NA
    nnls dlb .PARENT.
283   14   1      247

# 2025-08-30 18:47:21 -04: Elite configurations (first number is the configuration ID; listed from best to worst according to the sum of ranks):
    algorithm localsearch alpha beta  rho ants   q0 rasrank elitistants nnls
283       acs           3  2.03 4.72 0.89   53 0.14      NA          NA   14
273       acs           3  1.84 3.94 0.93   47 0.33      NA          NA   15
309       acs           3  1.90 4.42 0.90   52 0.29      NA          NA   14
276       acs           3  2.15 5.07 0.66   50 0.29      NA          NA    9
292       acs           3  1.94 3.59 0.98   49 0.25      NA          NA   15
    dlb
283   1
273   1
309   1
276   1
292   1
# 2025-08-30 18:47:21 -04: Iteration 9 of 9
# experimentsUsed: 2366
# remainingBudget: 3134
# currentBudget: 3134
# nbConfigurations: 45
# Markers:
     x No test is performed.
     c Configurations are discarded only due to capping.
     - The test is performed and some configurations are discarded.
     = The test is performed but no configuration is discarded.
     ! The test is performed and configurations could be discarded but elite configurations are preserved.
     . All alive configurations are elite and nothing is discarded.

+-+-----------+-----------+-----------+----------------+-----------+--------+-----+----+------+
| |   Instance|      Alive|       Best|       Mean best| Exp so far|  W time|  rho|KenW|  Qvar|
+-+-----------+-----------+-----------+----------------+-----------+--------+-----+----+------+
|x|         18|         45|        349|     32355701.00|         45|00:00:52|   NA|  NA|    NA|
|x|         17|         45|        349|     32455307.50|         85|00:00:41|-0.16|0.42|1.0998|
|x|         15|         45|        349|     32515838.00|        125|00:00:41|-0.09|0.28|1.0727|
|x|          3|         45|        361|     32481742.75|        165|00:00:41|-0.04|0.22|1.0663|
|=|          4|         45|        370|     32530291.80|        205|00:00:41|+0.01|0.21|1.0066|
|=|         11|         45|        370|     32527222.17|        245|00:00:41|-0.03|0.14|1.0289|
|=|         12|         45|        273|     32529419.71|        285|00:00:41|-0.02|0.12|1.0053|
|=|          6|         45|        273|     32543407.12|        325|00:00:41|-0.01|0.11|0.9926|
|=|          5|         45|        273|     32567502.33|        365|00:00:41|-0.01|0.11|0.9827|
|=|          9|         45|        273|     32532880.90|        405|00:00:41|-0.00|0.10|0.9775|
|=|         10|         45|        343|     32527252.45|        445|00:00:41|+0.01|0.10|0.9622|
|=|         16|         45|        343|     32535373.50|        485|00:00:41|+0.03|0.11|0.9475|
|=|         13|         45|        283|     32530163.85|        525|00:00:41|+0.03|0.10|0.9490|
|=|          2|         45|        355|     32526683.64|        565|00:00:41|+0.03|0.09|0.9527|
|-|          7|         34|        355|     32510895.47|        605|00:00:41|-0.03|0.04|1.0050|
|=|          1|         34|        355|     32505741.06|        634|00:00:31|-0.02|0.04|0.9934|
|=|          8|         34|        355|     32519940.06|        663|00:00:31|-0.02|0.04|0.9873|
|=|         14|         34|        273|     32515975.72|        692|00:00:31|-0.01|0.04|0.9825|
|=|         19|         34|        283|     32518007.58|        726|00:00:41|-0.01|0.05|0.9762|
+-+-----------+-----------+-----------+----------------+-----------+--------+-----+----+------+
Best-so-far configuration:         283    mean value:      32518007.58
Description of the best-so-far configuration:
    .ID. algorithm localsearch alpha beta  rho ants   q0 rasrank elitistants
283  283       acs           3  2.03 4.72 0.89   53 0.14      NA          NA
    nnls dlb .PARENT.
283   14   1      247

# 2025-08-30 19:00:13 -04: Elite configurations (first number is the configuration ID; listed from best to worst according to the sum of ranks):
    algorithm localsearch alpha beta  rho ants   q0 rasrank elitistants nnls
283       acs           3  2.03 4.72 0.89   53 0.14      NA          NA   14
355       acs           3  1.92 4.13 0.93   49 0.29      NA          NA   15
365       acs           3  2.07 4.48 0.88   48 0.15      NA          NA   12
273       acs           3  1.84 3.94 0.93   47 0.33      NA          NA   15
292       acs           3  1.94 3.59 0.98   49 0.25      NA          NA   15
    dlb
283   1
355   1
365   1
273   1
292   1
# 2025-08-30 19:00:13 -04: Iteration 10 of 10
# experimentsUsed: 3092
# remainingBudget: 2408
# currentBudget: 2408
# nbConfigurations: 45
# Markers:
     x No test is performed.
     c Configurations are discarded only due to capping.
     - The test is performed and some configurations are discarded.
     = The test is performed but no configuration is discarded.
     ! The test is performed and configurations could be discarded but elite configurations are preserved.
     . All alive configurations are elite and nothing is discarded.

+-+-----------+-----------+-----------+----------------+-----------+--------+-----+----+------+
| |   Instance|      Alive|       Best|       Mean best| Exp so far|  W time|  rho|KenW|  Qvar|
+-+-----------+-----------+-----------+----------------+-----------+--------+-----+----+------+
|x|         20|         45|        410|     32606665.00|         45|00:00:52|   NA|  NA|    NA|
|x|         14|         45|        410|     32543293.50|         85|00:00:41|-0.03|0.48|1.0928|
|x|          3|         45|        388|     32485965.00|        125|00:00:41|-0.11|0.26|1.0633|
|x|          1|         45|        388|     32469610.00|        165|00:00:41|-0.05|0.22|0.9860|
|=|         12|         45|        273|     32470362.40|        205|00:00:41|-0.03|0.18|0.9678|
|=|          6|         45|        273|     32498855.17|        245|00:00:41|+0.00|0.17|0.9522|
|=|          7|         45|        273|     32469777.71|        285|00:00:41|+0.02|0.16|0.9434|
|=|         16|         45|        273|     32493943.12|        325|00:00:41|+0.01|0.13|0.9540|
|=|          5|         45|        273|     32523534.33|        365|00:00:41|+0.03|0.14|0.9377|
|=|          4|         45|        273|     32547000.20|        405|00:00:41|+0.04|0.13|0.9267|
|-|         17|         29|        388|     32551463.27|        445|00:00:41|-0.02|0.07|0.9929|
|=|         10|         29|        388|     32545971.00|        469|00:00:31|-0.02|0.06|0.9928|
|=|         13|         29|        388|     32530311.23|        493|00:00:31|-0.01|0.07|0.9809|
|=|         11|         29|        388|     32528090.93|        517|00:00:31|-0.00|0.07|0.9767|
|=|         19|         29|        388|     32532413.60|        541|00:00:31|-0.01|0.06|0.9840|
|=|         18|         29|        388|     32525910.44|        565|00:00:31|-0.02|0.05|0.9908|
|=|          8|         29|        388|     32537704.35|        589|00:00:31|-0.01|0.05|0.9880|
|=|          2|         29|        400|     32531062.22|        613|00:00:31|-0.01|0.04|0.9843|
|=|         15|         29|        388|     32539064.58|        637|00:00:31|-0.00|0.05|0.9758|
|=|          9|         29|        400|     32521714.10|        661|00:00:31|-0.00|0.05|0.9739|
|=|         21|         29|        400|     32521350.90|        690|00:00:31|+0.01|0.05|0.9660|
+-+-----------+-----------+-----------+----------------+-----------+--------+-----+----+------+
Best-so-far configuration:         400    mean value:      32521350.90
Description of the best-so-far configuration:
    .ID. algorithm localsearch alpha beta  rho ants   q0 rasrank elitistants
400  400       acs           3  2.13  4.9 0.89   54 0.12      NA          NA
    nnls dlb .PARENT.
400   14   1      283

# 2025-08-30 19:13:15 -04: Elite configurations (first number is the configuration ID; listed from best to worst according to the sum of ranks):
    algorithm localsearch alpha beta  rho ants   q0 rasrank elitistants nnls
400       acs           3  2.13 4.90 0.89   54 0.12      NA          NA   14
365       acs           3  2.07 4.48 0.88   48 0.15      NA          NA   12
388       acs           3  2.12 3.72 0.92   45 0.34      NA          NA   16
273       acs           3  1.84 3.94 0.93   47 0.33      NA          NA   15
381       acs           3  1.95 4.78 0.84   54 0.16      NA          NA   13
    dlb
400   1
365   1
388   1
273   1
381   1
# 2025-08-30 19:13:15 -04: Iteration 11 of 11
# experimentsUsed: 3782
# remainingBudget: 1718
# currentBudget: 1718
# nbConfigurations: 45
# Markers:
     x No test is performed.
     c Configurations are discarded only due to capping.
     - The test is performed and some configurations are discarded.
     = The test is performed but no configuration is discarded.
     ! The test is performed and configurations could be discarded but elite configurations are preserved.
     . All alive configurations are elite and nothing is discarded.

+-+-----------+-----------+-----------+----------------+-----------+--------+-----+----+------+
| |   Instance|      Alive|       Best|       Mean best| Exp so far|  W time|  rho|KenW|  Qvar|
+-+-----------+-----------+-----------+----------------+-----------+--------+-----+----+------+
|x|         22|         45|        415|     32601917.00|         45|00:00:52|   NA|  NA|    NA|
|x|          8|         45|        381|     32664238.00|         85|00:00:41|+0.21|0.61|0.7034|
|x|          6|         45|        381|     32667192.00|        125|00:00:41|+0.23|0.48|0.7967|
|x|          7|         45|        400|     32586341.50|        165|00:00:41|+0.06|0.30|0.9226|
|=|         14|         45|        400|     32560560.80|        205|00:00:41|+0.06|0.25|0.9314|
|=|          9|         45|        400|     32494577.17|        245|00:00:41|+0.07|0.22|0.9160|
|-|         10|         19|        400|     32500008.71|        285|00:00:41|-0.11|0.05|1.0310|
|=|          5|         19|        400|     32530930.12|        299|00:00:20|-0.09|0.05|1.0205|
|=|          3|         19|        400|     32512615.11|        313|00:00:20|-0.09|0.04|1.0213|
|=|         21|         19|        400|     32512762.30|        327|00:00:20|-0.08|0.03|1.0174|
|=|         13|         19|        400|     32494035.82|        341|00:00:20|-0.06|0.03|1.0036|
|=|         15|         19|        400|     32512074.75|        355|00:00:20|-0.05|0.04|0.9923|
|=|         12|         19|        400|     32512757.69|        369|00:00:20|-0.04|0.04|0.9807|
|=|          1|         19|        400|     32509760.21|        383|00:00:20|-0.04|0.03|0.9829|
|=|         18|         19|        400|     32500176.60|        397|00:00:20|-0.03|0.04|0.9728|
|=|          2|         19|        400|     32492497.50|        411|00:00:20|-0.02|0.04|0.9645|
|=|         19|         19|        400|     32495367.71|        425|00:00:20|-0.02|0.04|0.9664|
|=|         16|         19|        400|     32502106.22|        439|00:00:20|-0.01|0.04|0.9613|
|=|         17|         19|        400|     32503677.79|        453|00:00:20|-0.01|0.05|0.9555|
|=|         20|         19|        400|     32512770.65|        467|00:00:20|+0.00|0.05|0.9500|
|=|          4|         19|        400|     32526674.38|        481|00:00:20|+0.00|0.05|0.9451|
|=|         11|         19|        400|     32527051.09|        495|00:00:20|+0.01|0.05|0.9445|
|=|         23|         19|        400|     32514529.96|        514|00:00:20|+0.00|0.04|0.9503|
+-+-----------+-----------+-----------+----------------+-----------+--------+-----+----+------+
Best-so-far configuration:         400    mean value:      32514529.96
Description of the best-so-far configuration:
    .ID. algorithm localsearch alpha beta  rho ants   q0 rasrank elitistants
400  400       acs           3  2.13  4.9 0.89   54 0.12      NA          NA
    nnls dlb .PARENT.
400   14   1      283

# 2025-08-30 19:23:52 -04: Elite configurations (first number is the configuration ID; listed from best to worst according to the sum of ranks):
    algorithm localsearch alpha beta  rho ants   q0 rasrank elitistants nnls
400       acs           3  2.13 4.90 0.89   54 0.12      NA          NA   14
449       acs           3  1.98 4.55 0.90   48 0.15      NA          NA   12
365       acs           3  2.07 4.48 0.88   48 0.15      NA          NA   12
381       acs           3  1.95 4.78 0.84   54 0.16      NA          NA   13
273       acs           3  1.84 3.94 0.93   47 0.33      NA          NA   15
    dlb
400   1
449   1
365   1
381   1
273   1
# 2025-08-30 19:23:52 -04: Iteration 12 of 12
# experimentsUsed: 4296
# remainingBudget: 1204
# currentBudget: 1204
# nbConfigurations: 45
# Markers:
     x No test is performed.
     c Configurations are discarded only due to capping.
     - The test is performed and some configurations are discarded.
     = The test is performed but no configuration is discarded.
     ! The test is performed and configurations could be discarded but elite configurations are preserved.
     . All alive configurations are elite and nothing is discarded.

+-+-----------+-----------+-----------+----------------+-----------+--------+-----+----+------+
| |   Instance|      Alive|       Best|       Mean best| Exp so far|  W time|  rho|KenW|  Qvar|
+-+-----------+-----------+-----------+----------------+-----------+--------+-----+----+------+
|x|         24|         45|        474|     32814516.00|         45|00:00:52|   NA|  NA|    NA|
|x|         19|         45|        487|     32661446.00|         85|00:00:41|-0.13|0.43|1.1470|
|x|         10|         45|        487|     32602410.00|        125|00:00:41|-0.07|0.29|1.0777|
|x|         22|         45|        470|     32627660.50|        165|00:00:41|+0.00|0.25|0.9806|
|=|          4|         45|        487|     32649262.40|        205|00:00:41|+0.01|0.21|0.9819|
|=|         16|         45|        487|     32642347.17|        245|00:00:41|+0.01|0.18|0.9831|
|=|         17|         45|        470|     32636130.00|        285|00:00:41|+0.04|0.18|0.9539|
|=|         18|         45|        470|     32605705.00|        325|00:00:41|+0.04|0.16|0.9556|
|=|         11|         45|        470|     32590358.22|        365|00:00:41|+0.02|0.13|0.9594|
|=|         12|         45|        474|     32583735.40|        405|00:00:41|+0.01|0.11|0.9729|
|=|          3|         45|        470|     32564404.64|        445|00:00:41|+0.01|0.10|0.9685|
|=|         23|         45|        487|     32542627.08|        485|00:00:41|+0.00|0.09|0.9777|
|=|          7|         45|        470|     32522384.54|        525|00:00:41|-0.00|0.07|0.9819|
|=|         21|         45|        470|     32520951.29|        565|00:00:41|+0.00|0.07|0.9771|
|=|          8|         45|        470|     32532373.33|        605|00:00:41|+0.01|0.08|0.9688|
|=|          5|         45|        470|     32548379.69|        645|00:00:41|+0.01|0.07|0.9757|
|=|         15|         45|        365|     32563654.18|        685|00:00:41|+0.01|0.07|0.9759|
|=|          2|         45|        365|     32555173.39|        725|00:00:41|+0.01|0.06|0.9744|
|=|          1|         45|        471|     32536320.37|        765|00:00:41|+0.01|0.06|0.9738|
|=|         20|         45|        471|     32542396.00|        805|00:00:41|+0.01|0.06|0.9718|
|=|          9|         45|        471|     32524354.14|        845|00:00:41|+0.01|0.06|0.9663|
|=|          6|         45|        471|     32532414.73|        885|00:00:41|+0.02|0.06|0.9622|
|-|         13|         25|        365|     32534392.65|        925|00:00:41|-0.01|0.04|0.9661|
|=|         14|         25|        365|     32534749.67|        945|00:00:20|-0.00|0.04|0.9645|
|=|         25|         25|        471|     32522019.44|        970|00:00:31|-0.01|0.03|0.9656|
+-+-----------+-----------+-----------+----------------+-----------+--------+-----+----+------+
Best-so-far configuration:         471    mean value:      32522019.44
Description of the best-so-far configuration:
    .ID. algorithm localsearch alpha beta  rho ants   q0 rasrank elitistants
471  471       acs           3     2 4.37 0.87   48 0.15      NA          NA
    nnls dlb .PARENT.
471   13   1      365

# 2025-08-30 19:40:56 -04: Elite configurations (first number is the configuration ID; listed from best to worst according to the sum of ranks):
    algorithm localsearch alpha beta  rho ants   q0 rasrank elitistants nnls
471       acs           3  2.00 4.37 0.87   48 0.15      NA          NA   13
474       acs           3  2.00 4.29 0.91   49 0.14      NA          NA   11
400       acs           3  2.13 4.90 0.89   54 0.12      NA          NA   14
365       acs           3  2.07 4.48 0.88   48 0.15      NA          NA   12
470       acs           3  2.01 4.44 0.89   49 0.15      NA          NA   13
    dlb
471   1
474   1
400   1
365   1
470   1
# 2025-08-30 19:40:56 -04: Stopped because there is not enough budget to enforce the value of nbConfigurations.
# Iteration: 13
# nbIterations: 13
# experimentsUsed: 5266
# timeUsed: 0
# remainingBudget: 234
# currentBudget: 234
# number of elites: 5
# nbConfigurations: 13
# Total CPU user time: 58108.64, CPU sys time: 369.167, Wall-clock time: 6764.872
# 2025-08-30 19:40:56 -04: Starting post-selection:
# Configurations selected: 471, 474, 400, 365, 470, 449, 381, 273, 388, 283, 355, 292, 309, 276, 252, 265.
# Pending instances: 1, 1, 1, 1, 1, 1, 1, 1, 3, 5, 5, 5, 7, 7, 9, 9.
# 2025-08-30 19:40:56 -04: seed: 1269957984
# Configurations: 16
# Available experiments: 234
# minSurvival: 1
# Markers:
     x No test is performed.
     c Configurations are discarded only due to capping.
     - The test is performed and some configurations are discarded.
     = The test is performed but no configuration is discarded.
     ! The test is performed and configurations could be discarded but elite configurations are preserved.
     . All alive configurations are elite and nothing is discarded.

+-+-----------+-----------+-----------+----------------+-----------+--------+-----+----+------+
| |   Instance|      Alive|       Best|       Mean best| Exp so far|  W time|  rho|KenW|  Qvar|
+-+-----------+-----------+-----------+----------------+-----------+--------+-----+----+------+
|.|         14|         16|        400|     32457438.00|          0|00:00:00|   NA|  NA|    NA|
|.|          5|         16|        400|     32602409.00|          0|00:00:00|+0.00|0.50|0.8418|
|x|         23|         16|        309|     32463788.67|          7|00:00:10|+0.12|0.41|0.8310|
|.|         10|         16|        309|     32469157.75|          7|00:00:00|+0.06|0.29|0.8674|
|.|          4|         16|        309|     32517214.20|          7|00:00:00|+0.08|0.26|0.8729|
|.|          1|         16|        309|     32501892.00|          7|00:00:00|+0.04|0.20|0.9083|
|x|         19|         16|        309|     32512285.43|          9|00:00:10|-0.04|0.11|0.9819|
|.|         17|         16|        309|     32519038.25|          9|00:00:00|-0.04|0.09|0.9962|
|.|          7|         16|        309|     32493028.11|          9|00:00:00|-0.02|0.10|0.9778|
|x|         24|         16|        309|     32531431.90|         17|00:00:10|-0.04|0.06|0.9861|
|.|          9|         16|        309|     32501037.36|         17|00:00:00|-0.03|0.06|0.9782|
|x|         25|         16|        309|     32501831.08|         25|00:00:10|-0.02|0.06|0.9677|
|.|         11|         16|        309|     32500127.00|         25|00:00:00|-0.02|0.06|0.9583|
|x|         22|         16|        309|     32508764.43|         32|00:00:10|-0.01|0.06|0.9439|
|.|          6|         16|        309|     32519120.53|         32|00:00:00|-0.02|0.05|0.9522|
|.|          2|         16|        309|     32514330.25|         32|00:00:00|-0.02|0.04|0.9552|
|x|         18|         16|        292|     32508096.71|         34|00:00:10|-0.02|0.04|0.9537|
|.|         16|         16|        292|     32515343.17|         34|00:00:00|-0.02|0.03|0.9612|
|.|          3|         16|        292|     32509699.05|         34|00:00:00|-0.03|0.03|0.9598|
|.|         15|         16|        292|     32516871.85|         34|00:00:00|-0.02|0.03|0.9582|
|.|         12|         16|        292|     32518897.00|         34|00:00:00|-0.03|0.02|0.9588|
|.|          8|         16|        292|     32529337.55|         34|00:00:00|-0.03|0.02|0.9580|
|x|         20|         16|        471|     32528479.61|         38|00:00:10|-0.03|0.02|0.9597|
|x|         21|         16|        471|     32526865.21|         42|00:00:10|-0.03|0.02|0.9562|
|.|         13|         16|        471|     32522019.44|         42|00:00:00|-0.03|0.02|0.9583|
|=|         26|         16|        471|     32532077.12|         58|00:00:20|-0.03|0.01|0.9591|
|=|         27|         16|        471|     32546737.19|         74|00:00:20|-0.03|0.01|0.9590|
|=|         28|         16|        471|     32549623.64|         90|00:00:20|-0.02|0.01|0.9557|
|=|         29|         16|        471|     32552967.10|        106|00:00:20|-0.02|0.01|0.9526|
|=|         30|         16|        471|     32544579.37|        122|00:00:20|-0.02|0.02|0.9507|
|=|         31|         16|        471|     32536686.06|        138|00:00:20|-0.02|0.02|0.9500|
|=|         32|         16|        471|     32541462.56|        154|00:00:20|-0.02|0.01|0.9525|
|=|         33|         16|        471|     32547123.06|        170|00:00:20|-0.02|0.01|0.9498|
|=|         34|         16|        470|     32552602.53|        186|00:00:20|-0.02|0.01|0.9529|
|=|         35|         16|        471|     32550288.80|        202|00:00:20|-0.01|0.02|0.9494|
|=|         36|         16|        471|     32546898.36|        218|00:00:20|-0.01|0.02|0.9484|
|=|         37|         16|        471|     32546862.11|        234|00:00:20|-0.01|0.01|0.9484|
+-+-----------+-----------+-----------+----------------+-----------+--------+-----+----+------+
Best-so-far configuration:         471    mean value:      32546862.11
Description of the best-so-far configuration:
    .ID. algorithm localsearch alpha beta  rho ants   q0 rasrank elitistants
471  471       acs           3     2 4.37 0.87   48 0.15      NA          NA
    nnls dlb .PARENT.
471   13   1      365

# 2025-08-30 19:46:31 -04: Elite configurations (first number is the configuration ID; listed from best to worst according to the sum of ranks):
    algorithm localsearch alpha beta  rho ants   q0 rasrank elitistants nnls
471       acs           3  2.00 4.37 0.87   48 0.15      NA          NA   13
470       acs           3  2.01 4.44 0.89   49 0.15      NA          NA   13
474       acs           3  2.00 4.29 0.91   49 0.14      NA          NA   11
273       acs           3  1.84 3.94 0.93   47 0.33      NA          NA   15
400       acs           3  2.13 4.90 0.89   54 0.12      NA          NA   14
    dlb
471   1
470   1
474   1
273   1
400   1
# Total CPU user time: 60527.26, CPU sys time: 387.07, Wall-clock time: 7099.546
    .ID. algorithm localsearch alpha beta  rho ants   q0 rasrank elitistants
471  471       acs           3  2.00 4.37 0.87   48 0.15      NA          NA
470  470       acs           3  2.01 4.44 0.89   49 0.15      NA          NA
474  474       acs           3  2.00 4.29 0.91   49 0.14      NA          NA
273  273       acs           3  1.84 3.94 0.93   47 0.33      NA          NA
400  400       acs           3  2.13 4.90 0.89   54 0.12      NA          NA
    nnls dlb .PARENT. .RANK.   .WEIGHT.
471   13   1      365    270 0.33333333
470   13   1      449    286 0.26666667
474   11   1      449    293 0.20000000
273   15   1      196    303 0.13333333
400   14   1      283    304 0.06666667
