# 2025-08-30 19:46:31 -04: Reading parameter file '/home/pestobar/Activities/irace-test-executions/ACOTSP/Scenarios/BH-90/Runs/BH-90_seed_9876543210/parameters.txt'.
# 2025-08-30 19:46:31 -04: 1 expression(s) specifying forbidden configurations read.
# 2025-08-30 19:46:31 -04: Initialization
# Elitist race
# Elitist new instances: 1
# Elitist limit: 2
# nbIterations: 5
# minNbSurvival: 5
# nbParameters: 11
# seed: 239132393
# confidence level: 0.95
# budget: 5500
# mu: 5
# deterministic: FALSE

# 2025-08-30 19:46:31 -04: Iteration 1 of 5
# experimentsUsed: 0
# remainingBudget: 5500
# currentBudget: 1100
# nbConfigurations: 90
# Markers:
     x No test is performed.
     c Configurations are discarded only due to capping.
     - The test is performed and some configurations are discarded.
     = The test is performed but no configuration is discarded.
     ! The test is performed and configurations could be discarded but elite configurations are preserved.
     . All alive configurations are elite and nothing is discarded.

+-+-----------+-----------+-----------+----------------+-----------+--------+-----+----+------+
| |   Instance|      Alive|       Best|       Mean best| Exp so far|  W time|  rho|KenW|  Qvar|
+-+-----------+-----------+-----------+----------------+-----------+--------+-----+----+------+
|x|          1|         90|         44|     32355890.00|         90|00:02:43|   NA|  NA|    NA|
|x|          2|         90|         25|     32671939.50|        180|00:02:45|+0.98|0.99|0.0019|
|x|          3|         90|         25|     32713537.33|        270|00:02:44|+0.98|0.99|0.0013|
|x|          4|         90|         25|     32652239.75|        360|00:02:43|+0.98|0.98|0.0011|
|-|          5|          5|         25|     32582362.00|        450|00:02:42|+0.30|0.44|0.6484|
+-+-----------+-----------+-----------+----------------+-----------+--------+-----+----+------+
Best-so-far configuration:          25    mean value:      32582362.00
Description of the best-so-far configuration:
   .ID. algorithm localsearch alpha beta  rho ants q0 rasrank elitistants nnls
25   25      mmas           3  0.99 0.98 0.69   21 NA      NA          NA   12
   dlb .PARENT.
25   1       NA

# 2025-08-30 20:00:11 -04: Elite configurations (first number is the configuration ID; listed from best to worst according to the sum of ranks):
   algorithm localsearch alpha beta  rho ants   q0 rasrank elitistants nnls dlb
25      mmas           3  0.99 0.98 0.69   21   NA      NA          NA   12   1
89      mmas           3  2.98 4.03 0.26   65   NA      NA          NA   10   0
44       acs           3  2.94 2.70 0.73   49 0.64      NA          NA    9   0
19       ras           3  2.55 1.61 1.00   75   NA      28          NA   38   1
2       mmas           3  3.64 7.54 0.47   54   NA      NA          NA   19   0
# 2025-08-30 20:00:11 -04: Iteration 2 of 5
# experimentsUsed: 450
# remainingBudget: 5050
# currentBudget: 1262
# nbConfigurations: 90
# Markers:
     x No test is performed.
     c Configurations are discarded only due to capping.
     - The test is performed and some configurations are discarded.
     = The test is performed but no configuration is discarded.
     ! The test is performed and configurations could be discarded but elite configurations are preserved.
     . All alive configurations are elite and nothing is discarded.

+-+-----------+-----------+-----------+----------------+-----------+--------+-----+----+------+
| |   Instance|      Alive|       Best|       Mean best| Exp so far|  W time|  rho|KenW|  Qvar|
+-+-----------+-----------+-----------+----------------+-----------+--------+-----+----+------+
|x|          6|         90|        169|     32429231.00|         90|00:03:13|   NA|  NA|    NA|
|x|          5|         90|         19|     32352016.50|        175|00:03:06|+0.97|0.98|0.0018|
|x|          1|         90|        166|     32372235.33|        260|00:03:10|+0.97|0.98|0.0015|
|x|          2|         90|         25|     32520644.75|        345|00:03:08|+0.97|0.98|0.0016|
|-|          3|          9|         25|     32575862.40|        430|00:03:09|+0.11|0.29|0.8047|
|=|          4|          9|         25|     32557943.17|        434|00:00:13|+0.13|0.27|0.7977|
|-|          7|          5|         25|     32550726.00|        443|00:00:16|+0.00|0.14|0.7902|
+-+-----------+-----------+-----------+----------------+-----------+--------+-----+----+------+
Best-so-far configuration:          25    mean value:      32550726.00
Description of the best-so-far configuration:
   .ID. algorithm localsearch alpha beta  rho ants q0 rasrank elitistants nnls
25   25      mmas           3  0.99 0.98 0.69   21 NA      NA          NA   12
   dlb .PARENT.
25   1       NA

# 2025-08-30 20:16:29 -04: Elite configurations (first number is the configuration ID; listed from best to worst according to the sum of ranks):
    algorithm localsearch alpha beta  rho ants   q0 rasrank elitistants nnls
25       mmas           3  0.99 0.98 0.69   21   NA      NA          NA   12
111       acs           3  1.78 5.20 0.88   41 0.24      NA          NA   10
44        acs           3  2.94 2.70 0.73   49 0.64      NA          NA    9
169       acs           3  0.92 2.15 0.87   60 0.98      NA          NA   11
89       mmas           3  2.98 4.03 0.26   65   NA      NA          NA   10
    dlb
25    1
111   0
44    0
169   0
89    0
# 2025-08-30 20:16:29 -04: Iteration 3 of 5
# experimentsUsed: 893
# remainingBudget: 4607
# currentBudget: 1535
# nbConfigurations: 90
# Markers:
     x No test is performed.
     c Configurations are discarded only due to capping.
     - The test is performed and some configurations are discarded.
     = The test is performed but no configuration is discarded.
     ! The test is performed and configurations could be discarded but elite configurations are preserved.
     . All alive configurations are elite and nothing is discarded.

+-+-----------+-----------+-----------+----------------+-----------+--------+-----+----+------+
| |   Instance|      Alive|       Best|       Mean best| Exp so far|  W time|  rho|KenW|  Qvar|
+-+-----------+-----------+-----------+----------------+-----------+--------+-----+----+------+
|x|          8|         90|        199|     32633914.00|         90|00:02:15|   NA|  NA|    NA|
|x|          6|         90|        258|     32551273.00|        175|00:02:11|+0.96|0.98|0.0018|
|x|          2|         90|        181|     32698977.00|        260|00:02:08|+0.95|0.97|0.0020|
|x|          1|         90|        181|     32608940.75|        345|00:02:11|+0.96|0.97|0.0021|
|-|          5|         10|        181|     32541865.20|        430|00:02:10|+0.12|0.30|0.8670|
|=|          4|         10|        181|     32524295.17|        435|00:00:10|+0.17|0.31|0.8213|
|-|          3|          9|        181|     32561212.14|        440|00:00:10|+0.21|0.33|0.6935|
|-|          7|          4|        181|     32546643.88|        444|00:00:10|-0.04|0.09|0.7807|
+-+-----------+-----------+-----------+----------------+-----------+--------+-----+----+------+
Best-so-far configuration:         181    mean value:      32546643.88
Description of the best-so-far configuration:
    .ID. algorithm localsearch alpha beta  rho ants  q0 rasrank elitistants
181  181       acs           3   2.3 6.54 0.66   51 0.5      NA          NA
    nnls dlb .PARENT.
181   12   1      111

# 2025-08-30 20:27:59 -04: Elite configurations (first number is the configuration ID; listed from best to worst according to the sum of ranks):
    algorithm localsearch alpha beta  rho ants   q0 rasrank elitistants nnls
181       acs           3  2.30 6.54 0.66   51 0.50      NA          NA   12
258       acs           3  4.64 5.22 0.78   71 0.68      NA          NA    9
222       acs           3  1.26 3.52 0.85   29 0.44      NA          NA    9
233       acs           3  2.44 7.55 0.58   18 0.04      NA          NA   16
    dlb
181   1
258   1
222   1
233   1
# 2025-08-30 20:27:59 -04: Iteration 4 of 5
# experimentsUsed: 1337
# remainingBudget: 4163
# currentBudget: 2081
# nbConfigurations: 90
# Markers:
     x No test is performed.
     c Configurations are discarded only due to capping.
     - The test is performed and some configurations are discarded.
     = The test is performed but no configuration is discarded.
     ! The test is performed and configurations could be discarded but elite configurations are preserved.
     . All alive configurations are elite and nothing is discarded.

+-+-----------+-----------+-----------+----------------+-----------+--------+-----+----+------+
| |   Instance|      Alive|       Best|       Mean best| Exp so far|  W time|  rho|KenW|  Qvar|
+-+-----------+-----------+-----------+----------------+-----------+--------+-----+----+------+
|x|          9|         90|        276|     32981285.00|         90|00:01:49|   NA|  NA|    NA|
|x|          7|         90|        181|     32727387.00|        176|00:01:42|+0.87|0.94|0.0064|
|x|          2|         90|        181|     32811542.00|        262|00:01:42|+0.88|0.92|0.0049|
|x|          8|         90|        181|     32779127.00|        348|00:01:43|+0.89|0.92|0.0055|
|-|          3|         18|        181|     32779844.40|        434|00:01:45|-0.09|0.13|1.0689|
|=|          5|         18|        181|     32695464.17|        448|00:00:20|-0.06|0.11|1.0218|
|=|          1|         18|        336|     32630837.29|        462|00:00:20|-0.06|0.09|1.0248|
|=|          4|         18|        181|     32618507.75|        476|00:00:20|-0.02|0.11|0.9795|
|=|          6|         18|        181|     32598139.89|        490|00:00:20|-0.01|0.10|0.9594|
|=|         10|         18|        181|     32596290.10|        508|00:00:20|+0.02|0.12|0.9277|
+-+-----------+-----------+-----------+----------------+-----------+--------+-----+----+------+
Best-so-far configuration:         181    mean value:      32596290.10
Description of the best-so-far configuration:
    .ID. algorithm localsearch alpha beta  rho ants  q0 rasrank elitistants
181  181       acs           3   2.3 6.54 0.66   51 0.5      NA          NA
    nnls dlb .PARENT.
181   12   1      111

# 2025-08-30 20:38:27 -04: Elite configurations (first number is the configuration ID; listed from best to worst according to the sum of ranks):
    algorithm localsearch alpha beta  rho ants   q0 rasrank elitistants nnls
181       acs           3  2.30 6.54 0.66   51 0.50      NA          NA   12
336       acs           3  4.87 4.45 0.96   74 0.68      NA          NA   13
317       acs           3  1.35 3.28 0.75   40 0.63      NA          NA    8
258       acs           3  4.64 5.22 0.78   71 0.68      NA          NA    9
265       acs           3  1.78 3.85 0.67   29 0.83      NA          NA   18
    dlb
181   1
336   1
317   1
258   1
265   1
# 2025-08-30 20:38:27 -04: Iteration 5 of 5
# experimentsUsed: 1845
# remainingBudget: 3655
# currentBudget: 3655
# nbConfigurations: 90
# Markers:
     x No test is performed.
     c Configurations are discarded only due to capping.
     - The test is performed and some configurations are discarded.
     = The test is performed but no configuration is discarded.
     ! The test is performed and configurations could be discarded but elite configurations are preserved.
     . All alive configurations are elite and nothing is discarded.

+-+-----------+-----------+-----------+----------------+-----------+--------+-----+----+------+
| |   Instance|      Alive|       Best|       Mean best| Exp so far|  W time|  rho|KenW|  Qvar|
+-+-----------+-----------+-----------+----------------+-----------+--------+-----+----+------+
|x|         11|         90|        367|     32605006.00|         90|00:01:44|   NA|  NA|    NA|
|x|          3|         90|        420|     32668278.00|        175|00:01:33|+0.71|0.86|0.0061|
|x|          1|         90|        416|     32542397.00|        260|00:01:33|+0.71|0.81|0.0053|
|x|          9|         90|        426|     32658523.00|        345|00:01:33|+0.71|0.79|0.0058|
|-|          8|         21|        426|     32649537.60|        430|00:01:33|-0.10|0.12|1.0011|
|=|          4|         21|        426|     32616205.17|        446|00:00:20|-0.08|0.10|0.9864|
|=|          2|         21|        426|     32669718.43|        462|00:00:20|-0.07|0.08|0.9904|
|=|          5|         21|        426|     32608597.62|        478|00:00:20|-0.03|0.10|0.9576|
|=|         10|         21|        426|     32612374.00|        494|00:00:20|-0.04|0.08|0.9807|
|=|          6|         21|        426|     32590012.30|        510|00:00:20|-0.02|0.09|0.9583|
|=|          7|         21|        426|     32579607.55|        526|00:00:20|+0.00|0.10|0.9414|
|=|         12|         21|        426|     32563126.92|        547|00:00:31|+0.02|0.10|0.9257|
+-+-----------+-----------+-----------+----------------+-----------+--------+-----+----+------+
Best-so-far configuration:         426    mean value:      32563126.92
Description of the best-so-far configuration:
    .ID. algorithm localsearch alpha beta  rho ants   q0 rasrank elitistants
426  426       acs           3  2.82 6.34 0.62   64 0.68      NA          NA
    nnls dlb .PARENT.
426   12   1      181

# 2025-08-30 20:49:03 -04: Elite configurations (first number is the configuration ID; listed from best to worst according to the sum of ranks):
    algorithm localsearch alpha beta  rho ants   q0 rasrank elitistants nnls
426       acs           3  2.82 6.34 0.62   64 0.68      NA          NA   12
350       acs           3  2.40 6.02 0.65   55 0.62      NA          NA   13
367       acs           3  2.42 4.39 0.53   55 0.18      NA          NA   14
372       acs           3  2.10 6.51 0.71   44 0.40      NA          NA   15
420       acs           3  4.07 3.32 0.83   79 0.84      NA          NA   13
    dlb
426   1
350   1
367   1
372   1
420   1
# 2025-08-30 20:49:03 -04: Iteration 6 of 6
# experimentsUsed: 2392
# remainingBudget: 3108
# currentBudget: 3108
# nbConfigurations: 90
# Markers:
     x No test is performed.
     c Configurations are discarded only due to capping.
     - The test is performed and some configurations are discarded.
     = The test is performed but no configuration is discarded.
     ! The test is performed and configurations could be discarded but elite configurations are preserved.
     . All alive configurations are elite and nothing is discarded.

+-+-----------+-----------+-----------+----------------+-----------+--------+-----+----+------+
| |   Instance|      Alive|       Best|       Mean best| Exp so far|  W time|  rho|KenW|  Qvar|
+-+-----------+-----------+-----------+----------------+-----------+--------+-----+----+------+
|x|         13|         90|        445|     32222790.00|         90|00:01:33|   NA|  NA|    NA|
|x|          9|         90|        485|     32604693.00|        175|00:01:33|+0.33|0.66|0.3919|
|x|          6|         90|        485|     32526577.67|        260|00:01:33|+0.36|0.58|0.3533|
|x|          8|         90|        485|     32564309.75|        345|00:01:33|+0.34|0.51|0.3513|
|-|          1|         27|        485|     32502040.60|        430|00:01:33|+0.01|0.21|0.9437|
|=|         11|         27|        485|     32529922.67|        452|00:00:31|+0.06|0.22|0.9207|
|=|         12|         27|        509|     32521660.14|        474|00:00:31|+0.01|0.15|0.9801|
|=|         10|         27|        509|     32529045.00|        496|00:00:31|+0.04|0.16|0.9554|
|-|          4|         16|        485|     32516956.11|        518|00:00:31|+0.04|0.14|0.9118|
|=|          5|         16|        485|     32485116.30|        529|00:00:20|+0.03|0.12|0.9122|
|=|          2|         16|        485|     32529523.27|        540|00:00:20|+0.02|0.11|0.9180|
|=|          3|         16|        509|     32545928.50|        551|00:00:20|+0.01|0.09|0.9296|
|=|          7|         16|        509|     32540222.62|        562|00:00:20|+0.01|0.09|0.9209|
|=|         14|         16|        488|     32535449.86|        578|00:00:20|+0.02|0.09|0.9146|
+-+-----------+-----------+-----------+----------------+-----------+--------+-----+----+------+
Best-so-far configuration:         488    mean value:      32535449.86
Description of the best-so-far configuration:
    .ID. algorithm localsearch alpha beta  rho ants   q0 rasrank elitistants
488  488       acs           3     2 7.27 0.71   43 0.42      NA          NA
    nnls dlb .PARENT.
488   13   1      372

# 2025-08-30 21:00:41 -04: Elite configurations (first number is the configuration ID; listed from best to worst according to the sum of ranks):
    algorithm localsearch alpha beta  rho ants   q0 rasrank elitistants nnls
488       acs           3  2.00 7.27 0.71   43 0.42      NA          NA   13
509       acs           3  3.03 4.17 0.47   57 0.25      NA          NA   13
485       acs           3  3.86 4.17 0.87   79 0.92      NA          NA   14
492       acs           3  3.99 3.19 0.82   75 0.74      NA          NA   12
426       acs           3  2.82 6.34 0.62   64 0.68      NA          NA   12
    dlb
488   1
509   1
485   1
492   1
426   1
# 2025-08-30 21:00:41 -04: Iteration 7 of 7
# experimentsUsed: 2970
# remainingBudget: 2530
# currentBudget: 2530
# nbConfigurations: 90
# Markers:
     x No test is performed.
     c Configurations are discarded only due to capping.
     - The test is performed and some configurations are discarded.
     = The test is performed but no configuration is discarded.
     ! The test is performed and configurations could be discarded but elite configurations are preserved.
     . All alive configurations are elite and nothing is discarded.

+-+-----------+-----------+-----------+----------------+-----------+--------+-----+----+------+
| |   Instance|      Alive|       Best|       Mean best| Exp so far|  W time|  rho|KenW|  Qvar|
+-+-----------+-----------+-----------+----------------+-----------+--------+-----+----+------+
|x|         15|         90|        426|     32155587.00|         90|00:01:33|   NA|  NA|    NA|
|x|          9|         90|        426|     32554153.50|        175|00:01:33|+0.02|0.51|0.9694|
|x|         13|         90|        485|     32468359.00|        260|00:01:33|-0.02|0.32|0.9871|
|x|         11|         90|        485|     32518602.50|        345|00:01:33|+0.05|0.29|0.9375|
|=|          2|         90|        492|     32609820.60|        430|00:01:33|+0.03|0.23|0.9510|
|-|         14|         35|        492|     32591632.33|        515|00:01:33|-0.08|0.10|1.0506|
|=|          5|         35|        492|     32529230.86|        545|00:00:31|-0.06|0.09|1.0270|
|=|          8|         35|        492|     32546561.50|        575|00:00:31|-0.03|0.10|0.9990|
|=|          3|         35|        492|     32566107.56|        605|00:00:31|+0.00|0.11|0.9708|
|=|          1|         35|        492|     32541091.40|        635|00:00:31|+0.01|0.11|0.9524|
|=|         12|         35|        530|     32528580.64|        665|00:00:31|-0.00|0.09|0.9768|
|=|          4|         35|        601|     32521967.00|        695|00:00:31|+0.01|0.09|0.9734|
|=|         10|         35|        509|     32525986.85|        725|00:00:31|+0.01|0.08|0.9757|
|=|          6|         35|        492|     32520592.07|        755|00:00:31|+0.02|0.09|0.9643|
|=|          7|         35|        509|     32515169.67|        785|00:00:31|+0.02|0.09|0.9568|
|=|         16|         35|        509|     32499980.44|        820|00:00:41|+0.03|0.09|0.9560|
+-+-----------+-----------+-----------+----------------+-----------+--------+-----+----+------+
Best-so-far configuration:         509    mean value:      32499980.44
Description of the best-so-far configuration:
    .ID. algorithm localsearch alpha beta  rho ants   q0 rasrank elitistants
509  509       acs           3  3.03 4.17 0.47   57 0.25      NA          NA
    nnls dlb .PARENT.
509   13   1      367

# 2025-08-30 21:15:27 -04: Elite configurations (first number is the configuration ID; listed from best to worst according to the sum of ranks):
    algorithm localsearch alpha beta  rho ants   q0 rasrank elitistants nnls
509       acs           3  3.03 4.17 0.47   57 0.25      NA          NA   13
492       acs           3  3.99 3.19 0.82   75 0.74      NA          NA   12
530       acs           3  2.88 6.42 0.59   62 0.60      NA          NA   12
601       acs           3  2.28 7.28 0.70   48 0.38      NA          NA   10
485       acs           3  3.86 4.17 0.87   79 0.92      NA          NA   14
    dlb
509   1
492   1
530   1
601   1
485   1
# 2025-08-30 21:15:27 -04: Iteration 8 of 8
# experimentsUsed: 3790
# remainingBudget: 1710
# currentBudget: 1710
# nbConfigurations: 90
# Markers:
     x No test is performed.
     c Configurations are discarded only due to capping.
     - The test is performed and some configurations are discarded.
     = The test is performed but no configuration is discarded.
     ! The test is performed and configurations could be discarded but elite configurations are preserved.
     . All alive configurations are elite and nothing is discarded.

+-+-----------+-----------+-----------+----------------+-----------+--------+-----+----+------+
| |   Instance|      Alive|       Best|       Mean best| Exp so far|  W time|  rho|KenW|  Qvar|
+-+-----------+-----------+-----------+----------------+-----------+--------+-----+----+------+
|x|         17|         90|        641|     32360004.00|         90|00:01:33|   NA|  NA|    NA|
|x|          5|         90|        650|     32275551.00|        175|00:01:33|+0.12|0.56|0.8483|
|x|          3|         90|        650|     32416794.00|        260|00:01:33|+0.00|0.34|0.9871|
|x|         14|         90|        651|     32445293.75|        345|00:01:33|+0.01|0.26|0.9808|
|=|         10|         90|        650|     32471729.80|        430|00:01:33|+0.03|0.22|0.9654|
|=|          4|         90|        621|     32471182.67|        515|00:01:33|+0.01|0.18|0.9801|
|=|         13|         90|        621|     32445444.43|        600|00:01:33|+0.02|0.16|0.9714|
|=|         12|         90|        650|     32433018.12|        685|00:01:33|+0.02|0.15|0.9751|
|-|          1|         51|        621|     32423542.56|        770|00:01:33|-0.07|0.05|1.0452|
|=|         15|         51|        485|     32408928.40|        816|00:00:52|-0.05|0.06|1.0207|
|=|         11|         51|        485|     32432601.55|        862|00:00:52|-0.04|0.06|1.0116|
|=|         16|         51|        485|     32419656.58|        908|00:00:52|-0.02|0.07|0.9948|
|=|          7|         51|        485|     32422614.23|        954|00:00:52|-0.01|0.07|0.9927|
|=|          6|         51|        485|     32418880.86|       1000|00:00:52|-0.00|0.07|0.9810|
|=|          2|         51|        485|     32455861.67|       1046|00:00:52|+0.01|0.08|0.9722|
|=|          9|         51|        485|     32488117.56|       1092|00:00:52|+0.01|0.07|0.9710|
|=|          8|         51|        485|     32499258.06|       1138|00:00:52|+0.00|0.06|0.9726|
|=|         18|         51|        509|     32512560.56|       1189|00:01:02|+0.01|0.06|0.9688|
+-+-----------+-----------+-----------+----------------+-----------+--------+-----+----+------+
Best-so-far configuration:         509    mean value:      32512560.56
Description of the best-so-far configuration:
    .ID. algorithm localsearch alpha beta  rho ants   q0 rasrank elitistants
509  509       acs           3  3.03 4.17 0.47   57 0.25      NA          NA
    nnls dlb .PARENT.
509   13   1      367

# 2025-08-30 21:37:30 -04: Elite configurations (first number is the configuration ID; listed from best to worst according to the sum of ranks):
    algorithm localsearch alpha beta  rho ants   q0 rasrank elitistants nnls
509       acs           3  3.03 4.17 0.47   57 0.25      NA          NA   13
485       acs           3  3.86 4.17 0.87   79 0.92      NA          NA   14
601       acs           3  2.28 7.28 0.70   48 0.38      NA          NA   10
650       acs           3  3.05 6.66 0.56   62 0.59      NA          NA   15
530       acs           3  2.88 6.42 0.59   62 0.60      NA          NA   12
    dlb
509   1
485   1
601   1
650   1
530   1
# 2025-08-30 21:37:30 -04: Stopped because there is not enough budget to enforce the value of nbConfigurations.
# Iteration: 9
# nbIterations: 9
# experimentsUsed: 4979
# timeUsed: 0
# remainingBudget: 521
# currentBudget: 521
# number of elites: 5
# nbConfigurations: 32
# Total CPU user time: 58192.78, CPU sys time: 355.036, Wall-clock time: 6658.966
# 2025-08-30 21:37:30 -04: Starting post-selection:
# Configurations selected: 509, 485, 601, 650, 530, 492, 488, 426, 350, 367, 372, 420, 181, 336, 317, 258.
# Pending instances: 1, 1, 1, 1, 1, 1, 3, 3, 5, 5, 5, 5, 7, 7, 7, 7.
# 2025-08-30 21:37:30 -04: seed: 239132393
# Configurations: 16
# Available experiments: 521
# minSurvival: 1
# Markers:
     x No test is performed.
     c Configurations are discarded only due to capping.
     - The test is performed and some configurations are discarded.
     = The test is performed but no configuration is discarded.
     ! The test is performed and configurations could be discarded but elite configurations are preserved.
     . All alive configurations are elite and nothing is discarded.

+-+-----------+-----------+-----------+----------------+-----------+--------+-----+----+------+
| |   Instance|      Alive|       Best|       Mean best| Exp so far|  W time|  rho|KenW|  Qvar|
+-+-----------+-----------+-----------+----------------+-----------+--------+-----+----+------+
|.|          1|         16|        485|     32252964.00|          0|00:00:00|   NA|  NA|    NA|
|x|         14|         16|        485|     32386667.00|          4|00:00:10|+0.06|0.53|0.7715|
|x|         16|         16|        485|     32350198.67|         12|00:00:10|+0.07|0.38|0.7785|
|x|         17|         16|        485|     32365287.25|         22|00:00:10|+0.03|0.27|0.8242|
|.|         10|         16|        485|     32398652.40|         22|00:00:00|+0.08|0.27|0.8069|
|x|         15|         16|        485|     32364825.50|         30|00:00:10|+0.03|0.19|0.8705|
|x|         18|         16|        485|     32433543.86|         40|00:00:10|-0.04|0.11|0.9478|
|.|          5|         16|        485|     32404170.62|         40|00:00:00|-0.04|0.09|0.9453|
|.|          6|         16|        485|     32400412.44|         40|00:00:00|+0.00|0.11|0.9080|
|.|          3|         16|        485|     32440436.10|         40|00:00:00|+0.00|0.10|0.9145|
|.|          7|         16|        485|     32442042.45|         40|00:00:00|+0.00|0.09|0.9183|
|.|         12|         16|        485|     32448334.83|         40|00:00:00|+0.01|0.10|0.9233|
|.|          9|         16|        485|     32488613.38|         40|00:00:00|+0.03|0.11|0.9071|
|.|          2|         16|        485|     32523254.79|         40|00:00:00|+0.03|0.10|0.9010|
|.|         11|         16|        485|     32532993.33|         40|00:00:00|+0.05|0.11|0.8809|
|.|          8|         16|        485|     32542025.38|         40|00:00:00|+0.06|0.12|0.8789|
|x|         13|         16|        509|     32515794.18|         44|00:00:10|+0.06|0.12|0.8721|
|.|          4|         16|        509|     32512560.56|         44|00:00:00|+0.06|0.11|0.8788|
|-|         19|         12|        601|     32508625.37|         60|00:00:20|-0.01|0.04|0.9182|
|=|         20|         12|        601|     32496838.75|         72|00:00:20|-0.01|0.04|0.9179|
|=|         21|         12|        488|     32496977.62|         84|00:00:20|-0.00|0.05|0.9147|
|=|         22|         12|        488|     32494339.18|         96|00:00:20|-0.01|0.04|0.9204|
|=|         23|         12|        650|     32503352.52|        108|00:00:20|-0.00|0.04|0.9170|
|=|         24|         12|        650|     32503378.08|        120|00:00:20|+0.00|0.04|0.9174|
|=|         25|         12|        650|     32512925.08|        132|00:00:20|-0.01|0.03|0.9244|
|=|         26|         12|        650|     32517249.31|        144|00:00:20|-0.00|0.04|0.9209|
|=|         27|         12|        650|     32519926.33|        156|00:00:20|-0.01|0.03|0.9274|
|=|         28|         12|        650|     32518595.68|        168|00:00:20|-0.01|0.03|0.9274|
|=|         29|         12|        485|     32529804.93|        180|00:00:20|-0.01|0.02|0.9291|
|=|         30|         12|        485|     32533716.63|        192|00:00:20|-0.01|0.02|0.9286|
|=|         31|         12|        485|     32534855.42|        204|00:00:20|-0.01|0.03|0.9240|
|=|         32|         12|        485|     32534424.38|        216|00:00:20|+0.00|0.03|0.9181|
|=|         33|         12|        485|     32535163.73|        228|00:00:20|+0.00|0.03|0.9176|
|=|         34|         12|        485|     32538829.29|        240|00:00:20|+0.00|0.03|0.9189|
|=|         35|         12|        485|     32538467.46|        252|00:00:20|+0.01|0.03|0.9147|
|=|         36|         12|        485|     32542404.97|        264|00:00:20|+0.00|0.03|0.9177|
|=|         37|         12|        485|     32544212.24|        276|00:00:20|+0.01|0.03|0.9127|
|=|         38|         12|        485|     32548535.71|        288|00:00:20|+0.01|0.03|0.9116|
|=|         39|         12|        485|     32541836.59|        300|00:00:20|+0.01|0.04|0.9077|
|=|         40|         12|        485|     32548375.98|        312|00:00:20|+0.01|0.04|0.9043|
|=|         41|         12|        485|     32551688.12|        324|00:00:20|+0.02|0.04|0.9024|
|=|         42|         12|        485|     32553398.55|        336|00:00:20|+0.01|0.04|0.9055|
|=|         43|         12|        530|     32548046.00|        348|00:00:20|+0.01|0.04|0.9065|
|=|         44|         12|        530|     32547042.91|        360|00:00:20|+0.02|0.04|0.9041|
|=|         45|         12|        485|     32550862.67|        372|00:00:20|+0.02|0.04|0.9003|
|=|         46|         12|        485|     32542123.61|        384|00:00:20|+0.01|0.03|0.9037|
|=|         47|         12|        485|     32537139.51|        396|00:00:20|+0.01|0.03|0.9051|
|=|         48|         12|        485|     32536994.17|        408|00:00:20|+0.01|0.03|0.9026|
|=|         49|         12|        485|     32542600.82|        420|00:00:20|+0.01|0.03|0.9032|
|-|         50|          8|        485|     32537626.88|        432|00:00:20|-0.01|0.01|0.8815|
|=|         51|          8|        485|     32541831.29|        440|00:00:10|-0.01|0.01|0.8809|
|=|         52|          8|        485|     32544506.58|        448|00:00:10|-0.01|0.01|0.8794|
|=|         53|          8|        485|     32540546.55|        456|00:00:10|-0.01|0.01|0.8788|
|=|         54|          8|        485|     32546035.44|        464|00:00:10|-0.00|0.01|0.8777|
|=|         55|          8|        485|     32543712.71|        472|00:00:10|-0.01|0.01|0.8778|
|=|         56|          8|        650|     32538537.93|        480|00:00:10|-0.01|0.01|0.8804|
|=|         57|          8|        650|     32537202.58|        488|00:00:10|-0.01|0.01|0.8804|
|=|         58|          8|        650|     32542592.41|        496|00:00:10|-0.01|0.01|0.8815|
|=|         59|          8|        492|     32543030.80|        504|00:00:10|-0.01|0.01|0.8826|
|=|         60|          8|        492|     32541629.90|        512|00:00:10|-0.01|0.01|0.8821|
|=|         61|          8|        492|     32543950.59|        520|00:00:10|-0.01|0.01|0.8804|
+-+-----------+-----------+-----------+----------------+-----------+--------+-----+----+------+
Best-so-far configuration:         492    mean value:      32543950.59
Description of the best-so-far configuration:
    .ID. algorithm localsearch alpha beta  rho ants   q0 rasrank elitistants
492  492       acs           3  3.99 3.19 0.82   75 0.74      NA          NA
    nnls dlb .PARENT.
492   12   1      420

# 2025-08-30 21:51:35 -04: Elite configurations (first number is the configuration ID; listed from best to worst according to the sum of ranks):
    algorithm localsearch alpha beta  rho ants   q0 rasrank elitistants nnls
492       acs           3  3.99 3.19 0.82   75 0.74      NA          NA   12
485       acs           3  3.86 4.17 0.87   79 0.92      NA          NA   14
530       acs           3  2.88 6.42 0.59   62 0.60      NA          NA   12
650       acs           3  3.05 6.66 0.56   62 0.59      NA          NA   15
426       acs           3  2.82 6.34 0.62   64 0.68      NA          NA   12
    dlb
492   1
485   1
530   1
650   1
426   1
# Total CPU user time: 63563.99, CPU sys time: 393.956, Wall-clock time: 7504.257
    .ID. algorithm localsearch alpha beta  rho ants   q0 rasrank elitistants
492  492       acs           3  3.99 3.19 0.82   75 0.74      NA          NA
485  485       acs           3  3.86 4.17 0.87   79 0.92      NA          NA
530  530       acs           3  2.88 6.42 0.59   62 0.60      NA          NA
650  650       acs           3  3.05 6.66 0.56   62 0.59      NA          NA
426  426       acs           3  2.82 6.34 0.62   64 0.68      NA          NA
    nnls dlb .PARENT. .RANK.   .WEIGHT.
492   12   1      420    257 0.33333333
485   14   1      420    262 0.26666667
530   12   1      426    263 0.20000000
650   15   1      530    266 0.13333333
426   12   1      181    284 0.06666667
