# 2025-09-01 21:41:05 -04: Reading parameter file '/home/pestobar/Activities/irace-test-executions/PSO-X-raceData/Scenarios/BH-Mixed-32/Runs/BH-Mixed-32_seed_198347562/parameters.txt'.
# 2025-09-01 21:41:05 -04: 2 expression(s) specifying forbidden configurations read.
# 2025-09-01 21:41:05 -04: Initialization
# Elitist race
# Elitist new instances: 1
# Elitist limit: 2
# nbIterations: 5
# minNbSurvival: 5
# nbParameters: 8
# seed: 198347562
# confidence level: 0.95
# budget: 4000
# mu: 5
# deterministic: FALSE

# 2025-09-01 21:41:05 -04: Iteration 1 of 5
# experimentsUsed: 0
# remainingBudget: 4000
# currentBudget: 800
# nbConfigurations: 32
# Markers:
     x No test is performed.
     c Configurations are discarded only due to capping.
     - The test is performed and some configurations are discarded.
     = The test is performed but no configuration is discarded.
     ! The test is performed and configurations could be discarded but elite configurations are preserved.
     . All alive configurations are elite and nothing is discarded.

+-+-----------+-----------+-----------+----------------+-----------+--------+-----+----+------+
| |   Instance|      Alive|       Best|       Mean best| Exp so far|  W time|  rho|KenW|  Qvar|
+-+-----------+-----------+-----------+----------------+-----------+--------+-----+----+------+
|x|          1|         32|         25|     242.3502203|         32|00:01:58|   NA|  NA|    NA|
|x|          2|         32|         19|     440.7844563|         64|00:02:00|+0.39|0.69|0.5670|
|x|          3|         32|         30|     600.3446895|         96|00:01:59|+0.34|0.56|0.5378|
|x|          4|         32|         30|     499.2048879|        128|00:00:27|+0.36|0.52|0.5386|
|-|          5|         12|         30|     408.0223899|        160|00:00:28|-0.02|0.18|0.9887|
|=|          6|         12|         30|     340.6755007|        172|00:00:12|-0.05|0.13|0.9386|
|=|          7|         12|         30|     422.2965771|        184|00:01:04|+0.00|0.14|0.8860|
+-+-----------+-----------+-----------+----------------+-----------+--------+-----+----+------+
Best-so-far configuration:          30    mean value:      422.2965771
Description of the best-so-far configuration:
   .ID. particles topology modInfluence branching tSchedule phi1 phi2 inertia
30   30        32        1            0        NA        NA 2.36 2.18    0.61
   .PARENT.
30       NA

# 2025-09-01 21:49:16 -04: Elite configurations (first number is the configuration ID; listed from best to worst according to the sum of ranks):
   particles topology modInfluence branching tSchedule phi1 phi2 inertia
30        32        1            0        NA        NA 2.36 2.18    0.61
14       175        4            0        NA        NA 1.66 1.79    0.07
25       157        5            1        NA        10 0.80 0.62    0.72
20        45        5            2        NA         8 1.89 0.15    0.89
2         64        5            0        NA         7 0.25 2.26    0.69
# 2025-09-01 21:49:16 -04: Iteration 2 of 5
# experimentsUsed: 184
# remainingBudget: 3816
# currentBudget: 954
# nbConfigurations: 32
# Markers:
     x No test is performed.
     c Configurations are discarded only due to capping.
     - The test is performed and some configurations are discarded.
     = The test is performed but no configuration is discarded.
     ! The test is performed and configurations could be discarded but elite configurations are preserved.
     . All alive configurations are elite and nothing is discarded.

+-+-----------+-----------+-----------+----------------+-----------+--------+-----+----+------+
| |   Instance|      Alive|       Best|       Mean best| Exp so far|  W time|  rho|KenW|  Qvar|
+-+-----------+-----------+-----------+----------------+-----------+--------+-----+----+------+
|x|          8|         32|         58|     43113.45291|         32|00:00:22|   NA|  NA|    NA|
|x|          5|         32|         25|     35501.48999|         59|00:00:21|+0.19|0.60|0.6661|
|x|          3|         32|         14|     26565.93193|         86|00:01:41|+0.16|0.44|0.7030|
|x|          7|         32|         14|     20157.24171|        113|00:01:51|+0.29|0.46|0.6456|
|-|          1|         21|         30|     31504.51389|        140|00:01:41|-0.04|0.17|1.0024|
|=|          2|         21|         30|     26348.16984|        156|00:00:59|+0.02|0.18|0.9553|
|=|          4|         21|         30|     22612.11493|        172|00:00:13|+0.04|0.18|0.9217|
|=|          6|         21|         30|     19786.09320|        188|00:00:13|+0.02|0.15|0.8960|
|=|          9|         21|         30|     17606.01720|        209|00:00:12|+0.04|0.15|0.8454|
+-+-----------+-----------+-----------+----------------+-----------+--------+-----+----+------+
Best-so-far configuration:          30    mean value:      17606.01720
Description of the best-so-far configuration:
   .ID. particles topology modInfluence branching tSchedule phi1 phi2 inertia
30   30        32        1            0        NA        NA 2.36 2.18    0.61
   .PARENT.
30       NA

# 2025-09-01 21:56:55 -04: Elite configurations (first number is the configuration ID; listed from best to worst according to the sum of ranks):
   particles topology modInfluence branching tSchedule phi1 phi2 inertia
30        32        1            0        NA        NA 2.36 2.18    0.61
55        11        4            1        NA        NA 2.45 1.32    0.88
51       120        4            0        NA        NA 2.24 1.28    0.26
14       175        4            0        NA        NA 1.66 1.79    0.07
37       100        5            1        NA         5 0.50 2.21    0.89
# 2025-09-01 21:56:55 -04: Iteration 3 of 5
# experimentsUsed: 393
# remainingBudget: 3607
# currentBudget: 1202
# nbConfigurations: 32
# Markers:
     x No test is performed.
     c Configurations are discarded only due to capping.
     - The test is performed and some configurations are discarded.
     = The test is performed but no configuration is discarded.
     ! The test is performed and configurations could be discarded but elite configurations are preserved.
     . All alive configurations are elite and nothing is discarded.

+-+-----------+-----------+-----------+----------------+-----------+--------+-----+----+------+
| |   Instance|      Alive|       Best|       Mean best| Exp so far|  W time|  rho|KenW|  Qvar|
+-+-----------+-----------+-----------+----------------+-----------+--------+-----+----+------+
|x|         10|         32|         69|     473.8785632|         32|00:01:55|   NA|  NA|    NA|
|x|          8|         32|         86|     32299.55422|         59|00:00:08|+0.49|0.74|0.6192|
|x|          9|         32|         63|     21645.40835|         86|00:00:07|+0.47|0.65|0.4107|
|x|          2|         32|         80|     18802.63147|        113|00:01:28|+0.36|0.52|0.4757|
|-|          3|         21|         80|     15224.49218|        140|00:01:30|-0.02|0.19|0.8939|
|=|          6|         21|         80|     12687.69310|        156|00:00:02|+0.03|0.19|0.8874|
|=|          1|         21|         80|     10919.71552|        172|00:00:58|-0.02|0.12|0.9491|
|=|          5|         21|         80|     9560.762760|        188|00:00:03|+0.00|0.13|0.9579|
|=|          4|         21|         80|     8520.153534|        204|00:00:03|+0.02|0.13|0.9376|
|=|          7|         21|         80|     7762.216504|        220|00:01:06|-0.00|0.10|0.9441|
|=|         11|         21|         80|     15542.37581|        241|00:00:03|+0.00|0.09|0.9389|
+-+-----------+-----------+-----------+----------------+-----------+--------+-----+----+------+
Best-so-far configuration:          80    mean value:      15542.37581
Description of the best-so-far configuration:
   .ID. particles topology modInfluence branching tSchedule phi1 phi2 inertia
80   80        66        4            2        NA        NA 1.76 2.27    0.65
   .PARENT.
80       30

# 2025-09-01 22:04:24 -04: Elite configurations (first number is the configuration ID; listed from best to worst according to the sum of ranks):
   particles topology modInfluence branching tSchedule phi1 phi2 inertia
80        66        4            2        NA        NA 1.76 2.27    0.65
64        20        1            2        NA        NA 2.37 1.10    0.77
30        32        1            0        NA        NA 2.36 2.18    0.61
60       177        4            0        NA        NA 1.40 2.11    0.30
63        75        1            1        NA        NA 2.14 2.05    0.59
# 2025-09-01 22:04:24 -04: Iteration 4 of 5
# experimentsUsed: 634
# remainingBudget: 3366
# currentBudget: 1683
# nbConfigurations: 32
# Markers:
     x No test is performed.
     c Configurations are discarded only due to capping.
     - The test is performed and some configurations are discarded.
     = The test is performed but no configuration is discarded.
     ! The test is performed and configurations could be discarded but elite configurations are preserved.
     . All alive configurations are elite and nothing is discarded.

+-+-----------+-----------+-----------+----------------+-----------+--------+-----+----+------+
| |   Instance|      Alive|       Best|       Mean best| Exp so far|  W time|  rho|KenW|  Qvar|
+-+-----------+-----------+-----------+----------------+-----------+--------+-----+----+------+
|x|         12|         32|        112|     236.7210104|         32|00:01:13|   NA|  NA|    NA|
|x|         10|         32|         30|     390.1065802|         59|00:01:30|-0.46|0.27|1.2035|
|x|          7|         32|         30|     564.0787321|         86|00:01:40|+0.04|0.36|0.8676|
|x|         11|         32|         98|     37401.57597|        113|00:00:11|-0.03|0.23|0.9794|
|=|          8|         32|         80|     34010.55396|        140|00:00:11|-0.03|0.17|0.9970|
|=|          2|         32|         80|     28436.33500|        167|00:01:31|+0.04|0.20|0.9126|
|-|          3|         27|        101|     35854.70152|        194|00:01:32|-0.06|0.09|0.9813|
|=|          4|         27|        108|     16768.70342|        216|00:00:04|-0.06|0.07|0.9792|
|=|          6|         27|        108|     14906.02579|        238|00:00:04|-0.04|0.07|0.9443|
|=|          5|         27|         80|     17177.70159|        260|00:00:04|-0.02|0.08|0.9327|
|=|          1|         27|         80|     15644.44236|        282|00:01:28|-0.00|0.09|0.9228|
|=|          9|         27|         80|     14350.44092|        304|00:00:03|-0.01|0.07|0.9317|
|=|         13|         27|         80|     13820.63495|        331|00:00:04|-0.01|0.07|0.9356|
+-+-----------+-----------+-----------+----------------+-----------+--------+-----+----+------+
Best-so-far configuration:          80    mean value:      13820.63495
Description of the best-so-far configuration:
   .ID. particles topology modInfluence branching tSchedule phi1 phi2 inertia
80   80        66        4            2        NA        NA 1.76 2.27    0.65
   .PARENT.
80       30

# 2025-09-01 22:14:08 -04: Elite configurations (first number is the configuration ID; listed from best to worst according to the sum of ranks):
    particles topology modInfluence branching tSchedule phi1 phi2 inertia
80         66        4            2        NA        NA 1.76 2.27    0.65
101       192        4            0        NA        NA 1.28 2.25    0.58
30         32        1            0        NA        NA 2.36 2.18    0.61
64         20        1            2        NA        NA 2.37 1.10    0.77
98         18        4            2        NA        NA 2.27 2.07    0.84
# 2025-09-01 22:14:08 -04: Iteration 5 of 5
# experimentsUsed: 965
# remainingBudget: 3035
# currentBudget: 3035
# nbConfigurations: 32
# Markers:
     x No test is performed.
     c Configurations are discarded only due to capping.
     - The test is performed and some configurations are discarded.
     = The test is performed but no configuration is discarded.
     ! The test is performed and configurations could be discarded but elite configurations are preserved.
     . All alive configurations are elite and nothing is discarded.

+-+-----------+-----------+-----------+----------------+-----------+--------+-----+----+------+
| |   Instance|      Alive|       Best|       Mean best| Exp so far|  W time|  rho|KenW|  Qvar|
+-+-----------+-----------+-----------+----------------+-----------+--------+-----+----+------+
|x|         14|         32|        134|     12.04594780|         32|00:00:06|   NA|  NA|    NA|
|x|          8|         32|        134|     34990.90547|         59|00:00:06|+0.53|0.76|0.2880|
|x|          3|         32|        139|     21083.76151|         86|00:01:34|-0.03|0.31|0.8943|
|x|          6|         32|         80|     18744.98636|        113|00:00:06|+0.14|0.35|0.8174|
|-|         11|         23|         80|     33664.78286|        140|00:00:06|-0.04|0.16|0.9776|
|=|         12|         23|         80|     28260.51190|        158|00:00:36|-0.12|0.07|1.0566|
|=|          2|         23|         80|     24304.04451|        176|00:01:00|-0.07|0.08|1.0225|
|=|          7|         23|         80|     21383.63685|        194|00:01:06|-0.07|0.07|0.9984|
|=|          4|         23|         80|     19029.37495|        212|00:00:03|-0.05|0.06|0.9858|
|=|          5|         23|         80|     17131.24680|        230|00:00:03|-0.03|0.07|0.9701|
|=|          9|         23|         80|     15584.44483|        248|00:00:03|-0.03|0.06|0.9872|
|=|         10|         23|         80|     14325.52711|        266|00:00:59|-0.01|0.08|0.9639|
|=|          1|         23|         80|     13247.55195|        284|00:00:59|+0.00|0.08|0.9486|
|=|         13|         23|         80|     12834.36706|        302|00:00:03|+0.01|0.08|0.9376|
|=|         15|         23|        120|     14288.13625|        325|00:00:04|+0.02|0.09|0.9238|
+-+-----------+-----------+-----------+----------------+-----------+--------+-----+----+------+
Best-so-far configuration:         120    mean value:      14288.13625
Description of the best-so-far configuration:
    .ID. particles topology modInfluence branching tSchedule phi1 phi2 inertia
120  120       200        4            0        NA        NA 1.52 2.06    0.51
    .PARENT.
120      101

# 2025-09-01 22:21:10 -04: Elite configurations (first number is the configuration ID; listed from best to worst according to the sum of ranks):
    particles topology modInfluence branching tSchedule phi1 phi2 inertia
120       200        4            0        NA        NA 1.52 2.06    0.51
80         66        4            2        NA        NA 1.76 2.27    0.65
101       192        4            0        NA        NA 1.28 2.25    0.58
30         32        1            0        NA        NA 2.36 2.18    0.61
130       166        4            0        NA        NA 1.22 2.15    0.58
# 2025-09-01 22:21:10 -04: Iteration 6 of 6
# experimentsUsed: 1290
# remainingBudget: 2710
# currentBudget: 2710
# nbConfigurations: 32
# Markers:
     x No test is performed.
     c Configurations are discarded only due to capping.
     - The test is performed and some configurations are discarded.
     = The test is performed but no configuration is discarded.
     ! The test is performed and configurations could be discarded but elite configurations are preserved.
     . All alive configurations are elite and nothing is discarded.

+-+-----------+-----------+-----------+----------------+-----------+--------+-----+----+------+
| |   Instance|      Alive|       Best|       Mean best| Exp so far|  W time|  rho|KenW|  Qvar|
+-+-----------+-----------+-----------+----------------+-----------+--------+-----+----+------+
|x|         16|         32|        152|     30.64696485|         32|00:00:53|   NA|  NA|    NA|
|x|          6|         32|         80|     17.43941889|         59|00:00:04|+0.06|0.53|0.8532|
|x|         11|         32|         80|     31126.28258|         86|00:00:03|+0.14|0.42|0.7893|
|x|          3|         32|        148|     23511.82204|        113|00:01:31|-0.06|0.21|1.0113|
|=|          8|         32|         80|     33668.44221|        140|00:00:03|+0.01|0.21|0.9142|
|=|          1|         32|         80|     28109.01018|        167|00:01:28|-0.02|0.15|0.9235|
|=|         10|         32|        146|     21989.47003|        194|00:01:28|+0.01|0.15|0.9080|
|=|         12|         32|        146|     19356.45493|        221|00:00:54|-0.03|0.10|0.9651|
|=|          7|         32|        146|     17307.43369|        248|00:01:39|-0.03|0.09|0.9480|
|=|          9|         32|         80|     17142.78588|        275|00:00:03|-0.03|0.07|0.9635|
|=|          5|         32|         80|     15588.72293|        302|00:00:04|-0.02|0.07|0.9598|
|=|         13|         32|        146|     13609.79146|        329|00:00:04|-0.01|0.07|0.9437|
|=|          4|         32|        146|     12575.29869|        356|00:00:04|-0.00|0.07|0.9350|
|=|          2|         32|        146|     11717.61025|        383|00:01:29|+0.00|0.08|0.9179|
|=|         15|         32|        146|     10942.73446|        410|00:00:04|+0.01|0.08|0.9051|
|=|         14|         32|        120|     13397.19957|        437|00:00:03|+0.00|0.07|0.9154|
|=|         17|         32|        146|     9657.908947|        469|00:00:04|+0.02|0.08|0.9001|
+-+-----------+-----------+-----------+----------------+-----------+--------+-----+----+------+
Best-so-far configuration:         146    mean value:      9657.908947
Description of the best-so-far configuration:
    .ID. particles topology modInfluence branching tSchedule phi1 phi2 inertia
146  146       200        4            0        NA        NA 1.58 2.22    0.45
    .PARENT.
146      120

# 2025-09-01 22:31:20 -04: Elite configurations (first number is the configuration ID; listed from best to worst according to the sum of ranks):
    particles topology modInfluence branching tSchedule phi1 phi2 inertia
146       200        4            0        NA        NA 1.58 2.22    0.45
165       172        4            0        NA        NA 1.43 2.11    0.44
120       200        4            0        NA        NA 1.52 2.06    0.51
142       174        4            0        NA        NA 1.31 2.05    0.52
164       162        4            0        NA        NA 1.03 2.04    0.47
# 2025-09-01 22:31:20 -04: Iteration 7 of 7
# experimentsUsed: 1759
# remainingBudget: 2241
# currentBudget: 2241
# nbConfigurations: 32
# Markers:
     x No test is performed.
     c Configurations are discarded only due to capping.
     - The test is performed and some configurations are discarded.
     = The test is performed but no configuration is discarded.
     ! The test is performed and configurations could be discarded but elite configurations are preserved.
     . All alive configurations are elite and nothing is discarded.

+-+-----------+-----------+-----------+----------------+-----------+--------+-----+----+------+
| |   Instance|      Alive|       Best|       Mean best| Exp so far|  W time|  rho|KenW|  Qvar|
+-+-----------+-----------+-----------+----------------+-----------+--------+-----+----+------+
|x|         18|         32|        192|     909.2792908|         32|00:01:59|   NA|  NA|    NA|
|x|         13|         32|        192|     4097.111185|         59|00:00:04|+0.30|0.65|0.6772|
|x|         11|         32|        146|     30491.97752|         86|00:00:03|+0.11|0.41|0.8804|
|x|         17|         32|        146|     22876.19472|        113|00:00:03|+0.08|0.31|0.9027|
|=|          2|         32|        175|     23422.79628|        140|00:01:28|+0.03|0.23|0.9748|
|=|          3|         32|        192|     21730.80275|        167|00:01:31|+0.02|0.18|0.9711|
|=|          6|         32|        146|     13283.94496|        194|00:00:03|+0.00|0.14|0.9761|
|=|          7|         32|        175|     14866.51988|        221|00:01:39|-0.03|0.10|0.9998|
|=|         15|         32|        175|     13221.13232|        248|00:00:04|-0.01|0.10|0.9767|
|=|          9|         32|        175|     11913.16579|        275|00:00:03|-0.01|0.09|0.9948|
|=|         16|         32|        175|     10833.09124|        302|00:00:40|-0.00|0.09|0.9832|
|=|          4|         32|        175|     9942.942639|        329|00:00:04|+0.01|0.09|0.9726|
|=|          1|         32|        175|     9200.400574|        356|00:01:29|+0.01|0.09|0.9760|
|=|          5|         32|        175|     8547.144502|        383|00:00:04|+0.00|0.07|0.9856|
|=|         12|         32|        175|     8058.673143|        410|00:00:53|-0.00|0.07|0.9768|
|=|         14|         32|        190|     10637.27238|        437|00:00:03|+0.01|0.07|0.9702|
|=|         10|         32|        175|     7139.491065|        464|00:01:28|+0.01|0.07|0.9669|
|=|          8|         32|        175|     10354.87503|        491|00:00:03|+0.01|0.06|0.9717|
|=|         19|         32|        175|     9824.268844|        523|00:01:57|+0.01|0.06|0.9692|
+-+-----------+-----------+-----------+----------------+-----------+--------+-----+----+------+
Best-so-far configuration:         175    mean value:      9824.268844
Description of the best-so-far configuration:
    .ID. particles topology modInfluence branching tSchedule phi1 phi2 inertia
175  175       188        4            0        NA        NA 1.49 2.31    0.44
    .PARENT.
175      146

# 2025-09-01 22:45:07 -04: Elite configurations (first number is the configuration ID; listed from best to worst according to the sum of ranks):
    particles topology modInfluence branching tSchedule phi1 phi2 inertia
175       188        4            0        NA        NA 1.49 2.31    0.44
190       172        4            0        NA        NA 1.37 2.16    0.53
192       190        4            0        NA        NA 1.49 2.35    0.49
184       189        4            0        NA        NA 1.70 2.17    0.43
182       163        4            0        NA        NA 1.20 2.16    0.42
# 2025-09-01 22:45:07 -04: Iteration 8 of 8
# experimentsUsed: 2282
# remainingBudget: 1718
# currentBudget: 1718
# nbConfigurations: 32
# Markers:
     x No test is performed.
     c Configurations are discarded only due to capping.
     - The test is performed and some configurations are discarded.
     = The test is performed but no configuration is discarded.
     ! The test is performed and configurations could be discarded but elite configurations are preserved.
     . All alive configurations are elite and nothing is discarded.

+-+-----------+-----------+-----------+----------------+-----------+--------+-----+----+------+
| |   Instance|      Alive|       Best|       Mean best| Exp so far|  W time|  rho|KenW|  Qvar|
+-+-----------+-----------+-----------+----------------+-----------+--------+-----+----+------+
|x|         20|         32|        210|     21.90628854|         32|00:00:07|   NA|  NA|    NA|
|x|         12|         32|        209|     302.6961308|         59|00:00:54|+0.33|0.66|0.6774|
|x|          6|         32|        190|     192.6371319|         86|00:00:03|-0.02|0.32|0.7754|
|x|          5|         32|        190|     156.7068971|        113|00:00:04|+0.07|0.30|0.8429|
|=|          2|         32|        199|     355.8626352|        140|00:01:28|-0.04|0.17|0.9900|
|=|          1|         32|        199|     337.7416720|        167|00:01:29|-0.04|0.13|1.0122|
|=|          4|         32|        212|     302.0770698|        194|00:00:04|-0.05|0.10|1.0458|
|=|         13|         32|        212|     1161.816183|        221|00:00:04|+0.00|0.13|0.9967|
|=|         18|         32|        212|     1133.869854|        248|00:01:31|+0.03|0.14|0.9694|
|=|          3|         32|        190|     1071.893619|        275|00:01:31|+0.02|0.12|0.9687|
|=|         10|         32|        212|     1053.689745|        302|00:01:30|+0.02|0.11|0.9751|
|=|         14|         32|        207|     983.7703084|        329|00:00:03|+0.02|0.11|0.9757|
|=|         16|         32|        212|     895.2220892|        356|00:00:41|+0.02|0.10|0.9815|
|=|         17|         32|        190|     805.6041557|        383|00:00:03|+0.01|0.09|0.9807|
|=|         11|         32|        207|     6841.093299|        410|00:00:03|+0.01|0.07|0.9849|
|=|         19|         32|        212|     7945.560443|        437|00:01:31|+0.01|0.07|0.9751|
|=|         15|         32|        212|     7483.015817|        464|00:00:04|+0.02|0.07|0.9715|
|=|          9|         32|        212|     7075.302104|        491|00:00:03|+0.01|0.07|0.9658|
|=|          8|         32|        212|     11797.27711|        518|00:00:03|+0.01|0.06|0.9701|
|=|          7|         32|        212|     11251.96268|        545|00:01:41|+0.02|0.07|0.9651|
|=|         21|         32|        212|     10716.41806|        577|00:00:04|+0.02|0.07|0.9616|
+-+-----------+-----------+-----------+----------------+-----------+--------+-----+----+------+
Best-so-far configuration:         212    mean value:      10716.41806
Description of the best-so-far configuration:
    .ID. particles topology modInfluence branching tSchedule phi1 phi2 inertia
212  212       175        4            0        NA        NA 1.48 2.28    0.46
    .PARENT.
212      175

# 2025-09-01 22:58:20 -04: Elite configurations (first number is the configuration ID; listed from best to worst according to the sum of ranks):
    particles topology modInfluence branching tSchedule phi1 phi2 inertia
212       175        4            0        NA        NA 1.48 2.28    0.46
190       172        4            0        NA        NA 1.37 2.16    0.53
218       184        4            0        NA        NA 1.46 2.32    0.48
215       185        4            0        NA        NA 1.43 2.23    0.41
207       194        4            0        NA        NA 1.75 2.18    0.43
# 2025-09-01 22:58:20 -04: Iteration 9 of 9
# experimentsUsed: 2859
# remainingBudget: 1141
# currentBudget: 1141
# nbConfigurations: 32
# Markers:
     x No test is performed.
     c Configurations are discarded only due to capping.
     - The test is performed and some configurations are discarded.
     = The test is performed but no configuration is discarded.
     ! The test is performed and configurations could be discarded but elite configurations are preserved.
     . All alive configurations are elite and nothing is discarded.

+-+-----------+-----------+-----------+----------------+-----------+--------+-----+----+------+
| |   Instance|      Alive|       Best|       Mean best| Exp so far|  W time|  rho|KenW|  Qvar|
+-+-----------+-----------+-----------+----------------+-----------+--------+-----+----+------+
|x|         22|         32|        218|     909.0015248|         32|00:02:01|   NA|  NA|    NA|
|x|          6|         32|        248|     456.7543834|         59|00:00:03|-0.02|0.49|1.1113|
|x|         19|         32|        239|     384.7481217|         86|00:01:29|+0.06|0.37|0.9679|
|x|         18|         32|        235|     518.0579944|        113|00:01:30|+0.11|0.33|0.9552|
|=|         12|         32|        235|     567.9921294|        140|00:00:53|+0.07|0.26|0.9319|
|=|          2|         32|        212|     611.6900162|        167|00:01:28|+0.00|0.17|0.9890|
|=|         17|         32|        218|     529.0876833|        194|00:00:03|-0.01|0.13|0.9878|
|=|          7|         32|        218|     573.6386238|        221|00:01:39|-0.00|0.12|0.9851|
|=|         10|         32|        218|     562.9252538|        248|00:01:28|-0.01|0.10|0.9977|
|=|          9|         32|        218|     521.1591711|        275|00:00:03|-0.01|0.09|0.9912|
|=|         13|         32|        218|     1122.357147|        302|00:00:04|+0.00|0.09|0.9739|
|=|         14|         32|        212|     1034.626233|        329|00:00:03|-0.00|0.08|0.9797|
|=|          3|         32|        212|     1025.062063|        356|00:01:32|+0.00|0.08|0.9671|
|=|         15|         32|        218|     952.9376331|        383|00:00:04|+0.01|0.08|0.9566|
|=|         16|         32|        218|     891.5592133|        410|00:00:40|+0.02|0.08|0.9486|
|=|         21|         32|        218|     836.1880987|        437|00:00:03|+0.02|0.08|0.9507|
|=|          1|         32|        218|     803.6396715|        464|00:01:30|+0.02|0.08|0.9486|
|=|          4|         32|        212|     769.6490437|        491|00:00:04|+0.02|0.07|0.9525|
|=|         20|         32|        212|     730.7541347|        518|00:00:06|+0.02|0.07|0.9463|
|-|          5|         19|        212|     696.8045904|        545|00:00:04|-0.02|0.03|0.9651|
|=|          8|         19|        212|     5272.805671|        559|00:00:02|-0.02|0.03|0.9655|
|=|         11|         19|        212|     10270.68583|        573|00:00:02|-0.02|0.03|0.9706|
|=|         23|         19|        212|     9830.183870|        592|00:00:02|-0.02|0.03|0.9673|
+-+-----------+-----------+-----------+----------------+-----------+--------+-----+----+------+
Best-so-far configuration:         212    mean value:      9830.183870
Description of the best-so-far configuration:
    .ID. particles topology modInfluence branching tSchedule phi1 phi2 inertia
212  212       175        4            0        NA        NA 1.48 2.28    0.46
    .PARENT.
212      175

# 2025-09-01 23:13:28 -04: Elite configurations (first number is the configuration ID; listed from best to worst according to the sum of ranks):
    particles topology modInfluence branching tSchedule phi1 phi2 inertia
212       175        4            0        NA        NA 1.48 2.28    0.46
218       184        4            0        NA        NA 1.46 2.32    0.48
222       174        4            0        NA        NA 1.47 2.34    0.42
190       172        4            0        NA        NA 1.37 2.16    0.53
215       185        4            0        NA        NA 1.43 2.23    0.41
# 2025-09-01 23:13:28 -04: Stopped because there is not enough budget to enforce the value of nbConfigurations.
# Iteration: 10
# nbIterations: 10
# experimentsUsed: 3451
# timeUsed: 0
# remainingBudget: 549
# currentBudget: 549
# number of elites: 5
# nbConfigurations: 27
# Total CPU user time: 47093.43, CPU sys time: 192.717, Wall-clock time: 5543.289
# 2025-09-01 23:13:28 -04: Starting post-selection:
# Configurations selected: 212, 218, 222, 190, 215, 207, 175, 192, 184, 182, 146, 165, 120, 142, 164, 80.
# Pending instances: 1, 1, 1, 1, 1, 1, 3, 3, 3, 3, 5, 5, 5, 5, 5, 7.
# 2025-09-01 23:13:28 -04: seed: 198347562
# Configurations: 16
# Available experiments: 549
# minSurvival: 1
# Markers:
     x No test is performed.
     c Configurations are discarded only due to capping.
     - The test is performed and some configurations are discarded.
     = The test is performed but no configuration is discarded.
     ! The test is performed and configurations could be discarded but elite configurations are preserved.
     . All alive configurations are elite and nothing is discarded.

+-+-----------+-----------+-----------+----------------+-----------+--------+-----+----+------+
| |   Instance|      Alive|       Best|       Mean best| Exp so far|  W time|  rho|KenW|  Qvar|
+-+-----------+-----------+-----------+----------------+-----------+--------+-----+----+------+
|.|          7|         16|        142|     876.7118323|          0|00:00:00|   NA|  NA|    NA|
|.|         11|         16|        142|     59863.90449|          0|00:00:00|-0.36|0.32|1.2119|
|.|          8|         16|        142|     77825.90627|          0|00:00:00|-0.14|0.24|1.0711|
|.|          2|         16|        142|     58514.03155|          0|00:00:00|-0.06|0.20|0.9679|
|x|         19|         16|        175|     34998.54780|          1|00:00:29|-0.09|0.13|1.0175|
|.|         16|         16|        175|     29170.84746|          1|00:00:00|-0.11|0.08|1.0220|
|.|          9|         16|        175|     25023.79311|          1|00:00:00|-0.06|0.09|0.9653|
|.|          5|         16|        175|     21902.67092|          1|00:00:00|-0.06|0.07|0.9912|
|x|         23|         16|        175|     19485.61421|         11|00:00:01|-0.06|0.06|0.9978|
|x|         22|         16|        164|     19522.83762|         21|00:00:30|-0.04|0.07|0.9667|
|.|         15|         16|        164|     17754.46609|         21|00:00:00|-0.02|0.07|0.9519|
|.|          6|         16|        164|     16275.33765|         21|00:00:00|-0.02|0.06|0.9472|
|x|         18|         16|        175|     13634.85445|         22|00:00:28|-0.02|0.06|0.9424|
|.|          1|         16|        175|     12681.64312|         22|00:00:00|-0.02|0.05|0.9490|
|x|         21|         16|        222|     14294.76130|         28|00:00:01|+0.00|0.07|0.9310|
|.|          3|         16|        222|     13458.21265|         28|00:00:00|-0.00|0.06|0.9312|
|.|          4|         16|        222|     12677.10429|         28|00:00:00|+0.00|0.06|0.9255|
|.|         10|         16|        222|     12003.55522|         28|00:00:00|+0.00|0.06|0.9356|
|.|         13|         16|        222|     11760.71813|         28|00:00:00|+0.01|0.06|0.9274|
|.|         17|         16|        222|     11174.36989|         28|00:00:00|+0.01|0.06|0.9197|
|.|         14|         16|        222|     10642.88454|         28|00:00:00|+0.01|0.05|0.9302|
|x|         20|         16|        212|     10228.76587|         34|00:00:02|+0.01|0.06|0.9182|
|.|         12|         16|        212|     9830.183870|         34|00:00:00|+0.01|0.06|0.9162|
|=|         24|         16|        212|     9457.208699|         50|00:00:35|+0.02|0.06|0.9029|
|=|         25|         16|        212|     9100.784919|         66|00:00:58|+0.02|0.06|0.9029|
|-|         26|          9|        212|     8769.091007|         82|00:00:57|-0.00|0.03|0.8892|
|=|         27|          9|        212|     8444.852362|         91|00:00:01|-0.00|0.04|0.8867|
|=|         28|          9|        212|     8175.756079|        100|00:00:29|-0.01|0.03|0.8912|
|=|         29|          9|        212|     7899.444852|        109|00:00:01|-0.00|0.03|0.8936|
|=|         30|          9|        212|     7637.306623|        118|00:00:01|-0.00|0.03|0.8944|
|=|         31|          9|        212|     7395.290320|        127|00:00:01|-0.00|0.03|0.8934|
|=|         32|          9|        212|     7192.623337|        136|00:00:30|+0.01|0.04|0.8859|
|=|         33|          9|        212|     6974.811571|        145|00:00:01|+0.00|0.03|0.8889|
|=|         34|          9|        212|     10702.14655|        154|00:00:01|+0.01|0.03|0.8851|
|=|         35|          9|        212|     10411.97395|        163|00:00:31|+0.00|0.03|0.8857|
|=|         36|          9|        212|     10122.91081|        172|00:00:01|+0.00|0.03|0.8859|
|=|         37|          9|        212|     9871.425639|        181|00:00:18|-0.00|0.02|0.8893|
|=|         38|          9|        212|     9626.428995|        190|00:00:30|+0.00|0.03|0.8862|
|=|         39|          9|        212|     9381.279127|        199|00:00:01|+0.01|0.03|0.8814|
|=|         40|          9|        212|     9329.308121|        208|00:00:01|+0.01|0.04|0.8787|
|=|         41|          9|        212|     9124.598448|        217|00:00:33|+0.01|0.03|0.8844|
|=|         42|          9|        212|     8928.029442|        226|00:00:18|+0.00|0.02|0.8876|
|=|         43|          9|        212|     8741.549340|        235|00:00:32|+0.01|0.03|0.8831|
|=|         44|          9|        212|     8543.500052|        244|00:00:02|+0.01|0.03|0.8807|
|=|         45|          9|        212|     8354.388280|        253|00:00:13|+0.01|0.03|0.8822|
|=|         46|          9|        212|     8178.267862|        262|00:00:29|+0.00|0.03|0.8846|
|=|         47|          9|        212|     8009.619600|        271|00:00:31|+0.00|0.02|0.8844|
|=|         48|          9|        212|     7847.478279|        280|00:00:01|-0.00|0.02|0.8885|
|=|         49|          9|        222|     7467.788983|        289|00:00:01|-0.00|0.02|0.8902|
|=|         50|          9|        222|     9086.039891|        298|00:00:01|-0.00|0.02|0.8913|
|=|         51|          9|        222|     11642.45026|        307|00:00:01|-0.00|0.02|0.8898|
|=|         52|          9|        222|     11429.10324|        316|00:00:30|+0.00|0.02|0.8885|
|=|         53|          9|        222|     11218.53348|        325|00:00:30|+0.00|0.02|0.8873|
|=|         54|          9|        222|     11037.02149|        334|00:00:19|-0.00|0.02|0.8880|
|=|         55|          9|        222|     10856.00827|        343|00:00:19|+0.00|0.02|0.8864|
|=|         56|          9|        222|     10662.39194|        352|00:00:01|+0.00|0.02|0.8871|
|=|         57|          9|        222|     10483.69473|        361|00:00:30|-0.00|0.02|0.8879|
|=|         58|          9|        222|     10303.02038|        370|00:00:01|-0.00|0.02|0.8896|
|=|         59|          9|        222|     10129.65335|        379|00:00:01|-0.00|0.01|0.8914|
|=|         60|          9|        222|     9975.999214|        388|00:00:32|-0.00|0.01|0.8903|
|=|         61|          9|        222|     9812.549617|        397|00:00:01|+0.00|0.02|0.8880|
|=|         62|          9|        222|     9669.085993|        406|00:00:33|-0.00|0.01|0.8901|
|=|         63|          9|        222|     9634.072464|        415|00:00:01|-0.00|0.02|0.8889|
|=|         64|          9|        222|     9484.027384|        424|00:00:13|+0.00|0.02|0.8872|
|=|         65|          9|        222|     9338.983557|        433|00:00:01|+0.00|0.02|0.8863|
|=|         66|          9|        222|     9199.562993|        442|00:00:01|+0.00|0.02|0.8837|
|=|         67|          9|        222|     9062.844152|        451|00:00:01|+0.00|0.02|0.8825|
|=|         68|          9|        222|     8934.077345|        460|00:00:29|+0.00|0.02|0.8821|
|=|         69|          9|        222|     8805.146610|        469|00:00:02|+0.00|0.02|0.8840|
|=|         70|          9|        218|     8598.752564|        478|00:00:30|+0.00|0.02|0.8837|
|=|         71|          9|        218|     8490.455476|        487|00:00:29|+0.00|0.02|0.8821|
|=|         72|          9|        212|     9255.214120|        496|00:00:29|+0.01|0.02|0.8805|
|=|         73|          9|        222|     8357.454655|        505|00:00:01|+0.01|0.02|0.8803|
|=|         74|          9|        218|     8157.558262|        514|00:00:01|+0.01|0.02|0.8785|
|=|         75|          9|        222|     9346.536914|        523|00:00:01|+0.01|0.02|0.8801|
|=|         76|          9|        218|     9380.232944|        532|00:00:01|+0.01|0.02|0.8804|
|=|         77|          9|        222|     9111.691934|        541|00:00:31|+0.01|0.02|0.8801|
+-+-----------+-----------+-----------+----------------+-----------+--------+-----+----+------+
Best-so-far configuration:         222    mean value:      9111.691934
Description of the best-so-far configuration:
    .ID. particles topology modInfluence branching tSchedule phi1 phi2 inertia
222  222       174        4            0        NA        NA 1.47 2.34    0.42
    .PARENT.
222      212

# 2025-09-01 23:29:13 -04: Elite configurations (first number is the configuration ID; listed from best to worst according to the sum of ranks):
    particles topology modInfluence branching tSchedule phi1 phi2 inertia
222       174        4            0        NA        NA 1.47 2.34    0.42
218       184        4            0        NA        NA 1.46 2.32    0.48
212       175        4            0        NA        NA 1.48 2.28    0.46
215       185        4            0        NA        NA 1.43 2.23    0.41
175       188        4            0        NA        NA 1.49 2.31    0.44
# Total CPU user time: 54781.68, CPU sys time: 224.217, Wall-clock time: 6488.208
    .ID. particles topology modInfluence branching tSchedule phi1 phi2 inertia
222  222       174        4            0        NA        NA 1.47 2.34    0.42
218  218       184        4            0        NA        NA 1.46 2.32    0.48
212  212       175        4            0        NA        NA 1.48 2.28    0.46
215  215       185        4            0        NA        NA 1.43 2.23    0.41
175  175       188        4            0        NA        NA 1.49 2.31    0.44
    .PARENT. .RANK.   .WEIGHT.
222      212    347 0.33333333
218      192    348 0.26666667
212      175    352 0.20000000
215      175    382 0.13333333
175      146    391 0.06666667
